#
# There is insufficient memory for the Java Runtime Environment to continue.
# Native memory allocation (malloc) failed to allocate 1384816 bytes for Chunk::new
# Possible reasons:
#   The system is out of physical RAM or swap space
#   The process is running with CompressedOops enabled, and the Java Heap may be blocking the growth of the native heap
# Possible solutions:
#   Reduce memory load on the system
#   Increase physical memory or swap space
#   Check if swap backing store is full
#   Decrease Java heap size (-Xmx/-Xms)
#   Decrease number of Java threads
#   Decrease Java thread stack sizes (-Xss)
#   Set larger code cache with -XX:ReservedCodeCacheSize=
#   JVM is running with Unscaled Compressed Oops mode in which the Java heap is
#     placed in the first 4GB address space. The Java Heap base address is the
#     maximum limit for the native heap growth. Please use -XX:HeapBaseMinAddress
#     to set the Java Heap base and to place the Java Heap above 4GB virtual address.
# This output file may be truncated or incomplete.
#
#  Out of Memory Error (./src/hotspot/share/memory/arena.cpp:197), pid=15652, tid=26676
#
# JRE version: OpenJDK Runtime Environment (11.0.13) (build 11.0.13+0-b1751.21-8125866)
# Java VM: OpenJDK 64-Bit Server VM (11.0.13+0-b1751.21-8125866, mixed mode, tiered, compressed oops, g1 gc, windows-amd64)
# No core dump will be written. Minidumps are not enabled by default on client versions of Windows
#

---------------  S U M M A R Y ------------

Command Line: --add-opens=java.base/java.util=ALL-UNNAMED --add-opens=java.base/java.lang=ALL-UNNAMED --add-opens=java.base/java.lang.invoke=ALL-UNNAMED --add-opens=java.base/java.util=ALL-UNNAMED --add-opens=java.prefs/java.util.prefs=ALL-UNNAMED --add-opens=java.prefs/java.util.prefs=ALL-UNNAMED --add-opens=java.base/java.nio.charset=ALL-UNNAMED --add-opens=java.base/java.net=ALL-UNNAMED --add-opens=java.base/java.util.concurrent.atomic=ALL-UNNAMED -Xmx2048m -Dfile.encoding=UTF-8 -Duser.country=US -Duser.language=en -Duser.variant org.gradle.launcher.daemon.bootstrap.GradleDaemon 7.2

Host: AMD Ryzen 7 3700U with Radeon Vega Mobile Gfx  , 8 cores, 5G,  Windows 11 , 64 bit Build 22621 (10.0.22621.963)
Time: Thu Jan  5 12:47:09 2023 India Standard Time elapsed time: 33.604272 seconds (0d 0h 0m 33s)

---------------  T H R E A D  ---------------

Current thread (0x00000237e62b8000):  JavaThread "C2 CompilerThread0" daemon [_thread_in_native, id=26676, stack(0x0000008c95200000,0x0000008c95300000)]


Current CompileTask:
C2:  33604 7736       4       java.lang.Class::getMethodsRecursive (99 bytes)

Stack: [0x0000008c95200000,0x0000008c95300000]
Native frames: (J=compiled Java code, j=interpreted, Vv=VM code, C=native code)
V  [jvm.dll+0x6100fa]
V  [jvm.dll+0x747090]
V  [jvm.dll+0x7486ad]
V  [jvm.dll+0x748d83]
V  [jvm.dll+0x24ab48]
V  [jvm.dll+0xc04dc]
V  [jvm.dll+0xc0a0c]
V  [jvm.dll+0x35eb5b]
V  [jvm.dll+0x32b833]
V  [jvm.dll+0x32ad2a]
V  [jvm.dll+0x2032b2]
V  [jvm.dll+0x202437]
V  [jvm.dll+0x188e01]
V  [jvm.dll+0x21106b]
V  [jvm.dll+0x20f8c1]
V  [jvm.dll+0x70de0f]
V  [jvm.dll+0x706a75]
V  [jvm.dll+0x60ed66]
C  [ucrtbase.dll+0x29363]
C  [KERNEL32.DLL+0x126bd]
C  [ntdll.dll+0x5dfb8]


---------------  P R O C E S S  ---------------

Threads class SMR info:
_java_thread_list=0x00000237e7d9f540, length=122, elements={
0x00000237c9d9e000, 0x00000237e6297000, 0x00000237e6299000, 0x00000237e6c22800,
0x00000237e62b4000, 0x00000237e62b7000, 0x00000237e62b8000, 0x00000237e62bf800,
0x00000237e62c0800, 0x00000237e6d6a800, 0x00000237e843c000, 0x00000237e943d000,
0x00000237e9441000, 0x00000237e943c000, 0x00000237e943f800, 0x00000237e9440000,
0x00000237e943b800, 0x00000237e943d800, 0x00000237e9442000, 0x00000237e943e800,
0x00000237e8f23000, 0x00000237e8f22800, 0x00000237e8f21800, 0x00000237e8f20800,
0x00000237e8f24000, 0x00000237e8f1e000, 0x00000237e8f20000, 0x00000237e8f24800,
0x00000237e8f1f000, 0x00000237e8f29000, 0x00000237e8f29800, 0x00000237e8f2a800,
0x00000237e8f25800, 0x00000237e8f2c000, 0x00000237e8f26800, 0x00000237e8f2d000,
0x00000237e8f28000, 0x00000237e70ed800, 0x00000237e70eb000, 0x00000237e70f1800,
0x00000237e70ec000, 0x00000237e70ee000, 0x00000237e70ef000, 0x00000237e70ec800,
0x00000237e70f0800, 0x00000237e70f0000, 0x00000237ea654800, 0x00000237ea653000,
0x00000237ea651800, 0x00000237ea64f800, 0x00000237ea655800, 0x00000237ea654000,
0x00000237ea656000, 0x00000237ea650800, 0x00000237ea657000, 0x00000237ea658000,
0x00000237ea652000, 0x00000237ea65c000, 0x00000237ea65d000, 0x00000237ea65d800,
0x00000237ea65e800, 0x00000237ea658800, 0x00000237ea65b000, 0x00000237ea659800,
0x00000237ea65a800, 0x00000237ea662000, 0x00000237ea664800, 0x00000237ea665800,
0x00000237ea664000, 0x00000237ea660800, 0x00000237ea661800, 0x00000237ea663000,
0x00000237ea65f800, 0x00000237ea66c000, 0x00000237ea666000, 0x00000237ea66b000,
0x00000237ea66d000, 0x00000237ea668000, 0x00000237ea668800, 0x00000237ea667000,
0x00000237ea66e800, 0x00000237ea66d800, 0x00000237ea669800, 0x00000237ea66a800,
0x00000237e7eeb800, 0x00000237e7eea000, 0x00000237e7eee000, 0x00000237e7eeb000,
0x00000237e7ef0800, 0x00000237e7ef1800, 0x00000237e7eed000, 0x00000237e7eef000,
0x00000237e7eec800, 0x00000237e7ef3000, 0x00000237e7eef800, 0x00000237e7ef6000,
0x00000237e7ef5800, 0x00000237e7ef8000, 0x00000237e7ef2000, 0x00000237e7ef7000,
0x00000237e7ef8800, 0x00000237e7ef4000, 0x00000237e7ef4800, 0x00000237e7f02800,
0x00000237e7f03000, 0x00000237e7f04000, 0x00000237e7f07000, 0x00000237e7f06800,
0x00000237e7f01800, 0x00000237e7f04800, 0x00000237e7f0b800, 0x00000237e7f08000,
0x00000237e7f09000, 0x00000237e7f0a800, 0x00000237e7f05800, 0x00000237e7f0e800,
0x00000237e7f0c000, 0x00000237e7f0d000, 0x00000237e7f0d800, 0x00000237e7f0f800,
0x00000237e7f09800, 0x00000237e7f10000
}

Java Threads: ( => current thread )
  0x00000237c9d9e000 JavaThread "main" [_thread_blocked, id=27516, stack(0x0000008c94600000,0x0000008c94700000)]
  0x00000237e6297000 JavaThread "Reference Handler" daemon [_thread_blocked, id=25200, stack(0x0000008c94d00000,0x0000008c94e00000)]
  0x00000237e6299000 JavaThread "Finalizer" daemon [_thread_blocked, id=16400, stack(0x0000008c94e00000,0x0000008c94f00000)]
  0x00000237e6c22800 JavaThread "Signal Dispatcher" daemon [_thread_blocked, id=9440, stack(0x0000008c94f00000,0x0000008c95000000)]
  0x00000237e62b4000 JavaThread "Attach Listener" daemon [_thread_blocked, id=24652, stack(0x0000008c95000000,0x0000008c95100000)]
  0x00000237e62b7000 JavaThread "Service Thread" daemon [_thread_blocked, id=5532, stack(0x0000008c95100000,0x0000008c95200000)]
=>0x00000237e62b8000 JavaThread "C2 CompilerThread0" daemon [_thread_in_native, id=26676, stack(0x0000008c95200000,0x0000008c95300000)]
  0x00000237e62bf800 JavaThread "C1 CompilerThread0" daemon [_thread_blocked, id=15944, stack(0x0000008c95300000,0x0000008c95400000)]
  0x00000237e62c0800 JavaThread "Sweeper thread" daemon [_thread_blocked, id=18456, stack(0x0000008c95400000,0x0000008c95500000)]
  0x00000237e6d6a800 JavaThread "Common-Cleaner" daemon [_thread_blocked, id=25732, stack(0x0000008c95500000,0x0000008c95600000)]
  0x00000237e843c000 JavaThread "Daemon health stats" [_thread_blocked, id=8428, stack(0x0000008c95900000,0x0000008c95a00000)]
  0x00000237e943d000 JavaThread "Incoming local TCP Connector on port 56545" [_thread_in_native, id=19948, stack(0x0000008c95700000,0x0000008c95800000)]
  0x00000237e9441000 JavaThread "Daemon periodic checks" [_thread_blocked, id=15784, stack(0x0000008c95a00000,0x0000008c95b00000)]
  0x00000237e943c000 JavaThread "Daemon" [_thread_blocked, id=10548, stack(0x0000008c95b00000,0x0000008c95c00000)]
  0x00000237e943f800 JavaThread "Handler for socket connection from /127.0.0.1:56545 to /127.0.0.1:56546" [_thread_in_native, id=15132, stack(0x0000008c95c00000,0x0000008c95d00000)]
  0x00000237e9440000 JavaThread "Cancel handler" [_thread_blocked, id=17264, stack(0x0000008c96300000,0x0000008c96400000)]
  0x00000237e943b800 JavaThread "Daemon worker" [_thread_in_Java, id=17064, stack(0x0000008c96400000,0x0000008c96500000)]
  0x00000237e943d800 JavaThread "Asynchronous log dispatcher for DefaultDaemonConnection: socket connection from /127.0.0.1:56545 to /127.0.0.1:56546" [_thread_blocked, id=19572, stack(0x0000008c96500000,0x0000008c96600000)]
  0x00000237e9442000 JavaThread "Stdin handler" [_thread_blocked, id=14416, stack(0x0000008c96600000,0x0000008c96700000)]
  0x00000237e943e800 JavaThread "Daemon client event forwarder" [_thread_blocked, id=21680, stack(0x0000008c96700000,0x0000008c96800000)]
  0x00000237e8f23000 JavaThread "Cache worker for journal cache (C:\Users\Dell\.gradle\caches\journal-1)" [_thread_blocked, id=14804, stack(0x0000008c96800000,0x0000008c96900000)]
  0x00000237e8f22800 JavaThread "File lock request listener" [_thread_in_native, id=16596, stack(0x0000008c96900000,0x0000008c96a00000)]
  0x00000237e8f21800 JavaThread "Cache worker for file hash cache (C:\Users\Dell\.gradle\caches\7.2\fileHashes)" [_thread_blocked, id=19516, stack(0x0000008c96a00000,0x0000008c96b00000)]
  0x00000237e8f20800 JavaThread "Cache worker for file hash cache (D:\QuizeeGame\.gradle\7.2\fileHashes)" [_thread_blocked, id=13316, stack(0x0000008c96c00000,0x0000008c96d00000)]
  0x00000237e8f24000 JavaThread "File watcher server" daemon [_thread_in_native, id=10280, stack(0x0000008c96d00000,0x0000008c96e00000)]
  0x00000237e8f1e000 JavaThread "File watcher consumer" daemon [_thread_blocked, id=13056, stack(0x0000008c96e00000,0x0000008c96f00000)]
  0x00000237e8f20000 JavaThread "Cache worker for checksums cache (D:\QuizeeGame\.gradle\checksums)" [_thread_blocked, id=8124, stack(0x0000008c96f00000,0x0000008c97000000)]
  0x00000237e8f24800 JavaThread "Cache worker for cache directory md-supplier (C:\Users\Dell\.gradle\caches\7.2\md-supplier)" [_thread_blocked, id=13848, stack(0x0000008c97000000,0x0000008c97100000)]
  0x00000237e8f1f000 JavaThread "Cache worker for cache directory md-rule (C:\Users\Dell\.gradle\caches\7.2\md-rule)" [_thread_blocked, id=12788, stack(0x0000008c97100000,0x0000008c97200000)]
  0x00000237e8f29000 JavaThread "Cache worker for execution history cache (C:\Users\Dell\.gradle\caches\7.2\executionHistory)" [_thread_blocked, id=2248, stack(0x0000008c97200000,0x0000008c97300000)]
  0x00000237e8f29800 JavaThread "jar transforms" [_thread_blocked, id=24588, stack(0x0000008c97300000,0x0000008c97400000)]
  0x00000237e8f2a800 JavaThread "Cache worker for file content cache (C:\Users\Dell\.gradle\caches\7.2\fileContent)" [_thread_blocked, id=112, stack(0x0000008c97400000,0x0000008c97500000)]
  0x00000237e8f25800 JavaThread "jar transforms Thread 2" [_thread_blocked, id=18068, stack(0x0000008c97500000,0x0000008c97600000)]
  0x00000237e8f2c000 JavaThread "Cache worker for dependencies-accessors (D:\QuizeeGame\.gradle\7.2\dependencies-accessors)" [_thread_blocked, id=5932, stack(0x0000008c97600000,0x0000008c97700000)]
  0x00000237e8f26800 JavaThread "jar transforms Thread 3" [_thread_blocked, id=7084, stack(0x0000008c97700000,0x0000008c97800000)]
  0x00000237e8f2d000 JavaThread "Cache worker for Build Output Cleanup Cache (D:\QuizeeGame\.gradle\buildOutputCleanup)" [_thread_blocked, id=22540, stack(0x0000008c97800000,0x0000008c97900000)]
  0x00000237e8f28000 JavaThread "Unconstrained build operations" [_thread_blocked, id=7380, stack(0x0000008c97900000,0x0000008c97a00000)]
  0x00000237e70ed800 JavaThread "Unconstrained build operations Thread 2" [_thread_blocked, id=17644, stack(0x0000008c97a00000,0x0000008c97b00000)]
  0x00000237e70eb000 JavaThread "Unconstrained build operations Thread 3" [_thread_blocked, id=22348, stack(0x0000008c97b00000,0x0000008c97c00000)]
  0x00000237e70f1800 JavaThread "Unconstrained build operations Thread 4" [_thread_blocked, id=26224, stack(0x0000008c97c00000,0x0000008c97d00000)]
  0x00000237e70ec000 JavaThread "Unconstrained build operations Thread 5" [_thread_blocked, id=11552, stack(0x0000008c97d00000,0x0000008c97e00000)]
  0x00000237e70ee000 JavaThread "Unconstrained build operations Thread 6" [_thread_blocked, id=22284, stack(0x0000008c97e00000,0x0000008c97f00000)]
  0x00000237e70ef000 JavaThread "Unconstrained build operations Thread 7" [_thread_blocked, id=14352, stack(0x0000008c97f00000,0x0000008c98000000)]
  0x00000237e70ec800 JavaThread "Unconstrained build operations Thread 8" [_thread_blocked, id=26524, stack(0x0000008c98000000,0x0000008c98100000)]
  0x00000237e70f0800 JavaThread "Unconstrained build operations Thread 9" [_thread_blocked, id=13640, stack(0x0000008c98100000,0x0000008c98200000)]
  0x00000237e70f0000 JavaThread "Unconstrained build operations Thread 10" [_thread_blocked, id=14644, stack(0x0000008c98200000,0x0000008c98300000)]
  0x00000237ea654800 JavaThread "Unconstrained build operations Thread 11" [_thread_blocked, id=3944, stack(0x0000008c98300000,0x0000008c98400000)]
  0x00000237ea653000 JavaThread "Unconstrained build operations Thread 12" [_thread_blocked, id=18224, stack(0x0000008c98400000,0x0000008c98500000)]
  0x00000237ea651800 JavaThread "Unconstrained build operations Thread 13" [_thread_blocked, id=632, stack(0x0000008c98500000,0x0000008c98600000)]
  0x00000237ea64f800 JavaThread "Unconstrained build operations Thread 14" [_thread_blocked, id=25024, stack(0x0000008c98600000,0x0000008c98700000)]
  0x00000237ea655800 JavaThread "Unconstrained build operations Thread 15" [_thread_blocked, id=23836, stack(0x0000008c98700000,0x0000008c98800000)]
  0x00000237ea654000 JavaThread "Unconstrained build operations Thread 16" [_thread_blocked, id=14064, stack(0x0000008c98800000,0x0000008c98900000)]
  0x00000237ea656000 JavaThread "Unconstrained build operations Thread 17" [_thread_blocked, id=11576, stack(0x0000008c98900000,0x0000008c98a00000)]
  0x00000237ea650800 JavaThread "Unconstrained build operations Thread 18" [_thread_blocked, id=21488, stack(0x0000008c98a00000,0x0000008c98b00000)]
  0x00000237ea657000 JavaThread "Unconstrained build operations Thread 19" [_thread_blocked, id=17704, stack(0x0000008c98b00000,0x0000008c98c00000)]
  0x00000237ea658000 JavaThread "Unconstrained build operations Thread 20" [_thread_blocked, id=8752, stack(0x0000008c98c00000,0x0000008c98d00000)]
  0x00000237ea652000 JavaThread "Unconstrained build operations Thread 21" [_thread_blocked, id=7676, stack(0x0000008c98d00000,0x0000008c98e00000)]
  0x00000237ea65c000 JavaThread "Unconstrained build operations Thread 22" [_thread_blocked, id=11572, stack(0x0000008c98e00000,0x0000008c98f00000)]
  0x00000237ea65d000 JavaThread "Unconstrained build operations Thread 23" [_thread_blocked, id=25784, stack(0x0000008c98f00000,0x0000008c99000000)]
  0x00000237ea65d800 JavaThread "Unconstrained build operations Thread 24" [_thread_blocked, id=24748, stack(0x0000008c99000000,0x0000008c99100000)]
  0x00000237ea65e800 JavaThread "Unconstrained build operations Thread 25" [_thread_blocked, id=25512, stack(0x0000008c99100000,0x0000008c99200000)]
  0x00000237ea658800 JavaThread "Unconstrained build operations Thread 26" [_thread_blocked, id=14196, stack(0x0000008c99200000,0x0000008c99300000)]
  0x00000237ea65b000 JavaThread "Unconstrained build operations Thread 27" [_thread_blocked, id=20668, stack(0x0000008c99300000,0x0000008c99400000)]
  0x00000237ea659800 JavaThread "Unconstrained build operations Thread 28" [_thread_blocked, id=9420, stack(0x0000008c99400000,0x0000008c99500000)]
  0x00000237ea65a800 JavaThread "Unconstrained build operations Thread 29" [_thread_blocked, id=10932, stack(0x0000008c99500000,0x0000008c99600000)]
  0x00000237ea662000 JavaThread "Unconstrained build operations Thread 30" [_thread_blocked, id=14480, stack(0x0000008c99600000,0x0000008c99700000)]
  0x00000237ea664800 JavaThread "Unconstrained build operations Thread 31" [_thread_blocked, id=23496, stack(0x0000008c99700000,0x0000008c99800000)]
  0x00000237ea665800 JavaThread "Unconstrained build operations Thread 32" [_thread_blocked, id=25968, stack(0x0000008c99800000,0x0000008c99900000)]
  0x00000237ea664000 JavaThread "Unconstrained build operations Thread 33" [_thread_blocked, id=12636, stack(0x0000008c99900000,0x0000008c99a00000)]
  0x00000237ea660800 JavaThread "Unconstrained build operations Thread 34" [_thread_blocked, id=11068, stack(0x0000008c99a00000,0x0000008c99b00000)]
  0x00000237ea661800 JavaThread "Unconstrained build operations Thread 35" [_thread_blocked, id=12296, stack(0x0000008c99b00000,0x0000008c99c00000)]
  0x00000237ea663000 JavaThread "Unconstrained build operations Thread 36" [_thread_blocked, id=1628, stack(0x0000008c99c00000,0x0000008c99d00000)]
  0x00000237ea65f800 JavaThread "Unconstrained build operations Thread 37" [_thread_blocked, id=10788, stack(0x0000008c99d00000,0x0000008c99e00000)]
  0x00000237ea66c000 JavaThread "Unconstrained build operations Thread 38" [_thread_blocked, id=11592, stack(0x0000008c99e00000,0x0000008c99f00000)]
  0x00000237ea666000 JavaThread "Unconstrained build operations Thread 39" [_thread_blocked, id=1976, stack(0x0000008c99f00000,0x0000008c9a000000)]
  0x00000237ea66b000 JavaThread "Unconstrained build operations Thread 40" [_thread_blocked, id=21808, stack(0x0000008c9a000000,0x0000008c9a100000)]
  0x00000237ea66d000 JavaThread "Unconstrained build operations Thread 41" [_thread_blocked, id=21768, stack(0x0000008c9a100000,0x0000008c9a200000)]
  0x00000237ea668000 JavaThread "Unconstrained build operations Thread 42" [_thread_blocked, id=10324, stack(0x0000008c9a200000,0x0000008c9a300000)]
  0x00000237ea668800 JavaThread "Unconstrained build operations Thread 43" [_thread_blocked, id=9936, stack(0x0000008c9a300000,0x0000008c9a400000)]
  0x00000237ea667000 JavaThread "Unconstrained build operations Thread 44" [_thread_blocked, id=22524, stack(0x0000008c9a400000,0x0000008c9a500000)]
  0x00000237ea66e800 JavaThread "Unconstrained build operations Thread 45" [_thread_blocked, id=27592, stack(0x0000008c9a500000,0x0000008c9a600000)]
  0x00000237ea66d800 JavaThread "Unconstrained build operations Thread 46" [_thread_blocked, id=18256, stack(0x0000008c9a600000,0x0000008c9a700000)]
  0x00000237ea669800 JavaThread "Unconstrained build operations Thread 47" [_thread_blocked, id=21452, stack(0x0000008c9a700000,0x0000008c9a800000)]
  0x00000237ea66a800 JavaThread "Unconstrained build operations Thread 48" [_thread_blocked, id=11756, stack(0x0000008c9a800000,0x0000008c9a900000)]
  0x00000237e7eeb800 JavaThread "Unconstrained build operations Thread 49" [_thread_blocked, id=20756, stack(0x0000008c9a900000,0x0000008c9aa00000)]
  0x00000237e7eea000 JavaThread "Unconstrained build operations Thread 50" [_thread_blocked, id=24152, stack(0x0000008c9aa00000,0x0000008c9ab00000)]
  0x00000237e7eee000 JavaThread "Unconstrained build operations Thread 51" [_thread_blocked, id=20476, stack(0x0000008c9ab00000,0x0000008c9ac00000)]
  0x00000237e7eeb000 JavaThread "Unconstrained build operations Thread 52" [_thread_blocked, id=21668, stack(0x0000008c9ac00000,0x0000008c9ad00000)]
  0x00000237e7ef0800 JavaThread "Unconstrained build operations Thread 53" [_thread_blocked, id=19004, stack(0x0000008c9ad00000,0x0000008c9ae00000)]
  0x00000237e7ef1800 JavaThread "Unconstrained build operations Thread 54" [_thread_blocked, id=15600, stack(0x0000008c9ae00000,0x0000008c9af00000)]
  0x00000237e7eed000 JavaThread "Unconstrained build operations Thread 55" [_thread_blocked, id=2752, stack(0x0000008c9af00000,0x0000008c9b000000)]
  0x00000237e7eef000 JavaThread "Unconstrained build operations Thread 56" [_thread_blocked, id=18760, stack(0x0000008c9b000000,0x0000008c9b100000)]
  0x00000237e7eec800 JavaThread "Unconstrained build operations Thread 57" [_thread_blocked, id=22776, stack(0x0000008c9b100000,0x0000008c9b200000)]
  0x00000237e7ef3000 JavaThread "Unconstrained build operations Thread 58" [_thread_blocked, id=26440, stack(0x0000008c9b200000,0x0000008c9b300000)]
  0x00000237e7eef800 JavaThread "Unconstrained build operations Thread 59" [_thread_blocked, id=27420, stack(0x0000008c9b300000,0x0000008c9b400000)]
  0x00000237e7ef6000 JavaThread "Unconstrained build operations Thread 60" [_thread_blocked, id=23916, stack(0x0000008c9b400000,0x0000008c9b500000)]
  0x00000237e7ef5800 JavaThread "Unconstrained build operations Thread 61" [_thread_blocked, id=9864, stack(0x0000008c9b500000,0x0000008c9b600000)]
  0x00000237e7ef8000 JavaThread "Unconstrained build operations Thread 62" [_thread_blocked, id=13036, stack(0x0000008c9b600000,0x0000008c9b700000)]
  0x00000237e7ef2000 JavaThread "Unconstrained build operations Thread 63" [_thread_blocked, id=23660, stack(0x0000008c9b700000,0x0000008c9b800000)]
  0x00000237e7ef7000 JavaThread "Unconstrained build operations Thread 64" [_thread_blocked, id=17864, stack(0x0000008c9b800000,0x0000008c9b900000)]
  0x00000237e7ef8800 JavaThread "Unconstrained build operations Thread 65" [_thread_blocked, id=13992, stack(0x0000008c9b900000,0x0000008c9ba00000)]
  0x00000237e7ef4000 JavaThread "Unconstrained build operations Thread 66" [_thread_blocked, id=15272, stack(0x0000008c9ba00000,0x0000008c9bb00000)]
  0x00000237e7ef4800 JavaThread "Unconstrained build operations Thread 67" [_thread_blocked, id=16860, stack(0x0000008c9bb00000,0x0000008c9bc00000)]
  0x00000237e7f02800 JavaThread "Unconstrained build operations Thread 68" [_thread_blocked, id=13872, stack(0x0000008c9bc00000,0x0000008c9bd00000)]
  0x00000237e7f03000 JavaThread "Unconstrained build operations Thread 69" [_thread_blocked, id=6004, stack(0x0000008c9bd00000,0x0000008c9be00000)]
  0x00000237e7f04000 JavaThread "Unconstrained build operations Thread 70" [_thread_blocked, id=3252, stack(0x0000008c9be00000,0x0000008c9bf00000)]
  0x00000237e7f07000 JavaThread "Unconstrained build operations Thread 71" [_thread_blocked, id=11872, stack(0x0000008c9bf00000,0x0000008c9c000000)]
  0x00000237e7f06800 JavaThread "Unconstrained build operations Thread 72" [_thread_blocked, id=524, stack(0x0000008c9c000000,0x0000008c9c100000)]
  0x00000237e7f01800 JavaThread "Unconstrained build operations Thread 73" [_thread_blocked, id=5832, stack(0x0000008c9c100000,0x0000008c9c200000)]
  0x00000237e7f04800 JavaThread "Unconstrained build operations Thread 74" [_thread_blocked, id=25352, stack(0x0000008c9c200000,0x0000008c9c300000)]
  0x00000237e7f0b800 JavaThread "Unconstrained build operations Thread 75" [_thread_blocked, id=24124, stack(0x0000008c9c300000,0x0000008c9c400000)]
  0x00000237e7f08000 JavaThread "Unconstrained build operations Thread 76" [_thread_blocked, id=16712, stack(0x0000008c9c400000,0x0000008c9c500000)]
  0x00000237e7f09000 JavaThread "Unconstrained build operations Thread 77" [_thread_blocked, id=12504, stack(0x0000008c9c500000,0x0000008c9c600000)]
  0x00000237e7f0a800 JavaThread "Unconstrained build operations Thread 78" [_thread_blocked, id=7828, stack(0x0000008c9c600000,0x0000008c9c700000)]
  0x00000237e7f05800 JavaThread "Unconstrained build operations Thread 79" [_thread_blocked, id=264, stack(0x0000008c9c700000,0x0000008c9c800000)]
  0x00000237e7f0e800 JavaThread "Unconstrained build operations Thread 80" [_thread_blocked, id=14880, stack(0x0000008c9c800000,0x0000008c9c900000)]
  0x00000237e7f0c000 JavaThread "jar transforms Thread 4" [_thread_blocked, id=10640, stack(0x0000008c9c900000,0x0000008c9ca00000)]
  0x00000237e7f0d000 JavaThread "jar transforms Thread 5" [_thread_blocked, id=26192, stack(0x0000008c9ca00000,0x0000008c9cb00000)]
  0x00000237e7f0d800 JavaThread "jar transforms Thread 6" [_thread_blocked, id=14700, stack(0x0000008c9cb00000,0x0000008c9cc00000)]
  0x00000237e7f0f800 JavaThread "jar transforms Thread 7" [_thread_blocked, id=9392, stack(0x0000008c9cc00000,0x0000008c9cd00000)]
  0x00000237e7f09800 JavaThread "jar transforms Thread 8" [_thread_blocked, id=26404, stack(0x0000008c9cd00000,0x0000008c9ce00000)]
  0x00000237e7f10000 JavaThread "Memory manager" [_thread_blocked, id=17868, stack(0x0000008c9ce00000,0x0000008c9cf00000)]

Other Threads:
  0x00000237e6292800 VMThread "VM Thread" [stack: 0x0000008c94c00000,0x0000008c94d00000] [id=12592]
  0x00000237e6d9d800 WatcherThread [stack: 0x0000008c95600000,0x0000008c95700000] [id=21280]
  0x00000237cbe03800 GCTaskThread "GC Thread#0" [stack: 0x0000008c94700000,0x0000008c94800000] [id=16472]
  0x00000237e7887800 GCTaskThread "GC Thread#1" [stack: 0x0000008c95800000,0x0000008c95900000] [id=26920]
  0x00000237e86bc000 GCTaskThread "GC Thread#2" [stack: 0x0000008c95d00000,0x0000008c95e00000] [id=8356]
  0x00000237e86bc800 GCTaskThread "GC Thread#3" [stack: 0x0000008c95e00000,0x0000008c95f00000] [id=22808]
  0x00000237e8dad000 GCTaskThread "GC Thread#4" [stack: 0x0000008c95f00000,0x0000008c96000000] [id=4348]
  0x00000237e9f62800 GCTaskThread "GC Thread#5" [stack: 0x0000008c96000000,0x0000008c96100000] [id=7116]
  0x00000237e9f63000 GCTaskThread "GC Thread#6" [stack: 0x0000008c96100000,0x0000008c96200000] [id=23656]
  0x00000237e8420800 GCTaskThread "GC Thread#7" [stack: 0x0000008c96200000,0x0000008c96300000] [id=13104]
  0x00000237cbe36800 ConcurrentGCThread "G1 Main Marker" [stack: 0x0000008c94800000,0x0000008c94900000] [id=9372]
  0x00000237cbe37800 ConcurrentGCThread "G1 Conc#0" [stack: 0x0000008c94900000,0x0000008c94a00000] [id=9680]
  0x00000237e7e58800 ConcurrentGCThread "G1 Conc#1" [stack: 0x0000008c96b00000,0x0000008c96c00000] [id=25240]
  0x00000237e60f0800 ConcurrentGCThread "G1 Refine#0" [stack: 0x0000008c94a00000,0x0000008c94b00000] [id=17056]
  0x00000237e60f1800 ConcurrentGCThread "G1 Young RemSet Sampling" [stack: 0x0000008c94b00000,0x0000008c94c00000] [id=13952]

Threads with active compile tasks:
C2 CompilerThread0  33652 7736       4       java.lang.Class::getMethodsRecursive (99 bytes)

VM state:not at safepoint (normal execution)

VM Mutex/Monitor currently owned by a thread: None

Heap address: 0x0000000080000000, size: 2048 MB, Compressed Oops mode: 32-bit
Narrow klass base: 0x0000000000000000, Narrow klass shift: 3
Compressed class space size: 1073741824 Address: 0x0000000100000000

Heap:
 garbage-first heap   total 206848K, used 70204K [0x0000000080000000, 0x0000000100000000)
  region size 1024K, 22 young (22528K), 9 survivors (9216K)
 Metaspace       used 66866K, capacity 68470K, committed 68616K, reserved 1110016K
  class space    used 8290K, capacity 8878K, committed 8960K, reserved 1048576K
Heap Regions: E=young(eden), S=young(survivor), O=old, HS=humongous(starts), HC=humongous(continues), CS=collection set, F=free, A=archive, TAMS=top-at-mark-start (previous, next)
|   0|0x0000000080000000, 0x0000000080100000, 0x0000000080100000|100%| O|  |TAMS 0x0000000080100000, 0x0000000080000000| Untracked 
|   1|0x0000000080100000, 0x0000000080200000, 0x0000000080200000|100%| O|  |TAMS 0x0000000080200000, 0x0000000080100000| Untracked 
|   2|0x0000000080200000, 0x0000000080300000, 0x0000000080300000|100%| O|  |TAMS 0x0000000080300000, 0x0000000080200000| Untracked 
|   3|0x0000000080300000, 0x0000000080400000, 0x0000000080400000|100%|HS|  |TAMS 0x0000000080400000, 0x0000000080300000| Complete 
|   4|0x0000000080400000, 0x0000000080500000, 0x0000000080500000|100%|HC|  |TAMS 0x0000000080500000, 0x0000000080400000| Complete 
|   5|0x0000000080500000, 0x0000000080600000, 0x0000000080600000|100%|HC|  |TAMS 0x0000000080600000, 0x0000000080500000| Complete 
|   6|0x0000000080600000, 0x0000000080700000, 0x0000000080700000|100%| O|  |TAMS 0x0000000080700000, 0x0000000080600000| Untracked 
|   7|0x0000000080700000, 0x0000000080800000, 0x0000000080800000|100%| O|  |TAMS 0x0000000080800000, 0x0000000080700000| Untracked 
|   8|0x0000000080800000, 0x0000000080900000, 0x0000000080900000|100%| O|  |TAMS 0x0000000080900000, 0x0000000080800000| Untracked 
|   9|0x0000000080900000, 0x0000000080a00000, 0x0000000080a00000|100%| O|  |TAMS 0x0000000080a00000, 0x0000000080900000| Untracked 
|  10|0x0000000080a00000, 0x0000000080b00000, 0x0000000080b00000|100%| O|  |TAMS 0x0000000080b00000, 0x0000000080a00000| Untracked 
|  11|0x0000000080b00000, 0x0000000080c00000, 0x0000000080c00000|100%| O|  |TAMS 0x0000000080c00000, 0x0000000080b00000| Untracked 
|  12|0x0000000080c00000, 0x0000000080d00000, 0x0000000080d00000|100%| O|  |TAMS 0x0000000080d00000, 0x0000000080c00000| Untracked 
|  13|0x0000000080d00000, 0x0000000080e00000, 0x0000000080e00000|100%| O|  |TAMS 0x0000000080e00000, 0x0000000080d00000| Untracked 
|  14|0x0000000080e00000, 0x0000000080f00000, 0x0000000080f00000|100%| O|  |TAMS 0x0000000080f00000, 0x0000000080e00000| Untracked 
|  15|0x0000000080f00000, 0x0000000081000000, 0x0000000081000000|100%| O|  |TAMS 0x0000000081000000, 0x0000000080f00000| Untracked 
|  16|0x0000000081000000, 0x0000000081100000, 0x0000000081100000|100%| O|  |TAMS 0x0000000081100000, 0x0000000081000000| Untracked 
|  17|0x0000000081100000, 0x0000000081200000, 0x0000000081200000|100%| O|  |TAMS 0x0000000081200000, 0x0000000081100000| Untracked 
|  18|0x0000000081200000, 0x0000000081300000, 0x0000000081300000|100%| O|  |TAMS 0x0000000081300000, 0x0000000081200000| Untracked 
|  19|0x0000000081300000, 0x0000000081400000, 0x0000000081400000|100%| O|  |TAMS 0x0000000081400000, 0x0000000081300000| Untracked 
|  20|0x0000000081400000, 0x0000000081500000, 0x0000000081500000|100%| O|  |TAMS 0x0000000081500000, 0x0000000081400000| Untracked 
|  21|0x0000000081500000, 0x0000000081600000, 0x0000000081600000|100%| O|  |TAMS 0x0000000081600000, 0x0000000081500000| Untracked 
|  22|0x0000000081600000, 0x0000000081700000, 0x0000000081700000|100%| O|  |TAMS 0x0000000081700000, 0x0000000081600000| Untracked 
|  23|0x0000000081700000, 0x0000000081800000, 0x0000000081800000|100%| O|  |TAMS 0x0000000081800000, 0x0000000081700000| Untracked 
|  24|0x0000000081800000, 0x0000000081900000, 0x0000000081900000|100%| O|  |TAMS 0x0000000081900000, 0x0000000081800000| Untracked 
|  25|0x0000000081900000, 0x0000000081a00000, 0x0000000081a00000|100%| O|  |TAMS 0x0000000081a00000, 0x0000000081900000| Untracked 
|  26|0x0000000081a00000, 0x0000000081b00000, 0x0000000081b00000|100%| O|  |TAMS 0x0000000081b00000, 0x0000000081a00000| Untracked 
|  27|0x0000000081b00000, 0x0000000081c00000, 0x0000000081c00000|100%| O|  |TAMS 0x0000000081c00000, 0x0000000081b00000| Untracked 
|  28|0x0000000081c00000, 0x0000000081d00000, 0x0000000081d00000|100%| O|  |TAMS 0x0000000081c61e00, 0x0000000081c00000| Untracked 
|  29|0x0000000081d00000, 0x0000000081e00000, 0x0000000081e00000|100%|HS|  |TAMS 0x0000000081e00000, 0x0000000081d00000| Complete 
|  30|0x0000000081e00000, 0x0000000081f00000, 0x0000000081f00000|100%| O|  |TAMS 0x0000000081f00000, 0x0000000081e00000| Untracked 
|  31|0x0000000081f00000, 0x0000000082000000, 0x0000000082000000|100%| O|  |TAMS 0x0000000082000000, 0x0000000081f00000| Untracked 
|  32|0x0000000082000000, 0x0000000082100000, 0x0000000082100000|100%| O|  |TAMS 0x0000000082100000, 0x0000000082000000| Untracked 
|  33|0x0000000082100000, 0x0000000082200000, 0x0000000082200000|100%| O|  |TAMS 0x0000000082200000, 0x0000000082100000| Untracked 
|  34|0x0000000082200000, 0x0000000082300000, 0x0000000082300000|100%|HS|  |TAMS 0x0000000082300000, 0x0000000082200000| Complete 
|  35|0x0000000082300000, 0x0000000082400000, 0x0000000082400000|100%| O|  |TAMS 0x0000000082400000, 0x0000000082300000| Untracked 
|  36|0x0000000082400000, 0x0000000082500000, 0x0000000082500000|100%|HS|  |TAMS 0x0000000082500000, 0x0000000082400000| Complete 
|  37|0x0000000082500000, 0x0000000082500000, 0x0000000082600000|  0%| F|  |TAMS 0x0000000082500000, 0x0000000082500000| Untracked 
|  38|0x0000000082600000, 0x0000000082700000, 0x0000000082700000|100%| O|  |TAMS 0x0000000082700000, 0x0000000082600000| Untracked 
|  39|0x0000000082700000, 0x0000000082800000, 0x0000000082800000|100%|HS|  |TAMS 0x0000000082800000, 0x0000000082700000| Complete 
|  40|0x0000000082800000, 0x0000000082900000, 0x0000000082900000|100%|HC|  |TAMS 0x0000000082900000, 0x0000000082800000| Complete 
|  41|0x0000000082900000, 0x0000000082a00000, 0x0000000082a00000|100%| O|  |TAMS 0x0000000082900000, 0x0000000082900000| Untracked 
|  42|0x0000000082a00000, 0x0000000082b00000, 0x0000000082b00000|100%| O|  |TAMS 0x0000000082a00000, 0x0000000082a00000| Untracked 
|  43|0x0000000082b00000, 0x0000000082c00000, 0x0000000082c00000|100%| O|  |TAMS 0x0000000082b00000, 0x0000000082b00000| Untracked 
|  44|0x0000000082c00000, 0x0000000082d00000, 0x0000000082d00000|100%| O|  |TAMS 0x0000000082c00000, 0x0000000082c00000| Untracked 
|  45|0x0000000082d00000, 0x0000000082e00000, 0x0000000082e00000|100%| O|  |TAMS 0x0000000082d00000, 0x0000000082d00000| Untracked 
|  46|0x0000000082e00000, 0x0000000082f00000, 0x0000000082f00000|100%| O|  |TAMS 0x0000000082e00000, 0x0000000082e00000| Untracked 
|  47|0x0000000082f00000, 0x0000000083000000, 0x0000000083000000|100%| O|  |TAMS 0x0000000082f00000, 0x0000000082f00000| Untracked 
|  48|0x0000000083000000, 0x0000000083100000, 0x0000000083100000|100%| O|  |TAMS 0x0000000083000000, 0x0000000083000000| Untracked 
|  49|0x0000000083100000, 0x0000000083144800, 0x0000000083200000| 26%| O|  |TAMS 0x0000000083100000, 0x0000000083100000| Untracked 
|  50|0x0000000083200000, 0x0000000083200000, 0x0000000083300000|  0%| F|  |TAMS 0x0000000083200000, 0x0000000083200000| Untracked 
|  51|0x0000000083300000, 0x0000000083300000, 0x0000000083400000|  0%| F|  |TAMS 0x0000000083300000, 0x0000000083300000| Untracked 
|  52|0x0000000083400000, 0x0000000083400000, 0x0000000083500000|  0%| F|  |TAMS 0x0000000083400000, 0x0000000083400000| Untracked 
|  53|0x0000000083500000, 0x0000000083500000, 0x0000000083600000|  0%| F|  |TAMS 0x0000000083500000, 0x0000000083500000| Untracked 
|  54|0x0000000083600000, 0x0000000083600000, 0x0000000083700000|  0%| F|  |TAMS 0x0000000083600000, 0x0000000083600000| Untracked 
|  55|0x0000000083700000, 0x0000000083700000, 0x0000000083800000|  0%| F|  |TAMS 0x0000000083700000, 0x0000000083700000| Untracked 
|  56|0x0000000083800000, 0x0000000083800000, 0x0000000083900000|  0%| F|  |TAMS 0x0000000083800000, 0x0000000083800000| Untracked 
|  57|0x0000000083900000, 0x0000000083900000, 0x0000000083a00000|  0%| F|  |TAMS 0x0000000083900000, 0x0000000083900000| Untracked 
|  58|0x0000000083a00000, 0x0000000083a00000, 0x0000000083b00000|  0%| F|  |TAMS 0x0000000083a00000, 0x0000000083a00000| Untracked 
|  59|0x0000000083b00000, 0x0000000083b00000, 0x0000000083c00000|  0%| F|  |TAMS 0x0000000083b00000, 0x0000000083b00000| Untracked 
|  60|0x0000000083c00000, 0x0000000083c00000, 0x0000000083d00000|  0%| F|  |TAMS 0x0000000083c00000, 0x0000000083c00000| Untracked 
|  61|0x0000000083d00000, 0x0000000083d00000, 0x0000000083e00000|  0%| F|  |TAMS 0x0000000083d00000, 0x0000000083d00000| Untracked 
|  62|0x0000000083e00000, 0x0000000083e00000, 0x0000000083f00000|  0%| F|  |TAMS 0x0000000083e00000, 0x0000000083e00000| Untracked 
|  63|0x0000000083f00000, 0x0000000083f00000, 0x0000000084000000|  0%| F|  |TAMS 0x0000000083f00000, 0x0000000083f00000| Untracked 
|  64|0x0000000084000000, 0x0000000084000000, 0x0000000084100000|  0%| F|  |TAMS 0x0000000084000000, 0x0000000084000000| Untracked 
|  65|0x0000000084100000, 0x0000000084100000, 0x0000000084200000|  0%| F|  |TAMS 0x0000000084100000, 0x0000000084100000| Untracked 
|  66|0x0000000084200000, 0x0000000084200000, 0x0000000084300000|  0%| F|  |TAMS 0x0000000084200000, 0x0000000084200000| Untracked 
|  67|0x0000000084300000, 0x0000000084300000, 0x0000000084400000|  0%| F|  |TAMS 0x0000000084300000, 0x0000000084300000| Untracked 
|  68|0x0000000084400000, 0x0000000084400000, 0x0000000084500000|  0%| F|  |TAMS 0x0000000084400000, 0x0000000084400000| Untracked 
|  69|0x0000000084500000, 0x0000000084500000, 0x0000000084600000|  0%| F|  |TAMS 0x0000000084500000, 0x0000000084500000| Untracked 
|  70|0x0000000084600000, 0x0000000084600000, 0x0000000084700000|  0%| F|  |TAMS 0x0000000084600000, 0x0000000084600000| Untracked 
|  71|0x0000000084700000, 0x0000000084700000, 0x0000000084800000|  0%| F|  |TAMS 0x0000000084700000, 0x0000000084700000| Untracked 
|  72|0x0000000084800000, 0x0000000084800000, 0x0000000084900000|  0%| F|  |TAMS 0x0000000084800000, 0x0000000084800000| Untracked 
|  73|0x0000000084900000, 0x0000000084900000, 0x0000000084a00000|  0%| F|  |TAMS 0x0000000084900000, 0x0000000084900000| Untracked 
|  74|0x0000000084a00000, 0x0000000084a00000, 0x0000000084b00000|  0%| F|  |TAMS 0x0000000084a00000, 0x0000000084a00000| Untracked 
|  75|0x0000000084b00000, 0x0000000084b00000, 0x0000000084c00000|  0%| F|  |TAMS 0x0000000084b00000, 0x0000000084b00000| Untracked 
|  76|0x0000000084c00000, 0x0000000084c4a910, 0x0000000084d00000| 29%| S|CS|TAMS 0x0000000084c00000, 0x0000000084c00000| Complete 
|  77|0x0000000084d00000, 0x0000000084e00000, 0x0000000084e00000|100%| S|CS|TAMS 0x0000000084d00000, 0x0000000084d00000| Complete 
|  78|0x0000000084e00000, 0x0000000084f00000, 0x0000000084f00000|100%| S|CS|TAMS 0x0000000084e00000, 0x0000000084e00000| Complete 
|  79|0x0000000084f00000, 0x0000000085000000, 0x0000000085000000|100%| S|CS|TAMS 0x0000000084f00000, 0x0000000084f00000| Complete 
|  80|0x0000000085000000, 0x0000000085100000, 0x0000000085100000|100%| S|CS|TAMS 0x0000000085000000, 0x0000000085000000| Complete 
|  81|0x0000000085100000, 0x0000000085200000, 0x0000000085200000|100%| S|CS|TAMS 0x0000000085100000, 0x0000000085100000| Complete 
|  82|0x0000000085200000, 0x0000000085300000, 0x0000000085300000|100%| S|CS|TAMS 0x0000000085200000, 0x0000000085200000| Complete 
|  83|0x0000000085300000, 0x0000000085400000, 0x0000000085400000|100%| S|CS|TAMS 0x0000000085300000, 0x0000000085300000| Complete 
|  84|0x0000000085400000, 0x0000000085500000, 0x0000000085500000|100%| S|CS|TAMS 0x0000000085400000, 0x0000000085400000| Complete 
|  85|0x0000000085500000, 0x0000000085500000, 0x0000000085600000|  0%| F|  |TAMS 0x0000000085500000, 0x0000000085500000| Untracked 
|  86|0x0000000085600000, 0x0000000085600000, 0x0000000085700000|  0%| F|  |TAMS 0x0000000085600000, 0x0000000085600000| Untracked 
|  87|0x0000000085700000, 0x0000000085700000, 0x0000000085800000|  0%| F|  |TAMS 0x0000000085700000, 0x0000000085700000| Untracked 
|  88|0x0000000085800000, 0x0000000085800000, 0x0000000085900000|  0%| F|  |TAMS 0x0000000085800000, 0x0000000085800000| Untracked 
|  89|0x0000000085900000, 0x0000000085900000, 0x0000000085a00000|  0%| F|  |TAMS 0x0000000085900000, 0x0000000085900000| Untracked 
|  90|0x0000000085a00000, 0x0000000085a00000, 0x0000000085b00000|  0%| F|  |TAMS 0x0000000085a00000, 0x0000000085a00000| Untracked 
|  91|0x0000000085b00000, 0x0000000085b00000, 0x0000000085c00000|  0%| F|  |TAMS 0x0000000085b00000, 0x0000000085b00000| Untracked 
|  92|0x0000000085c00000, 0x0000000085c00000, 0x0000000085d00000|  0%| F|  |TAMS 0x0000000085c00000, 0x0000000085c00000| Untracked 
|  93|0x0000000085d00000, 0x0000000085d00000, 0x0000000085e00000|  0%| F|  |TAMS 0x0000000085d00000, 0x0000000085d00000| Untracked 
|  94|0x0000000085e00000, 0x0000000085e00000, 0x0000000085f00000|  0%| F|  |TAMS 0x0000000085e00000, 0x0000000085e00000| Untracked 
|  95|0x0000000085f00000, 0x0000000085f00000, 0x0000000086000000|  0%| F|  |TAMS 0x0000000085f00000, 0x0000000085f00000| Untracked 
|  96|0x0000000086000000, 0x0000000086000000, 0x0000000086100000|  0%| F|  |TAMS 0x0000000086000000, 0x0000000086000000| Untracked 
|  97|0x0000000086100000, 0x0000000086100000, 0x0000000086200000|  0%| F|  |TAMS 0x0000000086100000, 0x0000000086100000| Untracked 
|  98|0x0000000086200000, 0x0000000086200000, 0x0000000086300000|  0%| F|  |TAMS 0x0000000086200000, 0x0000000086200000| Untracked 
|  99|0x0000000086300000, 0x0000000086300000, 0x0000000086400000|  0%| F|  |TAMS 0x0000000086300000, 0x0000000086300000| Untracked 
| 100|0x0000000086400000, 0x0000000086400000, 0x0000000086500000|  0%| F|  |TAMS 0x0000000086400000, 0x0000000086400000| Untracked 
| 101|0x0000000086500000, 0x0000000086500000, 0x0000000086600000|  0%| F|  |TAMS 0x0000000086500000, 0x0000000086500000| Untracked 
| 102|0x0000000086600000, 0x0000000086600000, 0x0000000086700000|  0%| F|  |TAMS 0x0000000086600000, 0x0000000086600000| Untracked 
| 103|0x0000000086700000, 0x0000000086700000, 0x0000000086800000|  0%| F|  |TAMS 0x0000000086700000, 0x0000000086700000| Untracked 
| 104|0x0000000086800000, 0x0000000086800000, 0x0000000086900000|  0%| F|  |TAMS 0x0000000086800000, 0x0000000086800000| Untracked 
| 105|0x0000000086900000, 0x0000000086900000, 0x0000000086a00000|  0%| F|  |TAMS 0x0000000086900000, 0x0000000086900000| Untracked 
| 106|0x0000000086a00000, 0x0000000086a00000, 0x0000000086b00000|  0%| F|  |TAMS 0x0000000086a00000, 0x0000000086a00000| Untracked 
| 107|0x0000000086b00000, 0x0000000086b00000, 0x0000000086c00000|  0%| F|  |TAMS 0x0000000086b00000, 0x0000000086b00000| Untracked 
| 108|0x0000000086c00000, 0x0000000086c00000, 0x0000000086d00000|  0%| F|  |TAMS 0x0000000086c00000, 0x0000000086c00000| Untracked 
| 109|0x0000000086d00000, 0x0000000086d00000, 0x0000000086e00000|  0%| F|  |TAMS 0x0000000086d00000, 0x0000000086d00000| Untracked 
| 110|0x0000000086e00000, 0x0000000086e00000, 0x0000000086f00000|  0%| F|  |TAMS 0x0000000086e00000, 0x0000000086e00000| Untracked 
| 111|0x0000000086f00000, 0x0000000086f00000, 0x0000000087000000|  0%| F|  |TAMS 0x0000000086f00000, 0x0000000086f00000| Untracked 
| 112|0x0000000087000000, 0x0000000087000000, 0x0000000087100000|  0%| F|  |TAMS 0x0000000087000000, 0x0000000087000000| Untracked 
| 113|0x0000000087100000, 0x0000000087100000, 0x0000000087200000|  0%| F|  |TAMS 0x0000000087100000, 0x0000000087100000| Untracked 
| 114|0x0000000087200000, 0x0000000087200000, 0x0000000087300000|  0%| F|  |TAMS 0x0000000087200000, 0x0000000087200000| Untracked 
| 115|0x0000000087300000, 0x0000000087300000, 0x0000000087400000|  0%| F|  |TAMS 0x0000000087300000, 0x0000000087300000| Untracked 
| 116|0x0000000087400000, 0x0000000087400000, 0x0000000087500000|  0%| F|  |TAMS 0x0000000087400000, 0x0000000087400000| Untracked 
| 117|0x0000000087500000, 0x0000000087500000, 0x0000000087600000|  0%| F|  |TAMS 0x0000000087500000, 0x0000000087500000| Untracked 
| 118|0x0000000087600000, 0x0000000087600000, 0x0000000087700000|  0%| F|  |TAMS 0x0000000087600000, 0x0000000087600000| Untracked 
| 119|0x0000000087700000, 0x0000000087700000, 0x0000000087800000|  0%| F|  |TAMS 0x0000000087700000, 0x0000000087700000| Untracked 
| 120|0x0000000087800000, 0x0000000087800000, 0x0000000087900000|  0%| F|  |TAMS 0x0000000087800000, 0x0000000087800000| Untracked 
| 121|0x0000000087900000, 0x0000000087900000, 0x0000000087a00000|  0%| F|  |TAMS 0x0000000087900000, 0x0000000087900000| Untracked 
| 122|0x0000000087a00000, 0x0000000087a00000, 0x0000000087b00000|  0%| F|  |TAMS 0x0000000087a00000, 0x0000000087a00000| Untracked 
| 123|0x0000000087b00000, 0x0000000087b00000, 0x0000000087c00000|  0%| F|  |TAMS 0x0000000087b00000, 0x0000000087b00000| Untracked 
| 124|0x0000000087c00000, 0x0000000087c00000, 0x0000000087d00000|  0%| F|  |TAMS 0x0000000087c00000, 0x0000000087c00000| Untracked 
| 125|0x0000000087d00000, 0x0000000087d00000, 0x0000000087e00000|  0%| F|  |TAMS 0x0000000087d00000, 0x0000000087d00000| Untracked 
| 126|0x0000000087e00000, 0x0000000087e00000, 0x0000000087f00000|  0%| F|  |TAMS 0x0000000087e00000, 0x0000000087e00000| Untracked 
| 127|0x0000000087f00000, 0x0000000087f00000, 0x0000000088000000|  0%| F|  |TAMS 0x0000000087f00000, 0x0000000087f00000| Untracked 
| 128|0x0000000088000000, 0x0000000088000000, 0x0000000088100000|  0%| F|  |TAMS 0x0000000088000000, 0x0000000088000000| Untracked 
| 129|0x0000000088100000, 0x0000000088100000, 0x0000000088200000|  0%| F|  |TAMS 0x0000000088100000, 0x0000000088100000| Untracked 
| 130|0x0000000088200000, 0x0000000088200000, 0x0000000088300000|  0%| F|  |TAMS 0x0000000088200000, 0x0000000088200000| Untracked 
| 131|0x0000000088300000, 0x0000000088300000, 0x0000000088400000|  0%| F|  |TAMS 0x0000000088300000, 0x0000000088300000| Untracked 
| 132|0x0000000088400000, 0x0000000088400000, 0x0000000088500000|  0%| F|  |TAMS 0x0000000088400000, 0x0000000088400000| Untracked 
| 133|0x0000000088500000, 0x0000000088500000, 0x0000000088600000|  0%| F|  |TAMS 0x0000000088500000, 0x0000000088500000| Untracked 
| 134|0x0000000088600000, 0x0000000088600000, 0x0000000088700000|  0%| F|  |TAMS 0x0000000088600000, 0x0000000088600000| Untracked 
| 135|0x0000000088700000, 0x0000000088700000, 0x0000000088800000|  0%| F|  |TAMS 0x0000000088700000, 0x0000000088700000| Untracked 
| 136|0x0000000088800000, 0x0000000088800000, 0x0000000088900000|  0%| F|  |TAMS 0x0000000088800000, 0x0000000088800000| Untracked 
| 137|0x0000000088900000, 0x0000000088900000, 0x0000000088a00000|  0%| F|  |TAMS 0x0000000088900000, 0x0000000088900000| Untracked 
| 138|0x0000000088a00000, 0x0000000088a00000, 0x0000000088b00000|  0%| F|  |TAMS 0x0000000088a00000, 0x0000000088a00000| Untracked 
| 139|0x0000000088b00000, 0x0000000088b00000, 0x0000000088c00000|  0%| F|  |TAMS 0x0000000088b00000, 0x0000000088b00000| Untracked 
| 140|0x0000000088c00000, 0x0000000088c00000, 0x0000000088d00000|  0%| F|  |TAMS 0x0000000088c00000, 0x0000000088c00000| Untracked 
| 141|0x0000000088d00000, 0x0000000088d00000, 0x0000000088e00000|  0%| F|  |TAMS 0x0000000088d00000, 0x0000000088d00000| Untracked 
| 142|0x0000000088e00000, 0x0000000088e00000, 0x0000000088f00000|  0%| F|  |TAMS 0x0000000088e00000, 0x0000000088e00000| Untracked 
| 143|0x0000000088f00000, 0x0000000088f00000, 0x0000000089000000|  0%| F|  |TAMS 0x0000000088f00000, 0x0000000088f00000| Untracked 
| 144|0x0000000089000000, 0x0000000089000000, 0x0000000089100000|  0%| F|  |TAMS 0x0000000089000000, 0x0000000089000000| Untracked 
| 145|0x0000000089100000, 0x0000000089100000, 0x0000000089200000|  0%| F|  |TAMS 0x0000000089100000, 0x0000000089100000| Untracked 
| 146|0x0000000089200000, 0x0000000089200000, 0x0000000089300000|  0%| F|  |TAMS 0x0000000089200000, 0x0000000089200000| Untracked 
| 147|0x0000000089300000, 0x0000000089300000, 0x0000000089400000|  0%| F|  |TAMS 0x0000000089300000, 0x0000000089300000| Untracked 
| 148|0x0000000089400000, 0x0000000089400000, 0x0000000089500000|  0%| F|  |TAMS 0x0000000089400000, 0x0000000089400000| Untracked 
| 149|0x0000000089500000, 0x0000000089500000, 0x0000000089600000|  0%| F|  |TAMS 0x0000000089500000, 0x0000000089500000| Untracked 
| 150|0x0000000089600000, 0x0000000089600000, 0x0000000089700000|  0%| F|  |TAMS 0x0000000089600000, 0x0000000089600000| Untracked 
| 151|0x0000000089700000, 0x0000000089700000, 0x0000000089800000|  0%| F|  |TAMS 0x0000000089700000, 0x0000000089700000| Untracked 
| 152|0x0000000089800000, 0x0000000089800000, 0x0000000089900000|  0%| F|  |TAMS 0x0000000089800000, 0x0000000089800000| Untracked 
| 153|0x0000000089900000, 0x0000000089900000, 0x0000000089a00000|  0%| F|  |TAMS 0x0000000089900000, 0x0000000089900000| Untracked 
| 154|0x0000000089a00000, 0x0000000089a00000, 0x0000000089b00000|  0%| F|  |TAMS 0x0000000089a00000, 0x0000000089a00000| Untracked 
| 155|0x0000000089b00000, 0x0000000089b00000, 0x0000000089c00000|  0%| F|  |TAMS 0x0000000089b00000, 0x0000000089b00000| Untracked 
| 156|0x0000000089c00000, 0x0000000089c00000, 0x0000000089d00000|  0%| F|  |TAMS 0x0000000089c00000, 0x0000000089c00000| Untracked 
| 157|0x0000000089d00000, 0x0000000089d00000, 0x0000000089e00000|  0%| F|  |TAMS 0x0000000089d00000, 0x0000000089d00000| Untracked 
| 158|0x0000000089e00000, 0x0000000089e00000, 0x0000000089f00000|  0%| F|  |TAMS 0x0000000089e00000, 0x0000000089e00000| Untracked 
| 159|0x0000000089f00000, 0x0000000089f00000, 0x000000008a000000|  0%| F|  |TAMS 0x0000000089f00000, 0x0000000089f00000| Untracked 
| 160|0x000000008a000000, 0x000000008a000000, 0x000000008a100000|  0%| F|  |TAMS 0x000000008a000000, 0x000000008a000000| Untracked 
| 161|0x000000008a100000, 0x000000008a100000, 0x000000008a200000|  0%| F|  |TAMS 0x000000008a100000, 0x000000008a100000| Untracked 
| 162|0x000000008a200000, 0x000000008a200000, 0x000000008a300000|  0%| F|  |TAMS 0x000000008a200000, 0x000000008a200000| Untracked 
| 163|0x000000008a300000, 0x000000008a300000, 0x000000008a400000|  0%| F|  |TAMS 0x000000008a300000, 0x000000008a300000| Untracked 
| 164|0x000000008a400000, 0x000000008a400000, 0x000000008a500000|  0%| F|  |TAMS 0x000000008a400000, 0x000000008a400000| Untracked 
| 165|0x000000008a500000, 0x000000008a500000, 0x000000008a600000|  0%| F|  |TAMS 0x000000008a500000, 0x000000008a500000| Untracked 
| 166|0x000000008a600000, 0x000000008a600000, 0x000000008a700000|  0%| F|  |TAMS 0x000000008a600000, 0x000000008a600000| Untracked 
| 167|0x000000008a700000, 0x000000008a700000, 0x000000008a800000|  0%| F|  |TAMS 0x000000008a700000, 0x000000008a700000| Untracked 
| 168|0x000000008a800000, 0x000000008a800000, 0x000000008a900000|  0%| F|  |TAMS 0x000000008a800000, 0x000000008a800000| Untracked 
| 169|0x000000008a900000, 0x000000008a900000, 0x000000008aa00000|  0%| F|  |TAMS 0x000000008a900000, 0x000000008a900000| Untracked 
| 170|0x000000008aa00000, 0x000000008aa00000, 0x000000008ab00000|  0%| F|  |TAMS 0x000000008aa00000, 0x000000008aa00000| Untracked 
| 171|0x000000008ab00000, 0x000000008ab00000, 0x000000008ac00000|  0%| F|  |TAMS 0x000000008ab00000, 0x000000008ab00000| Untracked 
| 172|0x000000008ac00000, 0x000000008ac00000, 0x000000008ad00000|  0%| F|  |TAMS 0x000000008ac00000, 0x000000008ac00000| Untracked 
| 173|0x000000008ad00000, 0x000000008ad00000, 0x000000008ae00000|  0%| F|  |TAMS 0x000000008ad00000, 0x000000008ad00000| Untracked 
| 174|0x000000008ae00000, 0x000000008ae00000, 0x000000008af00000|  0%| F|  |TAMS 0x000000008ae00000, 0x000000008ae00000| Untracked 
| 175|0x000000008af00000, 0x000000008af00000, 0x000000008b000000|  0%| F|  |TAMS 0x000000008af00000, 0x000000008af00000| Untracked 
| 176|0x000000008b000000, 0x000000008b000000, 0x000000008b100000|  0%| F|  |TAMS 0x000000008b000000, 0x000000008b000000| Untracked 
| 177|0x000000008b100000, 0x000000008b100000, 0x000000008b200000|  0%| F|  |TAMS 0x000000008b100000, 0x000000008b100000| Untracked 
| 178|0x000000008b200000, 0x000000008b200000, 0x000000008b300000|  0%| F|  |TAMS 0x000000008b200000, 0x000000008b200000| Untracked 
| 179|0x000000008b300000, 0x000000008b300000, 0x000000008b400000|  0%| F|  |TAMS 0x000000008b300000, 0x000000008b300000| Untracked 
| 180|0x000000008b400000, 0x000000008b400000, 0x000000008b500000|  0%| F|  |TAMS 0x000000008b400000, 0x000000008b400000| Untracked 
| 181|0x000000008b500000, 0x000000008b500000, 0x000000008b600000|  0%| F|  |TAMS 0x000000008b500000, 0x000000008b500000| Untracked 
| 182|0x000000008b600000, 0x000000008b600000, 0x000000008b700000|  0%| F|  |TAMS 0x000000008b600000, 0x000000008b600000| Untracked 
| 183|0x000000008b700000, 0x000000008b700000, 0x000000008b800000|  0%| F|  |TAMS 0x000000008b700000, 0x000000008b700000| Untracked 
| 184|0x000000008b800000, 0x000000008b800000, 0x000000008b900000|  0%| F|  |TAMS 0x000000008b800000, 0x000000008b800000| Untracked 
| 185|0x000000008b900000, 0x000000008b900000, 0x000000008ba00000|  0%| F|  |TAMS 0x000000008b900000, 0x000000008b900000| Untracked 
| 186|0x000000008ba00000, 0x000000008ba00000, 0x000000008bb00000|  0%| F|  |TAMS 0x000000008ba00000, 0x000000008ba00000| Untracked 
| 187|0x000000008bb00000, 0x000000008bb00000, 0x000000008bc00000|  0%| F|  |TAMS 0x000000008bb00000, 0x000000008bb00000| Untracked 
| 188|0x000000008bc00000, 0x000000008bc00000, 0x000000008bd00000|  0%| F|  |TAMS 0x000000008bc00000, 0x000000008bc00000| Untracked 
| 189|0x000000008bd00000, 0x000000008be00000, 0x000000008be00000|100%| E|  |TAMS 0x000000008bd00000, 0x000000008bd00000| Complete 
| 190|0x000000008be00000, 0x000000008bf00000, 0x000000008bf00000|100%| E|CS|TAMS 0x000000008be00000, 0x000000008be00000| Complete 
| 191|0x000000008bf00000, 0x000000008c000000, 0x000000008c000000|100%| E|CS|TAMS 0x000000008bf00000, 0x000000008bf00000| Complete 
| 192|0x000000008c000000, 0x000000008c100000, 0x000000008c100000|100%| E|CS|TAMS 0x000000008c000000, 0x000000008c000000| Complete 
| 193|0x000000008c100000, 0x000000008c200000, 0x000000008c200000|100%| E|CS|TAMS 0x000000008c100000, 0x000000008c100000| Complete 
| 194|0x000000008c200000, 0x000000008c300000, 0x000000008c300000|100%| E|CS|TAMS 0x000000008c200000, 0x000000008c200000| Complete 
| 195|0x000000008c300000, 0x000000008c400000, 0x000000008c400000|100%| E|CS|TAMS 0x000000008c300000, 0x000000008c300000| Complete 
| 196|0x000000008c400000, 0x000000008c500000, 0x000000008c500000|100%| E|CS|TAMS 0x000000008c400000, 0x000000008c400000| Complete 
| 197|0x000000008c500000, 0x000000008c600000, 0x000000008c600000|100%| E|CS|TAMS 0x000000008c500000, 0x000000008c500000| Complete 
| 198|0x000000008c600000, 0x000000008c700000, 0x000000008c700000|100%| E|CS|TAMS 0x000000008c600000, 0x000000008c600000| Complete 
| 199|0x000000008c700000, 0x000000008c800000, 0x000000008c800000|100%| E|CS|TAMS 0x000000008c700000, 0x000000008c700000| Complete 
| 200|0x000000008c800000, 0x000000008c900000, 0x000000008c900000|100%| E|CS|TAMS 0x000000008c800000, 0x000000008c800000| Complete 
| 201|0x000000008c900000, 0x000000008ca00000, 0x000000008ca00000|100%| E|CS|TAMS 0x000000008c900000, 0x000000008c900000| Complete 

Card table byte_map: [0x00000237df040000,0x00000237df440000] _byte_map_base: 0x00000237dec40000

Marking Bits (Prev, Next): (CMBitMap*) 0x00000237cbe2d980, (CMBitMap*) 0x00000237cbe2d948
 Prev Bits: [0x00000237e1840000, 0x00000237e3840000)
 Next Bits: [0x00000237df840000, 0x00000237e1840000)

Polling page: 0x00000237cb5c0000

Metaspace:

Usage:
  Non-class:     58.20 MB capacity,    57.22 MB ( 98%) used,   825.74 KB (  1%) free+waste,   168.19 KB ( <1%) overhead. 
      Class:      8.67 MB capacity,     8.10 MB ( 93%) used,   506.30 KB (  6%) free+waste,    77.88 KB ( <1%) overhead. 
       Both:     66.87 MB capacity,    65.32 MB ( 98%) used,     1.30 MB (  2%) free+waste,   246.06 KB ( <1%) overhead. 

Virtual space:
  Non-class space:       60.00 MB reserved,      58.26 MB ( 97%) committed 
      Class space:        1.00 GB reserved,       8.75 MB ( <1%) committed 
             Both:        1.06 GB reserved,      67.01 MB (  6%) committed 

Chunk freelists:
   Non-Class:  0 bytes
       Class:  18.00 KB
        Both:  18.00 KB

MaxMetaspaceSize: 17179869184.00 GB
CompressedClassSpaceSize: 1.00 GB
Initial GC threshold: 20.80 MB
Current GC threshold: 98.55 MB
CDS: off

CodeHeap 'non-profiled nmethods': size=120000Kb used=5282Kb max_used=5282Kb free=114718Kb
 bounds [0x00000237d73d0000, 0x00000237d7900000, 0x00000237de900000]
CodeHeap 'profiled nmethods': size=120000Kb used=15987Kb max_used=15987Kb free=104012Kb
 bounds [0x00000237cfea0000, 0x00000237d0e40000, 0x00000237d73d0000]
CodeHeap 'non-nmethods': size=5760Kb used=2342Kb max_used=2382Kb free=3417Kb
 bounds [0x00000237cf900000, 0x00000237cfb70000, 0x00000237cfea0000]
 total_blobs=8489 nmethods=7631 adapters=770
 compilation: enabled
              stopped_count=0, restarted_count=0
 full_count=0

Compilation events (20 events):
Event: 33.574 Thread 0x00000237e62bf800 7766       2       java.util.stream.Nodes$SpinedNodeBuilder::copyInto (30 bytes)
Event: 33.574 Thread 0x00000237e62bf800 nmethod 7766 0x00000237d0e35590 code [0x00000237d0e35740, 0x00000237d0e35848]
Event: 33.578 Thread 0x00000237e62bf800 7768 %     3       java.util.AbstractCollection::toArray @ 39 (144 bytes)
Event: 33.579 Thread 0x00000237e62bf800 nmethod 7768% 0x00000237d0e35910 code [0x00000237d0e35be0, 0x00000237d0e36d58]
Event: 33.579 Thread 0x00000237e62bf800 7769       2       jdk.internal.reflect.ByteVectorImpl::resize (44 bytes)
Event: 33.579 Thread 0x00000237e62bf800 nmethod 7769 0x00000237d0e37190 code [0x00000237d0e37360, 0x00000237d0e375e8]
Event: 33.583 Thread 0x00000237e62bf800 7770       1       groovy.lang.GroovyObjectSupport::getMetaClass (5 bytes)
Event: 33.583 Thread 0x00000237e62bf800 nmethod 7770 0x00000237d78f7010 code [0x00000237d78f71c0, 0x00000237d78f7278]
Event: 33.585 Thread 0x00000237e62bf800 7771       2       org.codehaus.groovy.reflection.CachedClass$4::initValue (5 bytes)
Event: 33.585 Thread 0x00000237e62bf800 nmethod 7771 0x00000237d0e37710 code [0x00000237d0e378c0, 0x00000237d0e379c8]
Event: 33.585 Thread 0x00000237e62bf800 7772       2       org.codehaus.groovy.reflection.CachedClass$4::initValue (63 bytes)
Event: 33.586 Thread 0x00000237e62bf800 nmethod 7772 0x00000237d0e37a90 code [0x00000237d0e37ca0, 0x00000237d0e37fc8]
Event: 33.586 Thread 0x00000237e62bf800 7773       2       java.lang.ClassValue$ClassValueMap::sizeCache (51 bytes)
Event: 33.586 Thread 0x00000237e62bf800 nmethod 7773 0x00000237d0e38210 code [0x00000237d0e38400, 0x00000237d0e38638]
Event: 33.589 Thread 0x00000237e62bf800 7774       2       com.sun.beans.util.Cache$Kind$Soft::isStale (14 bytes)
Event: 33.590 Thread 0x00000237e62bf800 nmethod 7774 0x00000237d0e38710 code [0x00000237d0e388c0, 0x00000237d0e38a18]
Event: 33.590 Thread 0x00000237e62bf800 7775       2       com.sun.beans.util.Cache::index (7 bytes)
Event: 33.590 Thread 0x00000237e62bf800 nmethod 7775 0x00000237d0e38a90 code [0x00000237d0e38c40, 0x00000237d0e38d18]
Event: 33.590 Thread 0x00000237e62bf800 7776       1       org.codehaus.groovy.runtime.callsite.AbstractCallSite::getIndex (5 bytes)
Event: 33.590 Thread 0x00000237e62bf800 nmethod 7776 0x00000237d78f7310 code [0x00000237d78f74c0, 0x00000237d78f7578]

GC Heap History (20 events):
Event: 24.017 GC heap before
{Heap before GC invocations=40 (full 0):
 garbage-first heap   total 206848K, used 162590K [0x0000000080000000, 0x0000000100000000)
  region size 1024K, 121 young (123904K), 4 survivors (4096K)
 Metaspace       used 48709K, capacity 49919K, committed 50128K, reserved 1093632K
  class space    used 6069K, capacity 6505K, committed 6528K, reserved 1048576K
}
Event: 24.022 GC heap after
{Heap after GC invocations=41 (full 0):
 garbage-first heap   total 206848K, used 44025K [0x0000000080000000, 0x0000000100000000)
  region size 1024K, 6 young (6144K), 6 survivors (6144K)
 Metaspace       used 48709K, capacity 49919K, committed 50128K, reserved 1093632K
  class space    used 6069K, capacity 6505K, committed 6528K, reserved 1048576K
}
Event: 24.378 GC heap before
{Heap before GC invocations=41 (full 0):
 garbage-first heap   total 206848K, used 160761K [0x0000000080000000, 0x0000000100000000)
  region size 1024K, 122 young (124928K), 6 survivors (6144K)
 Metaspace       used 48713K, capacity 49919K, committed 50128K, reserved 1093632K
  class space    used 6069K, capacity 6505K, committed 6528K, reserved 1048576K
}
Event: 24.382 GC heap after
{Heap after GC invocations=42 (full 0):
 garbage-first heap   total 206848K, used 41577K [0x0000000080000000, 0x0000000100000000)
  region size 1024K, 4 young (4096K), 4 survivors (4096K)
 Metaspace       used 48713K, capacity 49919K, committed 50128K, reserved 1093632K
  class space    used 6069K, capacity 6505K, committed 6528K, reserved 1048576K
}
Event: 24.611 GC heap before
{Heap before GC invocations=42 (full 0):
 garbage-first heap   total 206848K, used 160361K [0x0000000080000000, 0x0000000100000000)
  region size 1024K, 121 young (123904K), 4 survivors (4096K)
 Metaspace       used 48714K, capacity 49919K, committed 50128K, reserved 1093632K
  class space    used 6069K, capacity 6505K, committed 6528K, reserved 1048576K
}
Event: 24.616 GC heap after
{Heap after GC invocations=43 (full 0):
 garbage-first heap   total 206848K, used 41808K [0x0000000080000000, 0x0000000100000000)
  region size 1024K, 4 young (4096K), 4 survivors (4096K)
 Metaspace       used 48714K, capacity 49919K, committed 50128K, reserved 1093632K
  class space    used 6069K, capacity 6505K, committed 6528K, reserved 1048576K
}
Event: 25.089 GC heap before
{Heap before GC invocations=43 (full 0):
 garbage-first heap   total 206848K, used 161616K [0x0000000080000000, 0x0000000100000000)
  region size 1024K, 121 young (123904K), 4 survivors (4096K)
 Metaspace       used 48716K, capacity 49919K, committed 50128K, reserved 1093632K
  class space    used 6069K, capacity 6505K, committed 6528K, reserved 1048576K
}
Event: 25.091 GC heap after
{Heap after GC invocations=44 (full 0):
 garbage-first heap   total 206848K, used 38922K [0x0000000080000000, 0x0000000100000000)
  region size 1024K, 2 young (2048K), 2 survivors (2048K)
 Metaspace       used 48716K, capacity 49919K, committed 50128K, reserved 1093632K
  class space    used 6069K, capacity 6505K, committed 6528K, reserved 1048576K
}
Event: 25.956 GC heap before
{Heap before GC invocations=44 (full 0):
 garbage-first heap   total 206848K, used 160778K [0x0000000080000000, 0x0000000100000000)
  region size 1024K, 121 young (123904K), 2 survivors (2048K)
 Metaspace       used 48716K, capacity 49919K, committed 50128K, reserved 1093632K
  class space    used 6069K, capacity 6505K, committed 6528K, reserved 1048576K
}
Event: 25.959 GC heap after
{Heap after GC invocations=45 (full 0):
 garbage-first heap   total 206848K, used 39488K [0x0000000080000000, 0x0000000100000000)
  region size 1024K, 3 young (3072K), 3 survivors (3072K)
 Metaspace       used 48716K, capacity 49919K, committed 50128K, reserved 1093632K
  class space    used 6069K, capacity 6505K, committed 6528K, reserved 1048576K
}
Event: 27.230 GC heap before
{Heap before GC invocations=45 (full 0):
 garbage-first heap   total 206848K, used 160320K [0x0000000080000000, 0x0000000100000000)
  region size 1024K, 121 young (123904K), 3 survivors (3072K)
 Metaspace       used 48718K, capacity 49983K, committed 50128K, reserved 1093632K
  class space    used 6069K, capacity 6505K, committed 6528K, reserved 1048576K
}
Event: 27.233 GC heap after
{Heap after GC invocations=46 (full 0):
 garbage-first heap   total 206848K, used 40429K [0x0000000080000000, 0x0000000100000000)
  region size 1024K, 4 young (4096K), 4 survivors (4096K)
 Metaspace       used 48718K, capacity 49983K, committed 50128K, reserved 1093632K
  class space    used 6069K, capacity 6505K, committed 6528K, reserved 1048576K
}
Event: 27.799 GC heap before
{Heap before GC invocations=46 (full 0):
 garbage-first heap   total 206848K, used 160237K [0x0000000080000000, 0x0000000100000000)
  region size 1024K, 121 young (123904K), 4 survivors (4096K)
 Metaspace       used 48718K, capacity 49983K, committed 50128K, reserved 1093632K
  class space    used 6069K, capacity 6505K, committed 6528K, reserved 1048576K
}
Event: 27.802 GC heap after
{Heap after GC invocations=47 (full 0):
 garbage-first heap   total 206848K, used 41035K [0x0000000080000000, 0x0000000100000000)
  region size 1024K, 4 young (4096K), 4 survivors (4096K)
 Metaspace       used 48718K, capacity 49983K, committed 50128K, reserved 1093632K
  class space    used 6069K, capacity 6505K, committed 6528K, reserved 1048576K
}
Event: 29.211 GC heap before
{Heap before GC invocations=47 (full 0):
 garbage-first heap   total 206848K, used 160843K [0x0000000080000000, 0x0000000100000000)
  region size 1024K, 121 young (123904K), 4 survivors (4096K)
 Metaspace       used 48766K, capacity 50062K, committed 50128K, reserved 1093632K
  class space    used 6074K, capacity 6510K, committed 6528K, reserved 1048576K
}
Event: 29.212 GC heap after
{Heap after GC invocations=48 (full 0):
 garbage-first heap   total 206848K, used 36081K [0x0000000080000000, 0x0000000100000000)
  region size 1024K, 1 young (1024K), 1 survivors (1024K)
 Metaspace       used 48766K, capacity 50062K, committed 50128K, reserved 1093632K
  class space    used 6074K, capacity 6510K, committed 6528K, reserved 1048576K
}
Event: 31.615 GC heap before
{Heap before GC invocations=48 (full 0):
 garbage-first heap   total 206848K, used 127217K [0x0000000080000000, 0x0000000100000000)
  region size 1024K, 87 young (89088K), 1 survivors (1024K)
 Metaspace       used 58795K, capacity 60138K, committed 60296K, reserved 1101824K
  class space    used 7250K, capacity 7737K, committed 7808K, reserved 1048576K
}
Event: 31.631 GC heap after
{Heap after GC invocations=49 (full 0):
 garbage-first heap   total 206848K, used 49749K [0x0000000080000000, 0x0000000100000000)
  region size 1024K, 10 young (10240K), 10 survivors (10240K)
 Metaspace       used 58795K, capacity 60138K, committed 60296K, reserved 1101824K
  class space    used 7250K, capacity 7737K, committed 7808K, reserved 1048576K
}
Event: 33.514 GC heap before
{Heap before GC invocations=50 (full 0):
 garbage-first heap   total 206848K, used 159317K [0x0000000080000000, 0x0000000100000000)
  region size 1024K, 117 young (119808K), 10 survivors (10240K)
 Metaspace       used 66638K, capacity 68289K, committed 68616K, reserved 1110016K
  class space    used 8268K, capacity 8841K, committed 8960K, reserved 1048576K
}
Event: 33.528 GC heap after
{Heap after GC invocations=51 (full 0):
 garbage-first heap   total 206848K, used 57916K [0x0000000080000000, 0x0000000100000000)
  region size 1024K, 9 young (9216K), 9 survivors (9216K)
 Metaspace       used 66638K, capacity 68289K, committed 68616K, reserved 1110016K
  class space    used 8268K, capacity 8841K, committed 8960K, reserved 1048576K
}

Deoptimization events (20 events):
Event: 33.186 Thread 0x00000237e8f25800 DEOPT PACKING pc=0x00000237d7848054 sp=0x0000008c975fe040
Event: 33.186 Thread 0x00000237e8f25800 DEOPT UNPACKING pc=0x00000237cf94a1af sp=0x0000008c975fe038 mode 2
Event: 33.186 Thread 0x00000237e8f25800 Uncommon trap: trap_request=0xffffffc6 fr.pc=0x00000237d7848054 relative=0x0000000000000eb4
Event: 33.186 Thread 0x00000237e8f25800 Uncommon trap: reason=bimorphic_or_optimized_type_check action=maybe_recompile pc=0x00000237d7848054 method=org.objectweb.asm.MethodVisitor.visitIntInsn(II)V @ 13 c2
Event: 33.186 Thread 0x00000237e8f25800 DEOPT PACKING pc=0x00000237d7848054 sp=0x0000008c975fe040
Event: 33.186 Thread 0x00000237e8f25800 DEOPT UNPACKING pc=0x00000237cf94a1af sp=0x0000008c975fe038 mode 2
Event: 33.186 Thread 0x00000237e8f25800 Uncommon trap: trap_request=0xffffffc6 fr.pc=0x00000237d7831d24 relative=0x0000000000000f24
Event: 33.186 Thread 0x00000237e8f25800 Uncommon trap: reason=bimorphic_or_optimized_type_check action=maybe_recompile pc=0x00000237d7831d24 method=org.objectweb.asm.MethodVisitor.visitAnnotation(Ljava/lang/String;Z)Lorg/objectweb/asm/AnnotationVisitor; @ 13 c2
Event: 33.186 Thread 0x00000237e8f25800 DEOPT PACKING pc=0x00000237d7831d24 sp=0x0000008c975fe140
Event: 33.186 Thread 0x00000237e8f25800 DEOPT UNPACKING pc=0x00000237cf94a1af sp=0x0000008c975fe130 mode 2
Event: 33.186 Thread 0x00000237e8f25800 DEOPT PACKING pc=0x00000237d0d74c31 sp=0x0000008c975fdd60
Event: 33.186 Thread 0x00000237e8f25800 DEOPT UNPACKING pc=0x00000237cf94a95e sp=0x0000008c975fd290 mode 0
Event: 33.197 Thread 0x00000237e8f25800 Uncommon trap: trap_request=0xffffffc6 fr.pc=0x00000237d7848054 relative=0x0000000000000eb4
Event: 33.197 Thread 0x00000237e8f25800 Uncommon trap: reason=bimorphic_or_optimized_type_check action=maybe_recompile pc=0x00000237d7848054 method=org.objectweb.asm.MethodVisitor.visitIntInsn(II)V @ 13 c2
Event: 33.197 Thread 0x00000237e8f25800 DEOPT PACKING pc=0x00000237d7848054 sp=0x0000008c975fe040
Event: 33.197 Thread 0x00000237e8f25800 DEOPT UNPACKING pc=0x00000237cf94a1af sp=0x0000008c975fe038 mode 2
Event: 33.300 Thread 0x00000237e943b800 Uncommon trap: trap_request=0xffffff4d fr.pc=0x00000237d78945b0 relative=0x0000000000000c70
Event: 33.300 Thread 0x00000237e943b800 Uncommon trap: reason=unstable_if action=reinterpret pc=0x00000237d78945b0 method=java.lang.ClassLoader.loadClass(Ljava/lang/String;Z)Ljava/lang/Class; @ 29 c2
Event: 33.300 Thread 0x00000237e943b800 DEOPT PACKING pc=0x00000237d78945b0 sp=0x0000008c964f7040
Event: 33.300 Thread 0x00000237e943b800 DEOPT UNPACKING pc=0x00000237cf94a1af sp=0x0000008c964f7008 mode 2

Classes redefined (0 events):
No events

Internal exceptions (20 events):
Event: 33.563 Thread 0x00000237e943b800 Exception <a 'java/lang/ClassNotFoundException'{0x000000008c4aa1b8}: com/android/build/gradle/internal/dsl/BuildType$AgpDecorated_DecoratedBeanInfo> (0x000000008c4aa1b8) thrown at [./src/hotspot/share/classfile/systemDictionary.cpp, line 231]
Event: 33.564 Thread 0x00000237e943b800 Exception <a 'java/lang/ClassNotFoundException'{0x000000008c4c68f0}: com/android/build/gradle/internal/dsl/BuildType$AgpDecoratedBeanInfo> (0x000000008c4c68f0) thrown at [./src/hotspot/share/classfile/systemDictionary.cpp, line 231]
Event: 33.564 Thread 0x00000237e943b800 Exception <a 'java/lang/ClassNotFoundException'{0x000000008c4e09f8}: com/android/build/gradle/internal/dsl/BuildTypeBeanInfo> (0x000000008c4e09f8) thrown at [./src/hotspot/share/classfile/systemDictionary.cpp, line 231]
Event: 33.564 Thread 0x00000237e943b800 Exception <a 'java/lang/ClassNotFoundException'{0x000000008c4fa640}: com/android/builder/core/AbstractBuildTypeBeanInfo> (0x000000008c4fa640) thrown at [./src/hotspot/share/classfile/systemDictionary.cpp, line 231]
Event: 33.565 Thread 0x00000237e943b800 Exception <a 'java/lang/ClassNotFoundException'{0x000000008c314b40}: com/android/builder/core/AbstractBuildTypeCustomizer> (0x000000008c314b40) thrown at [./src/hotspot/share/classfile/systemDictionary.cpp, line 231]
Event: 33.566 Thread 0x00000237e943b800 Exception <a 'java/lang/ClassNotFoundException'{0x000000008c34b198}: com/android/build/gradle/internal/dsl/BuildTypeCustomizer> (0x000000008c34b198) thrown at [./src/hotspot/share/classfile/systemDictionary.cpp, line 231]
Event: 33.569 Thread 0x00000237e943b800 Exception <a 'java/lang/ClassNotFoundException'{0x000000008c3e0768}: com/android/build/gradle/internal/dsl/BuildType$AgpDecoratedCustomizer> (0x000000008c3e0768) thrown at [./src/hotspot/share/classfile/systemDictionary.cpp, line 231]
Event: 33.570 Thread 0x00000237e943b800 Exception <a 'java/lang/ClassNotFoundException'{0x000000008c22e880}: com/android/build/gradle/internal/dsl/BuildType$AgpDecorated_DecoratedCustomizer> (0x000000008c22e880) thrown at [./src/hotspot/share/classfile/systemDictionary.cpp, line 231]
Event: 33.577 Thread 0x00000237e943b800 Exception <a 'java/lang/ClassNotFoundException'{0x000000008c2fc068}: build_38eghx5pwr18961uw6addbqh3$_run_closure1$_closure5BeanInfo> (0x000000008c2fc068) thrown at [./src/hotspot/share/classfile/systemDictionary.cpp, line 231]
Event: 33.577 Thread 0x00000237e943b800 Exception <a 'java/lang/ClassNotFoundException'{0x000000008c10db18}: build_38eghx5pwr18961uw6addbqh3$_run_closure1$_closure5Customizer> (0x000000008c10db18) thrown at [./src/hotspot/share/classfile/systemDictionary.cpp, line 231]
Event: 33.581 Thread 0x00000237e943b800 Exception <a 'java/lang/ClassNotFoundException'{0x000000008c13fe28}: build_38eghx5pwr18961uw6addbqh3$_run_closure1BeanInfo> (0x000000008c13fe28) thrown at [./src/hotspot/share/classfile/systemDictionary.cpp, line 231]
Event: 33.581 Thread 0x00000237e943b800 Exception <a 'java/lang/ClassNotFoundException'{0x000000008c150948}: build_38eghx5pwr18961uw6addbqh3$_run_closure1Customizer> (0x000000008c150948) thrown at [./src/hotspot/share/classfile/systemDictionary.cpp, line 231]
Event: 33.588 Thread 0x00000237e943b800 Exception <a 'java/lang/ClassNotFoundException'{0x000000008c1b0070}: org/gradle/api/JavaVersionBeanInfo> (0x000000008c1b0070) thrown at [./src/hotspot/share/classfile/systemDictionary.cpp, line 231]
Event: 33.589 Thread 0x00000237e943b800 Exception <a 'java/lang/ClassNotFoundException'{0x000000008c1daee8}: org/gradle/api/JavaVersionCustomizer> (0x000000008c1daee8) thrown at [./src/hotspot/share/classfile/systemDictionary.cpp, line 231]
Event: 33.593 Thread 0x00000237e943b800 Exception <a 'java/lang/ClassNotFoundException'{0x000000008c047e28}: com/android/build/gradle/internal/CompileOptions$AgpDecorated_DecoratedBeanInfo> (0x000000008c047e28) thrown at [./src/hotspot/share/classfile/systemDictionary.cpp, line 231]
Event: 33.594 Thread 0x00000237e943b800 Exception <a 'java/lang/ClassNotFoundException'{0x000000008c063370}: com/android/build/gradle/internal/CompileOptions$AgpDecoratedBeanInfo> (0x000000008c063370) thrown at [./src/hotspot/share/classfile/systemDictionary.cpp, line 231]
Event: 33.594 Thread 0x00000237e943b800 Exception <a 'java/lang/ClassNotFoundException'{0x000000008c07c9e8}: com/android/build/gradle/internal/CompileOptionsBeanInfo> (0x000000008c07c9e8) thrown at [./src/hotspot/share/classfile/systemDictionary.cpp, line 231]
Event: 33.595 Thread 0x00000237e943b800 Exception <a 'java/lang/ClassNotFoundException'{0x000000008c096680}: com/android/build/gradle/internal/CompileOptionsCustomizer> (0x000000008c096680) thrown at [./src/hotspot/share/classfile/systemDictionary.cpp, line 231]
Event: 33.596 Thread 0x00000237e943b800 Exception <a 'java/lang/ClassNotFoundException'{0x000000008c0bddd0}: com/android/build/gradle/internal/CompileOptions$AgpDecoratedCustomizer> (0x000000008c0bddd0) thrown at [./src/hotspot/share/classfile/systemDictionary.cpp, line 231]
Event: 33.597 Thread 0x00000237e943b800 Exception <a 'java/lang/ClassNotFoundException'{0x000000008c0e8d70}: com/android/build/gradle/internal/CompileOptions$AgpDecorated_DecoratedCustomizer> (0x000000008c0e8d70) thrown at [./src/hotspot/share/classfile/systemDictionary.cpp, line 231]

Events (20 events):
Event: 33.593 loading class com/android/build/gradle/internal/CompileOptions$AgpDecoratedBeanInfo
Event: 33.593 loading class com/android/build/gradle/internal/CompileOptions$AgpDecoratedBeanInfo done
Event: 33.594 loading class com/android/build/gradle/internal/CompileOptions$AgpDecoratedBeanInfo
Event: 33.594 loading class com/android/build/gradle/internal/CompileOptions$AgpDecoratedBeanInfo done
Event: 33.594 loading class com/android/build/gradle/internal/CompileOptionsBeanInfo
Event: 33.594 loading class com/android/build/gradle/internal/CompileOptionsBeanInfo done
Event: 33.594 loading class com/android/build/gradle/internal/CompileOptionsBeanInfo
Event: 33.594 loading class com/android/build/gradle/internal/CompileOptionsBeanInfo done
Event: 33.595 loading class com/android/build/gradle/internal/CompileOptionsCustomizer
Event: 33.595 loading class com/android/build/gradle/internal/CompileOptionsCustomizer done
Event: 33.595 loading class com/android/build/gradle/internal/CompileOptionsCustomizer
Event: 33.595 loading class com/android/build/gradle/internal/CompileOptionsCustomizer done
Event: 33.596 loading class com/android/build/gradle/internal/CompileOptions$AgpDecoratedCustomizer
Event: 33.596 loading class com/android/build/gradle/internal/CompileOptions$AgpDecoratedCustomizer done
Event: 33.596 loading class com/android/build/gradle/internal/CompileOptions$AgpDecoratedCustomizer
Event: 33.596 loading class com/android/build/gradle/internal/CompileOptions$AgpDecoratedCustomizer done
Event: 33.597 loading class com/android/build/gradle/internal/CompileOptions$AgpDecorated_DecoratedCustomizer
Event: 33.597 loading class com/android/build/gradle/internal/CompileOptions$AgpDecorated_DecoratedCustomizer done
Event: 33.597 loading class com/android/build/gradle/internal/CompileOptions$AgpDecorated_DecoratedCustomizer
Event: 33.597 loading class com/android/build/gradle/internal/CompileOptions$AgpDecorated_DecoratedCustomizer done


Dynamic libraries:
0x00007ff6e7730000 - 0x00007ff6e773a000 	C:\Program Files\Android\Android Studio\jre\bin\java.exe
0x00007ffd0e3d0000 - 0x00007ffd0e5e4000 	C:\WINDOWS\SYSTEM32\ntdll.dll
0x00007ffd0d7b0000 - 0x00007ffd0d873000 	C:\WINDOWS\System32\KERNEL32.DLL
0x00007ffd0bb50000 - 0x00007ffd0beed000 	C:\WINDOWS\System32\KERNELBASE.dll
0x00007ffd0ba30000 - 0x00007ffd0bb41000 	C:\WINDOWS\System32\ucrtbase.dll
0x00007ffcd2020000 - 0x00007ffcd2037000 	C:\Program Files\Android\Android Studio\jre\bin\VCRUNTIME140.dll
0x00007ffcd3110000 - 0x00007ffcd3129000 	C:\Program Files\Android\Android Studio\jre\bin\jli.dll
0x00007ffd0c390000 - 0x00007ffd0c53d000 	C:\WINDOWS\System32\USER32.dll
0x00007ffd0b990000 - 0x00007ffd0b9b6000 	C:\WINDOWS\System32\win32u.dll
0x00007ffcf8b50000 - 0x00007ffcf8dde000 	C:\WINDOWS\WinSxS\amd64_microsoft.windows.common-controls_6595b64144ccf1df_6.0.22621.608_none_a9444ca7c10bb01d\COMCTL32.dll
0x00007ffd0c650000 - 0x00007ffd0c679000 	C:\WINDOWS\System32\GDI32.dll
0x00007ffd0e1c0000 - 0x00007ffd0e267000 	C:\WINDOWS\System32\msvcrt.dll
0x00007ffd0b7f0000 - 0x00007ffd0b902000 	C:\WINDOWS\System32\gdi32full.dll
0x00007ffd0c060000 - 0x00007ffd0c0fa000 	C:\WINDOWS\System32\msvcp_win.dll
0x00007ffd0e0a0000 - 0x00007ffd0e0d2000 	C:\WINDOWS\System32\IMM32.DLL
0x00007ffccfb10000 - 0x00007ffccfbad000 	C:\Program Files\Android\Android Studio\jre\bin\msvcp140.dll
0x00007ffcd64e0000 - 0x00007ffcd6fe2000 	C:\Program Files\Android\Android Studio\jre\bin\server\jvm.dll
0x00007ffd0ce10000 - 0x00007ffd0cebe000 	C:\WINDOWS\System32\ADVAPI32.dll
0x00007ffd0c2e0000 - 0x00007ffd0c384000 	C:\WINDOWS\System32\sechost.dll
0x00007ffd0e270000 - 0x00007ffd0e385000 	C:\WINDOWS\System32\RPCRT4.dll
0x00007ffd0cd40000 - 0x00007ffd0cd48000 	C:\WINDOWS\System32\PSAPI.DLL
0x00007ffcff160000 - 0x00007ffcff169000 	C:\WINDOWS\SYSTEM32\WSOCK32.dll
0x00007ffd0c1c0000 - 0x00007ffd0c231000 	C:\WINDOWS\System32\WS2_32.dll
0x00007ffd04590000 - 0x00007ffd045c4000 	C:\WINDOWS\SYSTEM32\WINMM.dll
0x00007ffd01ee0000 - 0x00007ffd01eea000 	C:\WINDOWS\SYSTEM32\VERSION.dll
0x00007ffd0a850000 - 0x00007ffd0a868000 	C:\WINDOWS\SYSTEM32\kernel.appcore.dll
0x00007ffcfefb0000 - 0x00007ffcfefc1000 	C:\Program Files\Android\Android Studio\jre\bin\verify.dll
0x00007ffd030e0000 - 0x00007ffd0330e000 	C:\WINDOWS\SYSTEM32\DBGHELP.DLL
0x00007ffd0c9b0000 - 0x00007ffd0cd3a000 	C:\WINDOWS\System32\combase.dll
0x00007ffd0dd60000 - 0x00007ffd0de37000 	C:\WINDOWS\System32\OLEAUT32.dll
0x00007ffcf9aa0000 - 0x00007ffcf9ad2000 	C:\WINDOWS\SYSTEM32\dbgcore.DLL
0x00007ffd0b910000 - 0x00007ffd0b98b000 	C:\WINDOWS\System32\bcryptPrimitives.dll
0x00007ffcfe120000 - 0x00007ffcfe149000 	C:\Program Files\Android\Android Studio\jre\bin\java.dll
0x00007ffcff020000 - 0x00007ffcff02b000 	C:\Program Files\Android\Android Studio\jre\bin\jimage.dll
0x00007ffcfe700000 - 0x00007ffcfe718000 	C:\Program Files\Android\Android Studio\jre\bin\zip.dll
0x00007ffd0cec0000 - 0x00007ffd0d6af000 	C:\WINDOWS\System32\SHELL32.dll
0x00007ffd09820000 - 0x00007ffd0a0e8000 	C:\WINDOWS\SYSTEM32\windows.storage.dll
0x00007ffd096e0000 - 0x00007ffd0981e000 	C:\WINDOWS\SYSTEM32\wintypes.dll
0x00007ffd0c540000 - 0x00007ffd0c631000 	C:\WINDOWS\System32\SHCORE.dll
0x00007ffd0d880000 - 0x00007ffd0d8de000 	C:\WINDOWS\System32\shlwapi.dll
0x00007ffd0b720000 - 0x00007ffd0b741000 	C:\WINDOWS\SYSTEM32\profapi.dll
0x00007ffcfe580000 - 0x00007ffcfe59a000 	C:\Program Files\Android\Android Studio\jre\bin\net.dll
0x00007ffd04390000 - 0x00007ffd044bf000 	C:\WINDOWS\SYSTEM32\WINHTTP.dll
0x00007ffd0acb0000 - 0x00007ffd0ad19000 	C:\WINDOWS\system32\mswsock.dll
0x00007ffcfde10000 - 0x00007ffcfde24000 	C:\Program Files\Android\Android Studio\jre\bin\nio.dll
0x00007ffcd3130000 - 0x00007ffcd3157000 	C:\Users\Dell\.gradle\native\e1d6ef7f7dcc3fd88c89a11ec53ec762bb8ba0a96d01ffa2cd45eb1d1d8dd5c5\windows-amd64\native-platform.dll
0x00007ffccc3c0000 - 0x00007ffccc504000 	C:\Users\Dell\.gradle\native\5664cfc778a61ccfe75a443a1ab52a65af34e5dc3c78e0209fed803814484fcb\windows-amd64\native-platform-file-events.dll
0x00007ffcfde00000 - 0x00007ffcfde0a000 	C:\Program Files\Android\Android Studio\jre\bin\management.dll
0x00007ffcfce40000 - 0x00007ffcfce4d000 	C:\Program Files\Android\Android Studio\jre\bin\management_ext.dll
0x00007ffd0af00000 - 0x00007ffd0af1b000 	C:\WINDOWS\SYSTEM32\CRYPTSP.dll
0x00007ffd0a7c0000 - 0x00007ffd0a7f5000 	C:\WINDOWS\system32\rsaenh.dll
0x00007ffd0ada0000 - 0x00007ffd0adc8000 	C:\WINDOWS\SYSTEM32\USERENV.dll
0x00007ffd0b0c0000 - 0x00007ffd0b0e8000 	C:\WINDOWS\SYSTEM32\bcrypt.dll
0x00007ffd0af20000 - 0x00007ffd0af2c000 	C:\WINDOWS\SYSTEM32\CRYPTBASE.dll
0x00007ffd0a380000 - 0x00007ffd0a3ad000 	C:\WINDOWS\SYSTEM32\IPHLPAPI.DLL
0x00007ffd0de60000 - 0x00007ffd0de69000 	C:\WINDOWS\System32\NSI.dll
0x00007ffd04320000 - 0x00007ffd04339000 	C:\WINDOWS\SYSTEM32\dhcpcsvc6.DLL
0x00007ffd04240000 - 0x00007ffd0425f000 	C:\WINDOWS\SYSTEM32\dhcpcsvc.DLL
0x00007ffd0a400000 - 0x00007ffd0a4f2000 	C:\WINDOWS\SYSTEM32\DNSAPI.dll

dbghelp: loaded successfully - version: 4.0.5 - missing functions: none
symbol engine: initialized successfully - sym options: 0x614 - pdb path: .;C:\Program Files\Android\Android Studio\jre\bin;C:\WINDOWS\SYSTEM32;C:\WINDOWS\WinSxS\amd64_microsoft.windows.common-controls_6595b64144ccf1df_6.0.22621.608_none_a9444ca7c10bb01d;C:\Program Files\Android\Android Studio\jre\bin\server;C:\Users\Dell\.gradle\native\e1d6ef7f7dcc3fd88c89a11ec53ec762bb8ba0a96d01ffa2cd45eb1d1d8dd5c5\windows-amd64;C:\Users\Dell\.gradle\native\5664cfc778a61ccfe75a443a1ab52a65af34e5dc3c78e0209fed803814484fcb\windows-amd64

VM Arguments:
jvm_args: --add-opens=java.base/java.util=ALL-UNNAMED --add-opens=java.base/java.lang=ALL-UNNAMED --add-opens=java.base/java.lang.invoke=ALL-UNNAMED --add-opens=java.base/java.util=ALL-UNNAMED --add-opens=java.prefs/java.util.prefs=ALL-UNNAMED --add-opens=java.prefs/java.util.prefs=ALL-UNNAMED --add-opens=java.base/java.nio.charset=ALL-UNNAMED --add-opens=java.base/java.net=ALL-UNNAMED --add-opens=java.base/java.util.concurrent.atomic=ALL-UNNAMED -Xmx2048m -Dfile.encoding=UTF-8 -Duser.country=US -Duser.language=en -Duser.variant 
java_command: org.gradle.launcher.daemon.bootstrap.GradleDaemon 7.2
java_class_path (initial): C:\Users\Dell\.gradle\wrapper\dists\gradle-7.2-bin\2dnblmf4td7x66yl1d74lt32g\gradle-7.2\lib\gradle-launcher-7.2.jar
Launcher Type: SUN_STANDARD

[Global flags]
     intx CICompilerCount                          = 4                                         {product} {ergonomic}
     uint ConcGCThreads                            = 2                                         {product} {ergonomic}
     uint G1ConcRefinementThreads                  = 8                                         {product} {ergonomic}
   size_t G1HeapRegionSize                         = 1048576                                   {product} {ergonomic}
    uintx GCDrainStackTargetSize                   = 64                                        {product} {ergonomic}
   size_t InitialHeapSize                          = 100663296                                 {product} {ergonomic}
   size_t MarkStackSize                            = 4194304                                   {product} {ergonomic}
   size_t MaxHeapSize                              = 2147483648                                {product} {command line}
   size_t MaxNewSize                               = 1287651328                                {product} {ergonomic}
   size_t MinHeapDeltaBytes                        = 1048576                                   {product} {ergonomic}
    uintx NonNMethodCodeHeapSize                   = 5836300                                {pd product} {ergonomic}
    uintx NonProfiledCodeHeapSize                  = 122910970                              {pd product} {ergonomic}
    uintx ProfiledCodeHeapSize                     = 122910970                              {pd product} {ergonomic}
    uintx ReservedCodeCacheSize                    = 251658240                              {pd product} {ergonomic}
     bool SegmentedCodeCache                       = true                                      {product} {ergonomic}
     bool UseCompressedClassPointers               = true                                 {lp64_product} {ergonomic}
     bool UseCompressedOops                        = true                                 {lp64_product} {ergonomic}
     bool UseG1GC                                  = true                                      {product} {ergonomic}
     bool UseLargePagesIndividualAllocation        = false                                  {pd product} {ergonomic}

Logging:
Log output configuration:
 #0: stdout all=warning uptime,level,tags
 #1: stderr all=off uptime,level,tags

Environment Variables:
PATH=C:\Program Files\Common Files\Oracle\Java\javapath;C:\WINDOWS\system32;C:\WINDOWS;C:\WINDOWS\System32\Wbem;C:\WINDOWS\System32\WindowsPowerShell\v1.0\;C:\WINDOWS\System32\OpenSSH\C:\Program Files\Java\jdk-16.0.1\bin;C:\WINDOWS\System32\OpenSSH\;C:\Program Files\Java\jdk-18\bin;C:\Program Files\dotnet\;C:\Program Files\Git\cmd;C:\FingerprintSensors\SMARTCHIP_DLL;C:\MinGW\bin;C:\wamp\bin\php\php7.4.33;C:\Program Files\MySQL\MySQL Shell 8.0\bin\;C:\Users\Dell\AppData\Local\Microsoft\WindowsApps;C:\Program Files\JetBrains\IntelliJ IDEA Community Edition 2021.1.2\bin;;C:\Users\Dell\AppData\Local\Programs\Microsoft VS Code\bin;D:\Flutter software\flutter_windows_3.3.8-stable\flutter\bin;C:\xampp\php;
USERNAME=Dell
OS=Windows_NT
PROCESSOR_IDENTIFIER=AMD64 Family 23 Model 24 Stepping 1, AuthenticAMD



---------------  S Y S T E M  ---------------

OS: Windows 11 , 64 bit Build 22621 (10.0.22621.963)
OS uptime: 7 days 22:48 hours

CPU:total 8 (initial active 8) (8 cores per cpu, 2 threads per core) family 23 model 24 stepping 1 microcode 0x0, cmov, cx8, fxsr, mmx, sse, sse2, sse3, ssse3, sse4.1, sse4.2, popcnt, avx, avx2, aes, clmul, mmxext, 3dnowpref, lzcnt, sse4a, ht, tsc, tscinvbit, tscinv, bmi1, bmi2, adx, sha, fma

Memory: 4k page, system-wide physical 6030M (217M free)
TotalPageFile size 24462M (AvailPageFile size 0M)
current process WorkingSet (physical memory assigned to process): 403M, peak: 403M
current process commit charge ("private bytes"): 469M, peak: 470M

vm_info: OpenJDK 64-Bit Server VM (11.0.13+0-b1751.21-8125866) for windows-amd64 JRE (11.0.13+0-b1751.21-8125866), built on Feb  2 2022 03:00:22 by "builder" with MS VC++ 14.0 (VS2015)

END.
