#
# There is insufficient memory for the Java Runtime Environment to continue.
# Native memory allocation (malloc) failed to allocate 1008096 bytes for Chunk::new
# Possible reasons:
#   The system is out of physical RAM or swap space
#   The process is running with CompressedOops enabled, and the Java Heap may be blocking the growth of the native heap
# Possible solutions:
#   Reduce memory load on the system
#   Increase physical memory or swap space
#   Check if swap backing store is full
#   Decrease Java heap size (-Xmx/-Xms)
#   Decrease number of Java threads
#   Decrease Java thread stack sizes (-Xss)
#   Set larger code cache with -XX:ReservedCodeCacheSize=
#   JVM is running with Unscaled Compressed Oops mode in which the Java heap is
#     placed in the first 4GB address space. The Java Heap base address is the
#     maximum limit for the native heap growth. Please use -XX:HeapBaseMinAddress
#     to set the Java Heap base and to place the Java Heap above 4GB virtual address.
# This output file may be truncated or incomplete.
#
#  Out of Memory Error (./src/hotspot/share/memory/arena.cpp:197), pid=17960, tid=18260
#
# JRE version: OpenJDK Runtime Environment (11.0.11+9) (build 11.0.11+9-b60-7590822)
# Java VM: OpenJDK 64-Bit Server VM (11.0.11+9-b60-7590822, mixed mode, tiered, compressed oops, g1 gc, windows-amd64)
# No core dump will be written. Minidumps are not enabled by default on client versions of Windows
#

---------------  S U M M A R Y ------------

Command Line: --add-opens=java.base/java.util=ALL-UNNAMED --add-opens=java.base/java.lang=ALL-UNNAMED --add-opens=java.base/java.lang.invoke=ALL-UNNAMED --add-opens=java.base/java.util=ALL-UNNAMED --add-opens=java.prefs/java.util.prefs=ALL-UNNAMED --add-opens=java.prefs/java.util.prefs=ALL-UNNAMED --add-opens=java.base/java.nio.charset=ALL-UNNAMED --add-opens=java.base/java.net=ALL-UNNAMED --add-opens=java.base/java.util.concurrent.atomic=ALL-UNNAMED -Xmx2048m -Dfile.encoding=UTF-8 -Duser.country=IN -Duser.language=en -Duser.variant org.gradle.launcher.daemon.bootstrap.GradleDaemon 7.2

Host: AMD Ryzen 7 3700U with Radeon Vega Mobile Gfx  , 8 cores, 5G,  Windows 10 , 64 bit Build 22000 (10.0.22000.675)
Time: Tue May 24 12:05:29 2022 India Standard Time elapsed time: 13.134473 seconds (0d 0h 0m 13s)

---------------  T H R E A D  ---------------

Current thread (0x0000014dbc2fa000):  JavaThread "C2 CompilerThread0" daemon [_thread_in_native, id=18260, stack(0x0000000862400000,0x0000000862500000)]


Current CompileTask:
C2:  13134 5744       4       org.objectweb.asm.SymbolTable::addConstantMemberReference (147 bytes)

Stack: [0x0000000862400000,0x0000000862500000]
Native frames: (J=compiled Java code, j=interpreted, Vv=VM code, C=native code)
V  [jvm.dll+0x5f214a]
V  [jvm.dll+0x726fb5]
V  [jvm.dll+0x7285cd]
V  [jvm.dll+0x728c83]
V  [jvm.dll+0x243278]
V  [jvm.dll+0xbc53c]
V  [jvm.dll+0xbca3c]
V  [jvm.dll+0x2b5c34]
V  [jvm.dll+0x508488]
V  [jvm.dll+0x1fd826]
V  [jvm.dll+0x1fb35f]
V  [jvm.dll+0x183d6c]
V  [jvm.dll+0x209a57]
V  [jvm.dll+0x2082a1]
V  [jvm.dll+0x6ef58f]
V  [jvm.dll+0x6e80b5]
V  [jvm.dll+0x5f1036]
C  [ucrtbase.dll+0x26c0c]
C  [KERNEL32.DLL+0x154e0]
C  [ntdll.dll+0x485b]


---------------  P R O C E S S  ---------------

Threads class SMR info:
_java_thread_list=0x0000014dc24e3f50, length=122, elements={
0x0000014d9feac800, 0x0000014dbc2da800, 0x0000014dbc2dd800, 0x0000014dbcc82800,
0x0000014dbc2f5800, 0x0000014dbc2f6800, 0x0000014dbc2fa000, 0x0000014dbc302000,
0x0000014dbc314000, 0x0000014dbcdc0800, 0x0000014dbe781000, 0x0000014dbd02f800,
0x0000014dc0623000, 0x0000014dbeddd800, 0x0000014dbf08c000, 0x0000014dbe4a9000,
0x0000014dbda61800, 0x0000014dbda62800, 0x0000014dbf2c5800, 0x0000014dbf2c8000,
0x0000014dbf2c9800, 0x0000014dbf2c7000, 0x0000014dbf2c8800, 0x0000014dbf2c3800,
0x0000014dbf2c6000, 0x0000014dbf2ca000, 0x0000014dbf2c4800, 0x0000014dbd18d800,
0x0000014dbd192000, 0x0000014dbd191800, 0x0000014dbd190800, 0x0000014dbd18e000,
0x0000014dbd190000, 0x0000014dbd18c800, 0x0000014dbd194800, 0x0000014dbd18f000,
0x0000014dbd195800, 0x0000014dbd196800, 0x0000014dbf271000, 0x0000014dbd197000,
0x0000014dbd193000, 0x0000014dbd194000, 0x0000014dbd199800, 0x0000014dbd19a800,
0x0000014dbd19b000, 0x0000014dc2592800, 0x0000014dc2591000, 0x0000014dc258f800,
0x0000014dc2592000, 0x0000014dc258e800, 0x0000014dc258d000, 0x0000014dc258e000,
0x0000014dc2590000, 0x0000014dc2593800, 0x0000014dc076a000, 0x0000014dc0768800,
0x0000014dc0766800, 0x0000014dc0769000, 0x0000014dc0765000, 0x0000014dc0764800,
0x0000014dc0767800, 0x0000014dc0766000, 0x0000014dc076b000, 0x0000014dbec10000,
0x0000014dbec16800, 0x0000014dbec11000, 0x0000014dbec14000, 0x0000014dbec15000,
0x0000014dbec13800, 0x0000014dbec15800, 0x0000014dbec17800, 0x0000014dbec11800,
0x0000014dbec18000, 0x0000014dbec12800, 0x0000014dbec1b800, 0x0000014dbec1e800,
0x0000014dbec19000, 0x0000014dbec1a800, 0x0000014dbec1e000, 0x0000014dbec1c000,
0x0000014dbec1d000, 0x0000014dbec1a000, 0x0000014dc035a000, 0x0000014dc035b000,
0x0000014dc035c800, 0x0000014dc035d000, 0x0000014dc035f000, 0x0000014dc0359000,
0x0000014dc035e000, 0x0000014dc035f800, 0x0000014dc0360800, 0x0000014dc0361800,
0x0000014dc035b800, 0x0000014dc0363000, 0x0000014dc0363800, 0x0000014dc0364800,
0x0000014dc0362000, 0x0000014dc0365800, 0x0000014dc0368000, 0x0000014dc0366000,
0x0000014dc0367000, 0x0000014dbef8d800, 0x0000014dbef8e800, 0x0000014dbef90000,
0x0000014dbef8f800, 0x0000014dbef91000, 0x0000014dbef8b000, 0x0000014dbef91800,
0x0000014dbef8d000, 0x0000014dbef8c000, 0x0000014dbef92800, 0x0000014dbef98800,
0x0000014dbef95000, 0x0000014dbef99000, 0x0000014dbef96000, 0x0000014dbef93800,
0x0000014dbef97800, 0x0000014dbef9a000, 0x0000014dbef96800, 0x0000014dbef94000,
0x0000014dbe76e000, 0x0000014dbe76b800
}

Java Threads: ( => current thread )
  0x0000014d9feac800 JavaThread "main" [_thread_blocked, id=6944, stack(0x0000000861800000,0x0000000861900000)]
  0x0000014dbc2da800 JavaThread "Reference Handler" daemon [_thread_blocked, id=13408, stack(0x0000000861f00000,0x0000000862000000)]
  0x0000014dbc2dd800 JavaThread "Finalizer" daemon [_thread_blocked, id=11584, stack(0x0000000862000000,0x0000000862100000)]
  0x0000014dbcc82800 JavaThread "Signal Dispatcher" daemon [_thread_blocked, id=18972, stack(0x0000000862100000,0x0000000862200000)]
  0x0000014dbc2f5800 JavaThread "Attach Listener" daemon [_thread_blocked, id=1064, stack(0x0000000862200000,0x0000000862300000)]
  0x0000014dbc2f6800 JavaThread "Service Thread" daemon [_thread_blocked, id=9724, stack(0x0000000862300000,0x0000000862400000)]
=>0x0000014dbc2fa000 JavaThread "C2 CompilerThread0" daemon [_thread_in_native, id=18260, stack(0x0000000862400000,0x0000000862500000)]
  0x0000014dbc302000 JavaThread "C1 CompilerThread0" daemon [_thread_blocked, id=18252, stack(0x0000000862500000,0x0000000862600000)]
  0x0000014dbc314000 JavaThread "Sweeper thread" daemon [_thread_blocked, id=8640, stack(0x0000000862600000,0x0000000862700000)]
  0x0000014dbcdc0800 JavaThread "Common-Cleaner" daemon [_thread_blocked, id=14488, stack(0x0000000862700000,0x0000000862800000)]
  0x0000014dbe781000 JavaThread "Daemon health stats" [_thread_blocked, id=1820, stack(0x0000000862b00000,0x0000000862c00000)]
  0x0000014dbd02f800 JavaThread "Incoming local TCP Connector on port 64686" [_thread_in_native, id=13608, stack(0x0000000862900000,0x0000000862a00000)]
  0x0000014dc0623000 JavaThread "Daemon periodic checks" [_thread_blocked, id=3624, stack(0x0000000862e00000,0x0000000862f00000)]
  0x0000014dbeddd800 JavaThread "Daemon" [_thread_blocked, id=17996, stack(0x0000000862f00000,0x0000000863000000)]
  0x0000014dbf08c000 JavaThread "Handler for socket connection from /127.0.0.1:64686 to /127.0.0.1:64687" [_thread_in_native, id=17920, stack(0x0000000863000000,0x0000000863100000)]
  0x0000014dbe4a9000 JavaThread "Cancel handler" [_thread_blocked, id=4276, stack(0x0000000863100000,0x0000000863200000)]
  0x0000014dbda61800 JavaThread "Daemon worker" [_thread_in_vm, id=16444, stack(0x0000000863200000,0x0000000863300000)]
  0x0000014dbda62800 JavaThread "Asynchronous log dispatcher for DefaultDaemonConnection: socket connection from /127.0.0.1:64686 to /127.0.0.1:64687" [_thread_blocked, id=1768, stack(0x0000000863300000,0x0000000863400000)]
  0x0000014dbf2c5800 JavaThread "Stdin handler" [_thread_blocked, id=3164, stack(0x0000000863400000,0x0000000863500000)]
  0x0000014dbf2c8000 JavaThread "Daemon client event forwarder" [_thread_blocked, id=4740, stack(0x0000000863500000,0x0000000863600000)]
  0x0000014dbf2c9800 JavaThread "Cache worker for journal cache (C:\Users\Dell\.gradle\caches\journal-1)" [_thread_blocked, id=17060, stack(0x0000000863600000,0x0000000863700000)]
  0x0000014dbf2c7000 JavaThread "File lock request listener" [_thread_in_native, id=15944, stack(0x0000000863700000,0x0000000863800000)]
  0x0000014dbf2c8800 JavaThread "Cache worker for file hash cache (C:\Users\Dell\.gradle\caches\7.2\fileHashes)" [_thread_blocked, id=19160, stack(0x0000000863d00000,0x0000000863e00000)]
  0x0000014dbf2c3800 JavaThread "Cache worker for file hash cache (D:\QuizeeGame\.gradle\7.2\fileHashes)" [_thread_blocked, id=18616, stack(0x0000000863f00000,0x0000000864000000)]
  0x0000014dbf2c6000 JavaThread "File watcher server" daemon [_thread_in_native, id=8964, stack(0x0000000864000000,0x0000000864100000)]
  0x0000014dbf2ca000 JavaThread "File watcher consumer" daemon [_thread_blocked, id=18168, stack(0x0000000864100000,0x0000000864200000)]
  0x0000014dbf2c4800 JavaThread "jar transforms" [_thread_blocked, id=13972, stack(0x0000000864200000,0x0000000864300000)]
  0x0000014dbd18d800 JavaThread "jar transforms Thread 2" [_thread_blocked, id=14528, stack(0x0000000864300000,0x0000000864400000)]
  0x0000014dbd192000 JavaThread "jar transforms Thread 3" [_thread_blocked, id=6772, stack(0x0000000864400000,0x0000000864500000)]
  0x0000014dbd191800 JavaThread "jar transforms Thread 4" [_thread_blocked, id=7552, stack(0x0000000864500000,0x0000000864600000)]
  0x0000014dbd190800 JavaThread "jar transforms Thread 5" [_thread_blocked, id=14312, stack(0x0000000864600000,0x0000000864700000)]
  0x0000014dbd18e000 JavaThread "jar transforms Thread 6" [_thread_blocked, id=1524, stack(0x0000000864700000,0x0000000864800000)]
  0x0000014dbd190000 JavaThread "jar transforms Thread 7" [_thread_blocked, id=8644, stack(0x0000000864800000,0x0000000864900000)]
  0x0000014dbd18c800 JavaThread "jar transforms Thread 8" [_thread_blocked, id=11128, stack(0x0000000864900000,0x0000000864a00000)]
  0x0000014dbd194800 JavaThread "Cache worker for checksums cache (D:\QuizeeGame\.gradle\checksums)" [_thread_blocked, id=6696, stack(0x0000000864a00000,0x0000000864b00000)]
  0x0000014dbd18f000 JavaThread "Cache worker for cache directory md-supplier (C:\Users\Dell\.gradle\caches\7.2\md-supplier)" [_thread_blocked, id=19276, stack(0x0000000864b00000,0x0000000864c00000)]
  0x0000014dbd195800 JavaThread "Cache worker for cache directory md-rule (C:\Users\Dell\.gradle\caches\7.2\md-rule)" [_thread_blocked, id=6684, stack(0x0000000864c00000,0x0000000864d00000)]
  0x0000014dbd196800 JavaThread "Cache worker for execution history cache (C:\Users\Dell\.gradle\caches\7.2\executionHistory)" [_thread_blocked, id=2732, stack(0x0000000864d00000,0x0000000864e00000)]
  0x0000014dbf271000 JavaThread "C2 CompilerThread1" daemon [_thread_blocked, id=9720, stack(0x0000000863e00000,0x0000000863f00000)]
  0x0000014dbd197000 JavaThread "Cache worker for file content cache (C:\Users\Dell\.gradle\caches\7.2\fileContent)" [_thread_blocked, id=13172, stack(0x0000000864e00000,0x0000000864f00000)]
  0x0000014dbd193000 JavaThread "Cache worker for dependencies-accessors (D:\QuizeeGame\.gradle\7.2\dependencies-accessors)" [_thread_blocked, id=17204, stack(0x0000000864f00000,0x0000000865000000)]
  0x0000014dbd194000 JavaThread "Cache worker for Build Output Cleanup Cache (D:\QuizeeGame\.gradle\buildOutputCleanup)" [_thread_blocked, id=13948, stack(0x0000000865000000,0x0000000865100000)]
  0x0000014dbd199800 JavaThread "Unconstrained build operations" [_thread_blocked, id=7416, stack(0x0000000865100000,0x0000000865200000)]
  0x0000014dbd19a800 JavaThread "Unconstrained build operations Thread 2" [_thread_blocked, id=14404, stack(0x0000000865200000,0x0000000865300000)]
  0x0000014dbd19b000 JavaThread "Unconstrained build operations Thread 3" [_thread_blocked, id=9716, stack(0x0000000865300000,0x0000000865400000)]
  0x0000014dc2592800 JavaThread "Unconstrained build operations Thread 4" [_thread_blocked, id=11356, stack(0x0000000865400000,0x0000000865500000)]
  0x0000014dc2591000 JavaThread "Unconstrained build operations Thread 5" [_thread_blocked, id=15704, stack(0x0000000865500000,0x0000000865600000)]
  0x0000014dc258f800 JavaThread "Unconstrained build operations Thread 6" [_thread_blocked, id=12904, stack(0x0000000865600000,0x0000000865700000)]
  0x0000014dc2592000 JavaThread "Unconstrained build operations Thread 7" [_thread_blocked, id=11452, stack(0x0000000865700000,0x0000000865800000)]
  0x0000014dc258e800 JavaThread "Unconstrained build operations Thread 8" [_thread_blocked, id=9228, stack(0x0000000865800000,0x0000000865900000)]
  0x0000014dc258d000 JavaThread "Unconstrained build operations Thread 9" [_thread_blocked, id=9276, stack(0x0000000865900000,0x0000000865a00000)]
  0x0000014dc258e000 JavaThread "Unconstrained build operations Thread 10" [_thread_blocked, id=19228, stack(0x0000000865a00000,0x0000000865b00000)]
  0x0000014dc2590000 JavaThread "Unconstrained build operations Thread 11" [_thread_blocked, id=4756, stack(0x0000000865b00000,0x0000000865c00000)]
  0x0000014dc2593800 JavaThread "Unconstrained build operations Thread 12" [_thread_blocked, id=16060, stack(0x0000000865c00000,0x0000000865d00000)]
  0x0000014dc076a000 JavaThread "Unconstrained build operations Thread 13" [_thread_blocked, id=3224, stack(0x0000000865d00000,0x0000000865e00000)]
  0x0000014dc0768800 JavaThread "Unconstrained build operations Thread 14" [_thread_blocked, id=6104, stack(0x0000000865e00000,0x0000000865f00000)]
  0x0000014dc0766800 JavaThread "Unconstrained build operations Thread 15" [_thread_blocked, id=656, stack(0x0000000865f00000,0x0000000866000000)]
  0x0000014dc0769000 JavaThread "Unconstrained build operations Thread 16" [_thread_blocked, id=6064, stack(0x0000000866000000,0x0000000866100000)]
  0x0000014dc0765000 JavaThread "Unconstrained build operations Thread 17" [_thread_blocked, id=15548, stack(0x0000000866100000,0x0000000866200000)]
  0x0000014dc0764800 JavaThread "Unconstrained build operations Thread 18" [_thread_blocked, id=6816, stack(0x0000000866200000,0x0000000866300000)]
  0x0000014dc0767800 JavaThread "Unconstrained build operations Thread 19" [_thread_blocked, id=17320, stack(0x0000000866300000,0x0000000866400000)]
  0x0000014dc0766000 JavaThread "Unconstrained build operations Thread 20" [_thread_blocked, id=12848, stack(0x0000000866400000,0x0000000866500000)]
  0x0000014dc076b000 JavaThread "Unconstrained build operations Thread 21" [_thread_blocked, id=18340, stack(0x0000000866500000,0x0000000866600000)]
  0x0000014dbec10000 JavaThread "Unconstrained build operations Thread 22" [_thread_blocked, id=12244, stack(0x0000000866600000,0x0000000866700000)]
  0x0000014dbec16800 JavaThread "Unconstrained build operations Thread 23" [_thread_blocked, id=2900, stack(0x0000000866700000,0x0000000866800000)]
  0x0000014dbec11000 JavaThread "Unconstrained build operations Thread 24" [_thread_blocked, id=2136, stack(0x0000000866800000,0x0000000866900000)]
  0x0000014dbec14000 JavaThread "Unconstrained build operations Thread 25" [_thread_blocked, id=17520, stack(0x0000000866900000,0x0000000866a00000)]
  0x0000014dbec15000 JavaThread "Unconstrained build operations Thread 26" [_thread_blocked, id=14872, stack(0x0000000866a00000,0x0000000866b00000)]
  0x0000014dbec13800 JavaThread "Unconstrained build operations Thread 27" [_thread_blocked, id=10804, stack(0x0000000866b00000,0x0000000866c00000)]
  0x0000014dbec15800 JavaThread "Unconstrained build operations Thread 28" [_thread_blocked, id=2396, stack(0x0000000866c00000,0x0000000866d00000)]
  0x0000014dbec17800 JavaThread "Unconstrained build operations Thread 29" [_thread_blocked, id=6784, stack(0x0000000866d00000,0x0000000866e00000)]
  0x0000014dbec11800 JavaThread "Unconstrained build operations Thread 30" [_thread_blocked, id=3708, stack(0x0000000866e00000,0x0000000866f00000)]
  0x0000014dbec18000 JavaThread "Unconstrained build operations Thread 31" [_thread_blocked, id=5936, stack(0x0000000866f00000,0x0000000867000000)]
  0x0000014dbec12800 JavaThread "Unconstrained build operations Thread 32" [_thread_blocked, id=14236, stack(0x0000000867000000,0x0000000867100000)]
  0x0000014dbec1b800 JavaThread "Unconstrained build operations Thread 33" [_thread_blocked, id=15932, stack(0x0000000867100000,0x0000000867200000)]
  0x0000014dbec1e800 JavaThread "Unconstrained build operations Thread 34" [_thread_blocked, id=16832, stack(0x0000000867200000,0x0000000867300000)]
  0x0000014dbec19000 JavaThread "Unconstrained build operations Thread 35" [_thread_blocked, id=18200, stack(0x0000000867300000,0x0000000867400000)]
  0x0000014dbec1a800 JavaThread "Unconstrained build operations Thread 36" [_thread_blocked, id=6180, stack(0x0000000867400000,0x0000000867500000)]
  0x0000014dbec1e000 JavaThread "Unconstrained build operations Thread 37" [_thread_blocked, id=11304, stack(0x0000000867500000,0x0000000867600000)]
  0x0000014dbec1c000 JavaThread "Unconstrained build operations Thread 38" [_thread_blocked, id=10048, stack(0x0000000867600000,0x0000000867700000)]
  0x0000014dbec1d000 JavaThread "Unconstrained build operations Thread 39" [_thread_blocked, id=18840, stack(0x0000000867700000,0x0000000867800000)]
  0x0000014dbec1a000 JavaThread "Unconstrained build operations Thread 40" [_thread_blocked, id=17264, stack(0x0000000867800000,0x0000000867900000)]
  0x0000014dc035a000 JavaThread "Unconstrained build operations Thread 41" [_thread_blocked, id=7016, stack(0x0000000867900000,0x0000000867a00000)]
  0x0000014dc035b000 JavaThread "Unconstrained build operations Thread 42" [_thread_blocked, id=10744, stack(0x0000000867a00000,0x0000000867b00000)]
  0x0000014dc035c800 JavaThread "Unconstrained build operations Thread 43" [_thread_blocked, id=14172, stack(0x0000000867b00000,0x0000000867c00000)]
  0x0000014dc035d000 JavaThread "Unconstrained build operations Thread 44" [_thread_blocked, id=18556, stack(0x0000000867c00000,0x0000000867d00000)]
  0x0000014dc035f000 JavaThread "Unconstrained build operations Thread 45" [_thread_blocked, id=6868, stack(0x0000000867d00000,0x0000000867e00000)]
  0x0000014dc0359000 JavaThread "Unconstrained build operations Thread 46" [_thread_blocked, id=16372, stack(0x0000000867e00000,0x0000000867f00000)]
  0x0000014dc035e000 JavaThread "Unconstrained build operations Thread 47" [_thread_blocked, id=17256, stack(0x0000000867f00000,0x0000000868000000)]
  0x0000014dc035f800 JavaThread "Unconstrained build operations Thread 48" [_thread_blocked, id=16040, stack(0x0000000868000000,0x0000000868100000)]
  0x0000014dc0360800 JavaThread "Unconstrained build operations Thread 49" [_thread_blocked, id=14116, stack(0x0000000868100000,0x0000000868200000)]
  0x0000014dc0361800 JavaThread "Unconstrained build operations Thread 50" [_thread_blocked, id=12748, stack(0x0000000868200000,0x0000000868300000)]
  0x0000014dc035b800 JavaThread "Unconstrained build operations Thread 51" [_thread_blocked, id=12232, stack(0x0000000868300000,0x0000000868400000)]
  0x0000014dc0363000 JavaThread "Unconstrained build operations Thread 52" [_thread_blocked, id=15868, stack(0x0000000868400000,0x0000000868500000)]
  0x0000014dc0363800 JavaThread "Unconstrained build operations Thread 53" [_thread_blocked, id=964, stack(0x0000000868500000,0x0000000868600000)]
  0x0000014dc0364800 JavaThread "Unconstrained build operations Thread 54" [_thread_blocked, id=11116, stack(0x0000000868600000,0x0000000868700000)]
  0x0000014dc0362000 JavaThread "Unconstrained build operations Thread 55" [_thread_blocked, id=13116, stack(0x0000000868700000,0x0000000868800000)]
  0x0000014dc0365800 JavaThread "Unconstrained build operations Thread 56" [_thread_blocked, id=1840, stack(0x0000000868800000,0x0000000868900000)]
  0x0000014dc0368000 JavaThread "Unconstrained build operations Thread 57" [_thread_blocked, id=13864, stack(0x0000000868900000,0x0000000868a00000)]
  0x0000014dc0366000 JavaThread "Unconstrained build operations Thread 58" [_thread_blocked, id=16368, stack(0x0000000868a00000,0x0000000868b00000)]
  0x0000014dc0367000 JavaThread "Unconstrained build operations Thread 59" [_thread_blocked, id=4588, stack(0x0000000868b00000,0x0000000868c00000)]
  0x0000014dbef8d800 JavaThread "Unconstrained build operations Thread 60" [_thread_blocked, id=17872, stack(0x0000000868c00000,0x0000000868d00000)]
  0x0000014dbef8e800 JavaThread "Unconstrained build operations Thread 61" [_thread_blocked, id=13144, stack(0x0000000868d00000,0x0000000868e00000)]
  0x0000014dbef90000 JavaThread "Unconstrained build operations Thread 62" [_thread_blocked, id=11448, stack(0x0000000868e00000,0x0000000868f00000)]
  0x0000014dbef8f800 JavaThread "Unconstrained build operations Thread 63" [_thread_blocked, id=14536, stack(0x0000000868f00000,0x0000000869000000)]
  0x0000014dbef91000 JavaThread "Unconstrained build operations Thread 64" [_thread_blocked, id=1724, stack(0x0000000869000000,0x0000000869100000)]
  0x0000014dbef8b000 JavaThread "Unconstrained build operations Thread 65" [_thread_blocked, id=16984, stack(0x0000000869100000,0x0000000869200000)]
  0x0000014dbef91800 JavaThread "Unconstrained build operations Thread 66" [_thread_blocked, id=1792, stack(0x0000000869200000,0x0000000869300000)]
  0x0000014dbef8d000 JavaThread "Unconstrained build operations Thread 67" [_thread_blocked, id=17980, stack(0x0000000869300000,0x0000000869400000)]
  0x0000014dbef8c000 JavaThread "Unconstrained build operations Thread 68" [_thread_blocked, id=16668, stack(0x0000000869400000,0x0000000869500000)]
  0x0000014dbef92800 JavaThread "Unconstrained build operations Thread 69" [_thread_blocked, id=10328, stack(0x0000000869500000,0x0000000869600000)]
  0x0000014dbef98800 JavaThread "Unconstrained build operations Thread 70" [_thread_blocked, id=11140, stack(0x0000000869600000,0x0000000869700000)]
  0x0000014dbef95000 JavaThread "Unconstrained build operations Thread 71" [_thread_blocked, id=18924, stack(0x0000000869700000,0x0000000869800000)]
  0x0000014dbef99000 JavaThread "Unconstrained build operations Thread 72" [_thread_blocked, id=18816, stack(0x0000000869800000,0x0000000869900000)]
  0x0000014dbef96000 JavaThread "Unconstrained build operations Thread 73" [_thread_blocked, id=13960, stack(0x0000000869900000,0x0000000869a00000)]
  0x0000014dbef93800 JavaThread "Unconstrained build operations Thread 74" [_thread_blocked, id=9464, stack(0x0000000869a00000,0x0000000869b00000)]
  0x0000014dbef97800 JavaThread "Unconstrained build operations Thread 75" [_thread_blocked, id=2524, stack(0x0000000869b00000,0x0000000869c00000)]
  0x0000014dbef9a000 JavaThread "Unconstrained build operations Thread 76" [_thread_blocked, id=7976, stack(0x0000000869c00000,0x0000000869d00000)]
  0x0000014dbef96800 JavaThread "Unconstrained build operations Thread 77" [_thread_blocked, id=6436, stack(0x0000000869d00000,0x0000000869e00000)]
  0x0000014dbef94000 JavaThread "Unconstrained build operations Thread 78" [_thread_blocked, id=13048, stack(0x0000000869e00000,0x0000000869f00000)]
  0x0000014dbe76e000 JavaThread "Unconstrained build operations Thread 79" [_thread_blocked, id=16028, stack(0x0000000869f00000,0x000000086a000000)]
  0x0000014dbe76b800 JavaThread "Unconstrained build operations Thread 80" [_thread_blocked, id=2108, stack(0x000000086a000000,0x000000086a100000)]

Other Threads:
  0x0000014dbc2d9000 VMThread "VM Thread" [stack: 0x0000000861e00000,0x0000000861f00000] [id=17732]
  0x0000014dbcde9000 WatcherThread [stack: 0x0000000862800000,0x0000000862900000] [id=4048]
  0x0000014d9fec4800 GCTaskThread "GC Thread#0" [stack: 0x0000000861900000,0x0000000861a00000] [id=18468]
  0x0000014dbd96f800 GCTaskThread "GC Thread#1" [stack: 0x0000000862a00000,0x0000000862b00000] [id=15520]
  0x0000014dbf272800 GCTaskThread "GC Thread#2" [stack: 0x0000000862c00000,0x0000000862d00000] [id=13668]
  0x0000014dbdd8f000 GCTaskThread "GC Thread#3" [stack: 0x0000000862d00000,0x0000000862e00000] [id=3148]
  0x0000014dbda36800 GCTaskThread "GC Thread#4" [stack: 0x0000000863800000,0x0000000863900000] [id=6716]
  0x0000014dbdb8e800 GCTaskThread "GC Thread#5" [stack: 0x0000000863900000,0x0000000863a00000] [id=9884]
  0x0000014dbeb64000 GCTaskThread "GC Thread#6" [stack: 0x0000000863a00000,0x0000000863b00000] [id=12928]
  0x0000014dbd67f000 GCTaskThread "GC Thread#7" [stack: 0x0000000863b00000,0x0000000863c00000] [id=18048]
  0x0000014d9fef7800 ConcurrentGCThread "G1 Main Marker" [stack: 0x0000000861a00000,0x0000000861b00000] [id=12344]
  0x0000014d9fefa000 ConcurrentGCThread "G1 Conc#0" [stack: 0x0000000861b00000,0x0000000861c00000] [id=18796]
  0x0000014dbe399000 ConcurrentGCThread "G1 Conc#1" [stack: 0x0000000863c00000,0x0000000863d00000] [id=14148]
  0x0000014d9ff80800 ConcurrentGCThread "G1 Refine#0" [stack: 0x0000000861c00000,0x0000000861d00000] [id=2324]
  0x0000014d9ff81800 ConcurrentGCThread "G1 Young RemSet Sampling" [stack: 0x0000000861d00000,0x0000000861e00000] [id=16308]

Threads with active compile tasks:
C2 CompilerThread0  13161 5744       4       org.objectweb.asm.SymbolTable::addConstantMemberReference (147 bytes)

VM state:not at safepoint (normal execution)

VM Mutex/Monitor currently owned by a thread: None

Heap address: 0x0000000080000000, size: 2048 MB, Compressed Oops mode: 32-bit
Narrow klass base: 0x0000000000000000, Narrow klass shift: 3
Compressed class space size: 1073741824 Address: 0x0000000100000000

Heap:
 garbage-first heap   total 143360K, used 72434K [0x0000000080000000, 0x0000000100000000)
  region size 1024K, 6 young (6144K), 2 survivors (2048K)
 Metaspace       used 53520K, capacity 55165K, committed 55296K, reserved 1097728K
  class space    used 6840K, capacity 7355K, committed 7424K, reserved 1048576K
Heap Regions: E=young(eden), S=young(survivor), O=old, HS=humongous(starts), HC=humongous(continues), CS=collection set, F=free, A=archive, TAMS=top-at-mark-start (previous, next)
|   0|0x0000000080000000, 0x0000000080100000, 0x0000000080100000|100%| O|  |TAMS 0x0000000080100000, 0x0000000080000000| Untracked 
|   1|0x0000000080100000, 0x0000000080200000, 0x0000000080200000|100%| O|  |TAMS 0x0000000080200000, 0x0000000080100000| Untracked 
|   2|0x0000000080200000, 0x0000000080300000, 0x0000000080300000|100%| O|  |TAMS 0x0000000080300000, 0x0000000080200000| Untracked 
|   3|0x0000000080300000, 0x0000000080400000, 0x0000000080400000|100%|HS|  |TAMS 0x0000000080400000, 0x0000000080300000| Complete 
|   4|0x0000000080400000, 0x0000000080500000, 0x0000000080500000|100%|HC|  |TAMS 0x0000000080500000, 0x0000000080400000| Complete 
|   5|0x0000000080500000, 0x0000000080600000, 0x0000000080600000|100%|HC|  |TAMS 0x0000000080600000, 0x0000000080500000| Complete 
|   6|0x0000000080600000, 0x0000000080700000, 0x0000000080700000|100%| O|  |TAMS 0x0000000080700000, 0x0000000080600000| Untracked 
|   7|0x0000000080700000, 0x0000000080800000, 0x0000000080800000|100%| O|  |TAMS 0x0000000080800000, 0x0000000080700000| Untracked 
|   8|0x0000000080800000, 0x0000000080900000, 0x0000000080900000|100%| O|  |TAMS 0x0000000080900000, 0x0000000080800000| Untracked 
|   9|0x0000000080900000, 0x0000000080a00000, 0x0000000080a00000|100%| O|  |TAMS 0x0000000080a00000, 0x0000000080900000| Untracked 
|  10|0x0000000080a00000, 0x0000000080b00000, 0x0000000080b00000|100%| O|  |TAMS 0x0000000080b00000, 0x0000000080a00000| Untracked 
|  11|0x0000000080b00000, 0x0000000080c00000, 0x0000000080c00000|100%| O|  |TAMS 0x0000000080c00000, 0x0000000080b00000| Untracked 
|  12|0x0000000080c00000, 0x0000000080d00000, 0x0000000080d00000|100%| O|  |TAMS 0x0000000080d00000, 0x0000000080c00000| Untracked 
|  13|0x0000000080d00000, 0x0000000080e00000, 0x0000000080e00000|100%| O|  |TAMS 0x0000000080e00000, 0x0000000080d00000| Untracked 
|  14|0x0000000080e00000, 0x0000000080f00000, 0x0000000080f00000|100%| O|  |TAMS 0x0000000080f00000, 0x0000000080e00000| Untracked 
|  15|0x0000000080f00000, 0x0000000081000000, 0x0000000081000000|100%|HS|  |TAMS 0x0000000081000000, 0x0000000080f00000| Complete 
|  16|0x0000000081000000, 0x0000000081100000, 0x0000000081100000|100%|HC|  |TAMS 0x0000000081100000, 0x0000000081000000| Complete 
|  17|0x0000000081100000, 0x0000000081200000, 0x0000000081200000|100%|HS|  |TAMS 0x0000000081200000, 0x0000000081100000| Complete 
|  18|0x0000000081200000, 0x0000000081300000, 0x0000000081300000|100%|HC|  |TAMS 0x0000000081300000, 0x0000000081200000| Complete 
|  19|0x0000000081300000, 0x0000000081400000, 0x0000000081400000|100%|HC|  |TAMS 0x0000000081400000, 0x0000000081300000| Complete 
|  20|0x0000000081400000, 0x0000000081500000, 0x0000000081500000|100%|HS|  |TAMS 0x0000000081500000, 0x0000000081400000| Complete 
|  21|0x0000000081500000, 0x0000000081600000, 0x0000000081600000|100%|HC|  |TAMS 0x0000000081600000, 0x0000000081500000| Complete 
|  22|0x0000000081600000, 0x0000000081700000, 0x0000000081700000|100%|HC|  |TAMS 0x0000000081700000, 0x0000000081600000| Complete 
|  23|0x0000000081700000, 0x0000000081800000, 0x0000000081800000|100%|HC|  |TAMS 0x0000000081800000, 0x0000000081700000| Complete 
|  24|0x0000000081800000, 0x0000000081900000, 0x0000000081900000|100%| O|  |TAMS 0x0000000081900000, 0x0000000081800000| Untracked 
|  25|0x0000000081900000, 0x0000000081a00000, 0x0000000081a00000|100%| O|  |TAMS 0x0000000081a00000, 0x0000000081900000| Untracked 
|  26|0x0000000081a00000, 0x0000000081b00000, 0x0000000081b00000|100%| O|  |TAMS 0x0000000081b00000, 0x0000000081a00000| Untracked 
|  27|0x0000000081b00000, 0x0000000081c00000, 0x0000000081c00000|100%| O|  |TAMS 0x0000000081c00000, 0x0000000081b00000| Untracked 
|  28|0x0000000081c00000, 0x0000000081d00000, 0x0000000081d00000|100%| O|  |TAMS 0x0000000081d00000, 0x0000000081c00000| Untracked 
|  29|0x0000000081d00000, 0x0000000081e00000, 0x0000000081e00000|100%| O|  |TAMS 0x0000000081e00000, 0x0000000081d00000| Untracked 
|  30|0x0000000081e00000, 0x0000000081f00000, 0x0000000081f00000|100%| O|  |TAMS 0x0000000081f00000, 0x0000000081e00000| Untracked 
|  31|0x0000000081f00000, 0x0000000082000000, 0x0000000082000000|100%| O|  |TAMS 0x0000000082000000, 0x0000000081f00000| Untracked 
|  32|0x0000000082000000, 0x0000000082100000, 0x0000000082100000|100%| O|  |TAMS 0x0000000082100000, 0x0000000082000000| Untracked 
|  33|0x0000000082100000, 0x0000000082200000, 0x0000000082200000|100%| O|  |TAMS 0x0000000082200000, 0x0000000082100000| Untracked 
|  34|0x0000000082200000, 0x0000000082300000, 0x0000000082300000|100%| O|  |TAMS 0x0000000082300000, 0x0000000082200000| Untracked 
|  35|0x0000000082300000, 0x0000000082400000, 0x0000000082400000|100%| O|  |TAMS 0x0000000082400000, 0x0000000082300000| Untracked 
|  36|0x0000000082400000, 0x0000000082500000, 0x0000000082500000|100%|HS|  |TAMS 0x0000000082500000, 0x0000000082400000| Complete 
|  37|0x0000000082500000, 0x0000000082600000, 0x0000000082600000|100%|HC|  |TAMS 0x0000000082600000, 0x0000000082500000| Complete 
|  38|0x0000000082600000, 0x0000000082700000, 0x0000000082700000|100%|HC|  |TAMS 0x0000000082700000, 0x0000000082600000| Complete 
|  39|0x0000000082700000, 0x0000000082800000, 0x0000000082800000|100%| O|  |TAMS 0x0000000082800000, 0x0000000082700000| Untracked 
|  40|0x0000000082800000, 0x0000000082900000, 0x0000000082900000|100%| O|  |TAMS 0x0000000082900000, 0x0000000082800000| Untracked 
|  41|0x0000000082900000, 0x0000000082a00000, 0x0000000082a00000|100%| O|  |TAMS 0x0000000082a00000, 0x0000000082900000| Untracked 
|  42|0x0000000082a00000, 0x0000000082b00000, 0x0000000082b00000|100%|HS|  |TAMS 0x0000000082b00000, 0x0000000082a00000| Complete 
|  43|0x0000000082b00000, 0x0000000082c00000, 0x0000000082c00000|100%|HC|  |TAMS 0x0000000082c00000, 0x0000000082b00000| Complete 
|  44|0x0000000082c00000, 0x0000000082d00000, 0x0000000082d00000|100%|HC|  |TAMS 0x0000000082d00000, 0x0000000082c00000| Complete 
|  45|0x0000000082d00000, 0x0000000082e00000, 0x0000000082e00000|100%|HC|  |TAMS 0x0000000082e00000, 0x0000000082d00000| Complete 
|  46|0x0000000082e00000, 0x0000000082f00000, 0x0000000082f00000|100%| O|  |TAMS 0x0000000082f00000, 0x0000000082e00000| Untracked 
|  47|0x0000000082f00000, 0x0000000083000000, 0x0000000083000000|100%| O|  |TAMS 0x0000000083000000, 0x0000000082f00000| Untracked 
|  48|0x0000000083000000, 0x0000000083100000, 0x0000000083100000|100%| O|  |TAMS 0x0000000083100000, 0x0000000083000000| Untracked 
|  49|0x0000000083100000, 0x0000000083200000, 0x0000000083200000|100%| O|  |TAMS 0x0000000083200000, 0x0000000083100000| Untracked 
|  50|0x0000000083200000, 0x0000000083300000, 0x0000000083300000|100%| O|  |TAMS 0x0000000083300000, 0x0000000083200000| Untracked 
|  51|0x0000000083300000, 0x0000000083400000, 0x0000000083400000|100%| O|  |TAMS 0x0000000083400000, 0x0000000083300000| Untracked 
|  52|0x0000000083400000, 0x0000000083500000, 0x0000000083500000|100%| O|  |TAMS 0x0000000083500000, 0x0000000083400000| Untracked 
|  53|0x0000000083500000, 0x0000000083600000, 0x0000000083600000|100%| O|  |TAMS 0x0000000083600000, 0x0000000083500000| Untracked 
|  54|0x0000000083600000, 0x0000000083700000, 0x0000000083700000|100%| O|  |TAMS 0x0000000083700000, 0x0000000083600000| Untracked 
|  55|0x0000000083700000, 0x0000000083800000, 0x0000000083800000|100%|HS|  |TAMS 0x0000000083800000, 0x0000000083700000| Complete 
|  56|0x0000000083800000, 0x0000000083900000, 0x0000000083900000|100%|HS|  |TAMS 0x0000000083900000, 0x0000000083800000| Complete 
|  57|0x0000000083900000, 0x0000000083a00000, 0x0000000083a00000|100%|HS|  |TAMS 0x0000000083a00000, 0x0000000083900000| Complete 
|  58|0x0000000083a00000, 0x0000000083b00000, 0x0000000083b00000|100%| O|  |TAMS 0x0000000083af6800, 0x0000000083a00000| Untracked 
|  59|0x0000000083b00000, 0x0000000083c00000, 0x0000000083c00000|100%|HS|  |TAMS 0x0000000083b00000, 0x0000000083b00000| Complete 
|  60|0x0000000083c00000, 0x0000000083d00000, 0x0000000083d00000|100%|HC|  |TAMS 0x0000000083c00000, 0x0000000083c00000| Complete 
|  61|0x0000000083d00000, 0x0000000083e00000, 0x0000000083e00000|100%| O|  |TAMS 0x0000000083d00000, 0x0000000083d00000| Untracked 
|  62|0x0000000083e00000, 0x0000000083f00000, 0x0000000083f00000|100%| O|  |TAMS 0x0000000083e00000, 0x0000000083e00000| Untracked 
|  63|0x0000000083f00000, 0x0000000084000000, 0x0000000084000000|100%| O|  |TAMS 0x0000000083f00000, 0x0000000083f00000| Untracked 
|  64|0x0000000084000000, 0x0000000084100000, 0x0000000084100000|100%| O|  |TAMS 0x0000000084000000, 0x0000000084000000| Untracked 
|  65|0x0000000084100000, 0x00000000841ece00, 0x0000000084200000| 92%| O|  |TAMS 0x0000000084100000, 0x0000000084100000| Untracked 
|  66|0x0000000084200000, 0x0000000084200000, 0x0000000084300000|  0%| F|  |TAMS 0x0000000084200000, 0x0000000084200000| Untracked 
|  67|0x0000000084300000, 0x0000000084300000, 0x0000000084400000|  0%| F|  |TAMS 0x0000000084300000, 0x0000000084300000| Untracked 
|  68|0x0000000084400000, 0x0000000084400000, 0x0000000084500000|  0%| F|  |TAMS 0x0000000084400000, 0x0000000084400000| Untracked 
|  69|0x0000000084500000, 0x0000000084500000, 0x0000000084600000|  0%| F|  |TAMS 0x0000000084500000, 0x0000000084500000| Untracked 
|  70|0x0000000084600000, 0x0000000084600000, 0x0000000084700000|  0%| F|  |TAMS 0x0000000084600000, 0x0000000084600000| Untracked 
|  71|0x0000000084700000, 0x0000000084700000, 0x0000000084800000|  0%| F|  |TAMS 0x0000000084700000, 0x0000000084700000| Untracked 
|  72|0x0000000084800000, 0x0000000084800000, 0x0000000084900000|  0%| F|  |TAMS 0x0000000084800000, 0x0000000084800000| Untracked 
|  73|0x0000000084900000, 0x0000000084900000, 0x0000000084a00000|  0%| F|  |TAMS 0x0000000084900000, 0x0000000084900000| Untracked 
|  74|0x0000000084a00000, 0x0000000084a00000, 0x0000000084b00000|  0%| F|  |TAMS 0x0000000084a00000, 0x0000000084a00000| Untracked 
|  75|0x0000000084b00000, 0x0000000084b00000, 0x0000000084c00000|  0%| F|  |TAMS 0x0000000084b00000, 0x0000000084b00000| Untracked 
|  76|0x0000000084c00000, 0x0000000084c00000, 0x0000000084d00000|  0%| F|  |TAMS 0x0000000084c00000, 0x0000000084c00000| Untracked 
|  77|0x0000000084d00000, 0x0000000084d00000, 0x0000000084e00000|  0%| F|  |TAMS 0x0000000084d00000, 0x0000000084d00000| Untracked 
|  78|0x0000000084e00000, 0x0000000084e00000, 0x0000000084f00000|  0%| F|  |TAMS 0x0000000084e00000, 0x0000000084e00000| Untracked 
|  79|0x0000000084f00000, 0x0000000084f00000, 0x0000000085000000|  0%| F|  |TAMS 0x0000000084f00000, 0x0000000084f00000| Untracked 
|  80|0x0000000085000000, 0x0000000085000000, 0x0000000085100000|  0%| F|  |TAMS 0x0000000085000000, 0x0000000085000000| Untracked 
|  81|0x0000000085100000, 0x0000000085100000, 0x0000000085200000|  0%| F|  |TAMS 0x0000000085100000, 0x0000000085100000| Untracked 
|  82|0x0000000085200000, 0x0000000085200000, 0x0000000085300000|  0%| F|  |TAMS 0x0000000085200000, 0x0000000085200000| Untracked 
|  83|0x0000000085300000, 0x0000000085300000, 0x0000000085400000|  0%| F|  |TAMS 0x0000000085300000, 0x0000000085300000| Untracked 
|  84|0x0000000085400000, 0x0000000085400000, 0x0000000085500000|  0%| F|  |TAMS 0x0000000085400000, 0x0000000085400000| Untracked 
|  85|0x0000000085500000, 0x0000000085500000, 0x0000000085600000|  0%| F|  |TAMS 0x0000000085500000, 0x0000000085500000| Untracked 
|  86|0x0000000085600000, 0x0000000085600000, 0x0000000085700000|  0%| F|  |TAMS 0x0000000085600000, 0x0000000085600000| Untracked 
|  87|0x0000000085700000, 0x00000000857cfaa0, 0x0000000085800000| 81%| S|CS|TAMS 0x0000000085700000, 0x0000000085700000| Complete 
|  88|0x0000000085800000, 0x0000000085900000, 0x0000000085900000|100%| S|CS|TAMS 0x0000000085800000, 0x0000000085800000| Complete 
|  89|0x0000000085900000, 0x0000000085900000, 0x0000000085a00000|  0%| F|  |TAMS 0x0000000085900000, 0x0000000085900000| Untracked 
|  90|0x0000000085a00000, 0x0000000085a00000, 0x0000000085b00000|  0%| F|  |TAMS 0x0000000085a00000, 0x0000000085a00000| Untracked 
|  91|0x0000000085b00000, 0x0000000085b00000, 0x0000000085c00000|  0%| F|  |TAMS 0x0000000085b00000, 0x0000000085b00000| Untracked 
|  92|0x0000000085c00000, 0x0000000085c00000, 0x0000000085d00000|  0%| F|  |TAMS 0x0000000085c00000, 0x0000000085c00000| Untracked 
|  93|0x0000000085d00000, 0x0000000085d00000, 0x0000000085e00000|  0%| F|  |TAMS 0x0000000085d00000, 0x0000000085d00000| Untracked 
|  94|0x0000000085e00000, 0x0000000085e00000, 0x0000000085f00000|  0%| F|  |TAMS 0x0000000085e00000, 0x0000000085e00000| Untracked 
|  95|0x0000000085f00000, 0x0000000085f00000, 0x0000000086000000|  0%| F|  |TAMS 0x0000000085f00000, 0x0000000085f00000| Untracked 
|  96|0x0000000086000000, 0x0000000086000000, 0x0000000086100000|  0%| F|  |TAMS 0x0000000086000000, 0x0000000086000000| Untracked 
|  97|0x0000000086100000, 0x0000000086100000, 0x0000000086200000|  0%| F|  |TAMS 0x0000000086100000, 0x0000000086100000| Untracked 
|  98|0x0000000086200000, 0x0000000086200000, 0x0000000086300000|  0%| F|  |TAMS 0x0000000086200000, 0x0000000086200000| Untracked 
|  99|0x0000000086300000, 0x0000000086300000, 0x0000000086400000|  0%| F|  |TAMS 0x0000000086300000, 0x0000000086300000| Untracked 
| 100|0x0000000086400000, 0x0000000086400000, 0x0000000086500000|  0%| F|  |TAMS 0x0000000086400000, 0x0000000086400000| Untracked 
| 101|0x0000000086500000, 0x0000000086500000, 0x0000000086600000|  0%| F|  |TAMS 0x0000000086500000, 0x0000000086500000| Untracked 
| 102|0x0000000086600000, 0x0000000086600000, 0x0000000086700000|  0%| F|  |TAMS 0x0000000086600000, 0x0000000086600000| Untracked 
| 103|0x0000000086700000, 0x0000000086700000, 0x0000000086800000|  0%| F|  |TAMS 0x0000000086700000, 0x0000000086700000| Untracked 
| 104|0x0000000086800000, 0x0000000086800000, 0x0000000086900000|  0%| F|  |TAMS 0x0000000086800000, 0x0000000086800000| Untracked 
| 105|0x0000000086900000, 0x0000000086900000, 0x0000000086a00000|  0%| F|  |TAMS 0x0000000086900000, 0x0000000086900000| Untracked 
| 106|0x0000000086a00000, 0x0000000086a00000, 0x0000000086b00000|  0%| F|  |TAMS 0x0000000086a00000, 0x0000000086a00000| Untracked 
| 107|0x0000000086b00000, 0x0000000086b00000, 0x0000000086c00000|  0%| F|  |TAMS 0x0000000086b00000, 0x0000000086b00000| Untracked 
| 108|0x0000000086c00000, 0x0000000086c00000, 0x0000000086d00000|  0%| F|  |TAMS 0x0000000086c00000, 0x0000000086c00000| Untracked 
| 109|0x0000000086d00000, 0x0000000086d00000, 0x0000000086e00000|  0%| F|  |TAMS 0x0000000086d00000, 0x0000000086d00000| Untracked 
| 110|0x0000000086e00000, 0x0000000086e00000, 0x0000000086f00000|  0%| F|  |TAMS 0x0000000086e00000, 0x0000000086e00000| Untracked 
| 111|0x0000000086f00000, 0x0000000086f00000, 0x0000000087000000|  0%| F|  |TAMS 0x0000000086f00000, 0x0000000086f00000| Untracked 
| 112|0x0000000087000000, 0x0000000087000000, 0x0000000087100000|  0%| F|  |TAMS 0x0000000087000000, 0x0000000087000000| Untracked 
| 113|0x0000000087100000, 0x0000000087100000, 0x0000000087200000|  0%| F|  |TAMS 0x0000000087100000, 0x0000000087100000| Untracked 
| 114|0x0000000087200000, 0x0000000087200000, 0x0000000087300000|  0%| F|  |TAMS 0x0000000087200000, 0x0000000087200000| Untracked 
| 115|0x0000000087300000, 0x0000000087300000, 0x0000000087400000|  0%| F|  |TAMS 0x0000000087300000, 0x0000000087300000| Untracked 
| 116|0x0000000087400000, 0x0000000087400000, 0x0000000087500000|  0%| F|  |TAMS 0x0000000087400000, 0x0000000087400000| Untracked 
| 117|0x0000000087500000, 0x0000000087500000, 0x0000000087600000|  0%| F|  |TAMS 0x0000000087500000, 0x0000000087500000| Untracked 
| 118|0x0000000087600000, 0x0000000087600000, 0x0000000087700000|  0%| F|  |TAMS 0x0000000087600000, 0x0000000087600000| Untracked 
| 119|0x0000000087700000, 0x0000000087700000, 0x0000000087800000|  0%| F|  |TAMS 0x0000000087700000, 0x0000000087700000| Untracked 
| 120|0x0000000087800000, 0x0000000087800000, 0x0000000087900000|  0%| F|  |TAMS 0x0000000087800000, 0x0000000087800000| Untracked 
| 121|0x0000000087900000, 0x0000000087900000, 0x0000000087a00000|  0%| F|  |TAMS 0x0000000087900000, 0x0000000087900000| Untracked 
| 122|0x0000000087a00000, 0x0000000087a00000, 0x0000000087b00000|  0%| F|  |TAMS 0x0000000087a00000, 0x0000000087a00000| Untracked 
| 123|0x0000000087b00000, 0x0000000087b00000, 0x0000000087c00000|  0%| F|  |TAMS 0x0000000087b00000, 0x0000000087b00000| Untracked 
| 124|0x0000000087c00000, 0x0000000087c00000, 0x0000000087d00000|  0%| F|  |TAMS 0x0000000087c00000, 0x0000000087c00000| Untracked 
| 125|0x0000000087d00000, 0x0000000087d00000, 0x0000000087e00000|  0%| F|  |TAMS 0x0000000087d00000, 0x0000000087d00000| Untracked 
| 126|0x0000000087e00000, 0x0000000087e00000, 0x0000000087f00000|  0%| F|  |TAMS 0x0000000087e00000, 0x0000000087e00000| Untracked 
| 127|0x0000000087f00000, 0x0000000087f00000, 0x0000000088000000|  0%| F|  |TAMS 0x0000000087f00000, 0x0000000087f00000| Untracked 
| 128|0x0000000088000000, 0x0000000088000000, 0x0000000088100000|  0%| F|  |TAMS 0x0000000088000000, 0x0000000088000000| Untracked 
| 129|0x0000000088100000, 0x0000000088100000, 0x0000000088200000|  0%| F|  |TAMS 0x0000000088100000, 0x0000000088100000| Untracked 
| 130|0x0000000088200000, 0x0000000088200000, 0x0000000088300000|  0%| F|  |TAMS 0x0000000088200000, 0x0000000088200000| Untracked 
| 131|0x0000000088300000, 0x0000000088300000, 0x0000000088400000|  0%| F|  |TAMS 0x0000000088300000, 0x0000000088300000| Untracked 
| 132|0x0000000088400000, 0x0000000088400000, 0x0000000088500000|  0%| F|  |TAMS 0x0000000088400000, 0x0000000088400000| Untracked 
| 133|0x0000000088500000, 0x0000000088500000, 0x0000000088600000|  0%| F|  |TAMS 0x0000000088500000, 0x0000000088500000| Untracked 
| 134|0x0000000088600000, 0x0000000088600000, 0x0000000088700000|  0%| F|  |TAMS 0x0000000088600000, 0x0000000088600000| Untracked 
| 135|0x0000000088700000, 0x0000000088780800, 0x0000000088800000| 50%| E|  |TAMS 0x0000000088700000, 0x0000000088700000| Complete 
| 136|0x0000000088800000, 0x0000000088900000, 0x0000000088900000|100%| E|CS|TAMS 0x0000000088800000, 0x0000000088800000| Complete 
| 137|0x0000000088900000, 0x0000000088a00000, 0x0000000088a00000|100%| E|CS|TAMS 0x0000000088900000, 0x0000000088900000| Complete 
| 138|0x0000000088a00000, 0x0000000088b00000, 0x0000000088b00000|100%| E|CS|TAMS 0x0000000088a00000, 0x0000000088a00000| Complete 
| 139|0x0000000088b00000, 0x0000000088c00000, 0x0000000088c00000|100%| E|CS|TAMS 0x0000000088b00000, 0x0000000088b00000| Complete 

Card table byte_map: [0x0000014db5000000,0x0000014db5400000] _byte_map_base: 0x0000014db4c00000

Marking Bits (Prev, Next): (CMBitMap*) 0x0000014d9feeedc0, (CMBitMap*) 0x0000014d9feeed88
 Prev Bits: [0x0000014db7800000, 0x0000014db9800000)
 Next Bits: [0x0000014db5800000, 0x0000014db7800000)

Polling page: 0x0000014d9ff90000

Metaspace:

Usage:
  Non-class:     46.75 MB capacity,    45.62 MB ( 98%) used,  1012.70 KB (  2%) free+waste,   142.69 KB ( <1%) overhead. 
      Class:      7.18 MB capacity,     6.69 MB ( 93%) used,   438.77 KB (  6%) free+waste,    68.38 KB ( <1%) overhead. 
       Both:     53.93 MB capacity,    52.31 MB ( 97%) used,     1.42 MB (  3%) free+waste,   211.06 KB ( <1%) overhead. 

Virtual space:
  Non-class space:       48.00 MB reserved,      47.00 MB ( 98%) committed 
      Class space:        1.00 GB reserved,       7.25 MB ( <1%) committed 
             Both:        1.05 GB reserved,      54.25 MB (  5%) committed 

Chunk freelists:
   Non-Class:  62.00 KB
       Class:  5.00 KB
        Both:  67.00 KB

MaxMetaspaceSize: 17179869184.00 GB
CompressedClassSpaceSize: 1.00 GB

CodeHeap 'non-profiled nmethods': size=120000Kb used=3235Kb max_used=3235Kb free=116764Kb
 bounds [0x0000014dacc60000, 0x0000014dacf90000, 0x0000014db4190000]
CodeHeap 'profiled nmethods': size=120000Kb used=11869Kb max_used=11869Kb free=108130Kb
 bounds [0x0000014da5730000, 0x0000014da62d0000, 0x0000014dacc60000]
CodeHeap 'non-nmethods': size=5760Kb used=2227Kb max_used=2292Kb free=3532Kb
 bounds [0x0000014da5190000, 0x0000014da5400000, 0x0000014da5730000]
 total_blobs=6531 nmethods=5729 adapters=713
 compilation: enabled
              stopped_count=0, restarted_count=0
 full_count=0

Compilation events (20 events):
Event: 13.093 Thread 0x0000014dbc302000 nmethod 5759 0x0000014da62c0990 code [0x0000014da62c0e80, 0x0000014da62c3578]
Event: 13.093 Thread 0x0000014dbc302000 5760       3       com.google.common.collect.ImmutableList::builder (8 bytes)
Event: 13.094 Thread 0x0000014dbc302000 nmethod 5760 0x0000014da62c4210 code [0x0000014da62c43e0, 0x0000014da62c4798]
Event: 13.094 Thread 0x0000014dbc302000 5761       3       com.google.common.collect.RegularImmutableMap::createEntrySet (13 bytes)
Event: 13.094 Thread 0x0000014dbc302000 nmethod 5761 0x0000014da62c4910 code [0x0000014da62c4b20, 0x0000014da62c50a8]
Event: 13.095 Thread 0x0000014dbc302000 5763       3       org.objectweb.asm.SymbolTable$Entry::<init> (17 bytes)
Event: 13.096 Thread 0x0000014dbc302000 nmethod 5763 0x0000014da62c5310 code [0x0000014da62c54c0, 0x0000014da62c5628]
Event: 13.096 Thread 0x0000014dbf271000 nmethod 5757 0x0000014dacf86790 code [0x0000014dacf86920, 0x0000014dacf86bf8]
Event: 13.096 Thread 0x0000014dbf271000 5762       4       org.objectweb.asm.Frame::push (109 bytes)
Event: 13.097 Thread 0x0000014dbc302000 5764       3       jdk.internal.reflect.AccessorGenerator::add (5 bytes)
Event: 13.097 Thread 0x0000014dbc302000 nmethod 5764 0x0000014da62c5710 code [0x0000014da62c58c0, 0x0000014da62c59b8]
Event: 13.098 Thread 0x0000014dbc302000 5766       3       org.objectweb.asm.SymbolTable::addConstantIntegerOrFloat (100 bytes)
Event: 13.099 Thread 0x0000014dbc302000 nmethod 5766 0x0000014da62c5a90 code [0x0000014da62c5cc0, 0x0000014da62c6278]
Event: 13.103 Thread 0x0000014dbc302000 5767       3       java.lang.reflect.AccessibleObject::checkAccess (40 bytes)
Event: 13.103 Thread 0x0000014dbf271000 nmethod 5762 0x0000014dacf86d90 code [0x0000014dacf86f40, 0x0000014dacf87538]
Event: 13.103 Thread 0x0000014dbf271000 5765       4       org.objectweb.asm.ByteVector::putUTF8 (144 bytes)
Event: 13.104 Thread 0x0000014dbc302000 nmethod 5767 0x0000014da62c6590 code [0x0000014da62c6780, 0x0000014da62c6ab8]
Event: 13.106 Thread 0x0000014dbc302000 5768       3       java.security.ProtectionDomain$Key::<init> (10 bytes)
Event: 13.107 Thread 0x0000014dbc302000 nmethod 5768 0x0000014da62c6c10 code [0x0000014da62c6dc0, 0x0000014da62c6f78]
Event: 13.116 Thread 0x0000014dbf271000 nmethod 5765 0x0000014dacf87710 code [0x0000014dacf878e0, 0x0000014dacf881f8]

GC Heap History (20 events):
Event: 6.438 GC heap before
{Heap before GC invocations=5 (full 0):
 garbage-first heap   total 98304K, used 74902K [0x0000000080000000, 0x0000000100000000)
  region size 1024K, 51 young (52224K), 4 survivors (4096K)
 Metaspace       used 29445K, capacity 30295K, committed 30464K, reserved 1075200K
  class space    used 3932K, capacity 4247K, committed 4352K, reserved 1048576K
}
Event: 6.447 GC heap after
{Heap after GC invocations=6 (full 0):
 garbage-first heap   total 98304K, used 32700K [0x0000000080000000, 0x0000000100000000)
  region size 1024K, 7 young (7168K), 7 survivors (7168K)
 Metaspace       used 29445K, capacity 30295K, committed 30464K, reserved 1075200K
  class space    used 3932K, capacity 4247K, committed 4352K, reserved 1048576K
}
Event: 7.415 GC heap before
{Heap before GC invocations=6 (full 0):
 garbage-first heap   total 98304K, used 62396K [0x0000000080000000, 0x0000000100000000)
  region size 1024K, 37 young (37888K), 7 survivors (7168K)
 Metaspace       used 34717K, capacity 35712K, committed 35840K, reserved 1081344K
  class space    used 4554K, capacity 4926K, committed 4992K, reserved 1048576K
}
Event: 7.436 GC heap after
{Heap after GC invocations=7 (full 0):
 garbage-first heap   total 98304K, used 35105K [0x0000000080000000, 0x0000000100000000)
  region size 1024K, 3 young (3072K), 3 survivors (3072K)
 Metaspace       used 34717K, capacity 35712K, committed 35840K, reserved 1081344K
  class space    used 4554K, capacity 4926K, committed 4992K, reserved 1048576K
}
Event: 8.124 GC heap before
{Heap before GC invocations=8 (full 0):
 garbage-first heap   total 98304K, used 70945K [0x0000000080000000, 0x0000000100000000)
  region size 1024K, 39 young (39936K), 3 survivors (3072K)
 Metaspace       used 38503K, capacity 39574K, committed 39808K, reserved 1083392K
  class space    used 4990K, capacity 5399K, committed 5504K, reserved 1048576K
}
Event: 8.135 GC heap after
{Heap after GC invocations=9 (full 0):
 garbage-first heap   total 118784K, used 38518K [0x0000000080000000, 0x0000000100000000)
  region size 1024K, 5 young (5120K), 5 survivors (5120K)
 Metaspace       used 38503K, capacity 39574K, committed 39808K, reserved 1083392K
  class space    used 4990K, capacity 5399K, committed 5504K, reserved 1048576K
}
Event: 9.476 GC heap before
{Heap before GC invocations=10 (full 0):
 garbage-first heap   total 118784K, used 89718K [0x0000000080000000, 0x0000000100000000)
  region size 1024K, 50 young (51200K), 5 survivors (5120K)
 Metaspace       used 42874K, capacity 44027K, committed 44160K, reserved 1087488K
  class space    used 5502K, capacity 5918K, committed 6016K, reserved 1048576K
}
Event: 9.487 GC heap after
{Heap after GC invocations=11 (full 0):
 garbage-first heap   total 118784K, used 45274K [0x0000000080000000, 0x0000000100000000)
  region size 1024K, 7 young (7168K), 7 survivors (7168K)
 Metaspace       used 42874K, capacity 44027K, committed 44160K, reserved 1087488K
  class space    used 5502K, capacity 5918K, committed 6016K, reserved 1048576K
}
Event: 10.318 GC heap before
{Heap before GC invocations=11 (full 0):
 garbage-first heap   total 118784K, used 88282K [0x0000000080000000, 0x0000000100000000)
  region size 1024K, 49 young (50176K), 7 survivors (7168K)
 Metaspace       used 45563K, capacity 46905K, committed 47232K, reserved 1089536K
  class space    used 5743K, capacity 6187K, committed 6272K, reserved 1048576K
}
Event: 10.328 GC heap after
{Heap after GC invocations=12 (full 0):
 garbage-first heap   total 118784K, used 48889K [0x0000000080000000, 0x0000000100000000)
  region size 1024K, 7 young (7168K), 7 survivors (7168K)
 Metaspace       used 45563K, capacity 46905K, committed 47232K, reserved 1089536K
  class space    used 5743K, capacity 6187K, committed 6272K, reserved 1048576K
}
Event: 11.101 GC heap before
{Heap before GC invocations=12 (full 0):
 garbage-first heap   total 118784K, used 94969K [0x0000000080000000, 0x0000000100000000)
  region size 1024K, 48 young (49152K), 7 survivors (7168K)
 Metaspace       used 48082K, capacity 49497K, committed 49664K, reserved 1091584K
  class space    used 6163K, capacity 6649K, committed 6656K, reserved 1048576K
}
Event: 11.111 GC heap after
{Heap after GC invocations=13 (full 0):
 garbage-first heap   total 118784K, used 55958K [0x0000000080000000, 0x0000000100000000)
  region size 1024K, 4 young (4096K), 4 survivors (4096K)
 Metaspace       used 48082K, capacity 49497K, committed 49664K, reserved 1091584K
  class space    used 6163K, capacity 6649K, committed 6656K, reserved 1048576K
}
Event: 12.021 GC heap before
{Heap before GC invocations=13 (full 0):
 garbage-first heap   total 118784K, used 93846K [0x0000000080000000, 0x0000000100000000)
  region size 1024K, 41 young (41984K), 4 survivors (4096K)
 Metaspace       used 50256K, capacity 51838K, committed 52096K, reserved 1093632K
  class space    used 6440K, capacity 6935K, committed 7040K, reserved 1048576K
}
Event: 12.030 GC heap after
{Heap after GC invocations=14 (full 0):
 garbage-first heap   total 118784K, used 57555K [0x0000000080000000, 0x0000000100000000)
  region size 1024K, 5 young (5120K), 5 survivors (5120K)
 Metaspace       used 50256K, capacity 51838K, committed 52096K, reserved 1093632K
  class space    used 6440K, capacity 6935K, committed 7040K, reserved 1048576K
}
Event: 12.402 GC heap before
{Heap before GC invocations=14 (full 0):
 garbage-first heap   total 118784K, used 72915K [0x0000000080000000, 0x0000000100000000)
  region size 1024K, 22 young (22528K), 5 survivors (5120K)
 Metaspace       used 50634K, capacity 52235K, committed 52352K, reserved 1095680K
  class space    used 6473K, capacity 6975K, committed 7040K, reserved 1048576K
}
Event: 12.418 GC heap after
{Heap after GC invocations=15 (full 0):
 garbage-first heap   total 118784K, used 58199K [0x0000000080000000, 0x0000000100000000)
  region size 1024K, 3 young (3072K), 3 survivors (3072K)
 Metaspace       used 50634K, capacity 52235K, committed 52352K, reserved 1095680K
  class space    used 6473K, capacity 6975K, committed 7040K, reserved 1048576K
}
Event: 12.553 GC heap before
{Heap before GC invocations=16 (full 0):
 garbage-first heap   total 118784K, used 66391K [0x0000000080000000, 0x0000000100000000)
  region size 1024K, 9 young (9216K), 3 survivors (3072K)
 Metaspace       used 50645K, capacity 52235K, committed 52352K, reserved 1095680K
  class space    used 6473K, capacity 6975K, committed 7040K, reserved 1048576K
}
Event: 12.562 GC heap after
{Heap after GC invocations=17 (full 0):
 garbage-first heap   total 118784K, used 65498K [0x0000000080000000, 0x0000000100000000)
  region size 1024K, 5 young (5120K), 5 survivors (5120K)
 Metaspace       used 50645K, capacity 52235K, committed 52352K, reserved 1095680K
  class space    used 6473K, capacity 6975K, committed 7040K, reserved 1048576K
}
Event: 13.066 GC heap before
{Heap before GC invocations=18 (full 0):
 garbage-first heap   total 118784K, used 90074K [0x0000000080000000, 0x0000000100000000)
  region size 1024K, 27 young (27648K), 5 survivors (5120K)
 Metaspace       used 52964K, capacity 54576K, committed 54656K, reserved 1097728K
  class space    used 6772K, capacity 7288K, committed 7296K, reserved 1048576K
}
Event: 13.074 GC heap after
{Heap after GC invocations=19 (full 0):
 garbage-first heap   total 143360K, used 69362K [0x0000000080000000, 0x0000000100000000)
  region size 1024K, 2 young (2048K), 2 survivors (2048K)
 Metaspace       used 52964K, capacity 54576K, committed 54656K, reserved 1097728K
  class space    used 6772K, capacity 7288K, committed 7296K, reserved 1048576K
}

Deoptimization events (20 events):
Event: 12.902 Thread 0x0000014dbda61800 Uncommon trap: trap_request=0xffffff4d fr.pc=0x0000014dacdc36cc relative=0x000000000000074c
Event: 12.903 Thread 0x0000014dbda61800 Uncommon trap: reason=unstable_if action=reinterpret pc=0x0000014dacdc36cc method=java.io.BufferedInputStream.read([BII)I @ 56 c2
Event: 12.903 Thread 0x0000014dbda61800 DEOPT PACKING pc=0x0000014dacdc36cc sp=0x00000008632f7200
Event: 12.903 Thread 0x0000014dbda61800 DEOPT UNPACKING pc=0x0000014da51b662f sp=0x00000008632f71b8 mode 2
Event: 12.906 Thread 0x0000014dbda61800 Uncommon trap: trap_request=0xffffff4d fr.pc=0x0000014dace27174 relative=0x0000000000000054
Event: 12.906 Thread 0x0000014dbda61800 Uncommon trap: reason=unstable_if action=reinterpret pc=0x0000014dace27174 method=java.util.regex.Pattern.has(I)Z @ 6 c2
Event: 12.906 Thread 0x0000014dbda61800 DEOPT PACKING pc=0x0000014dace27174 sp=0x00000008632f61f0
Event: 12.906 Thread 0x0000014dbda61800 DEOPT UNPACKING pc=0x0000014da51b662f sp=0x00000008632f6180 mode 2
Event: 12.944 Thread 0x0000014dbda61800 Uncommon trap: trap_request=0xffffff45 fr.pc=0x0000014dace41010 relative=0x0000000000000d70
Event: 12.944 Thread 0x0000014dbda61800 Uncommon trap: reason=unstable_fused_if action=reinterpret pc=0x0000014dace41010 method=org.objectweb.asm.ByteVector.putUTF8(Ljava/lang/String;)Lorg/objectweb/asm/ByteVector; @ 93 c2
Event: 12.944 Thread 0x0000014dbda61800 DEOPT PACKING pc=0x0000014dace41010 sp=0x00000008632f7c50
Event: 12.944 Thread 0x0000014dbda61800 DEOPT UNPACKING pc=0x0000014da51b662f sp=0x00000008632f7ba8 mode 2
Event: 12.944 Thread 0x0000014dbda61800 Uncommon trap: trap_request=0xffffff4d fr.pc=0x0000014dace58004 relative=0x0000000000005e84
Event: 12.944 Thread 0x0000014dbda61800 Uncommon trap: reason=unstable_if action=reinterpret pc=0x0000014dace58004 method=org.objectweb.asm.Frame.execute(IILorg/objectweb/asm/Symbol;Lorg/objectweb/asm/SymbolTable;)V @ 1 c2
Event: 12.944 Thread 0x0000014dbda61800 DEOPT PACKING pc=0x0000014dace58004 sp=0x00000008632f7e40
Event: 12.944 Thread 0x0000014dbda61800 DEOPT UNPACKING pc=0x0000014da51b662f sp=0x00000008632f7de8 mode 2
Event: 12.978 Thread 0x0000014dbda61800 Uncommon trap: trap_request=0xffffff45 fr.pc=0x0000014dacdbd304 relative=0x0000000000000224
Event: 12.978 Thread 0x0000014dbda61800 Uncommon trap: reason=unstable_fused_if action=reinterpret pc=0x0000014dacdbd304 method=org.objectweb.asm.ByteVector.putUTF8(Ljava/lang/String;)Lorg/objectweb/asm/ByteVector; @ 93 c2
Event: 12.978 Thread 0x0000014dbda61800 DEOPT PACKING pc=0x0000014dacdbd304 sp=0x00000008632f7f80
Event: 12.978 Thread 0x0000014dbda61800 DEOPT UNPACKING pc=0x0000014da51b662f sp=0x00000008632f7f00 mode 2

Classes redefined (0 events):
No events

Internal exceptions (20 events):
Event: 12.499 Thread 0x0000014dbda61800 Exception <a 'java/security/PrivilegedActionException'{0x000000008716fcc0}> (0x000000008716fcc0) thrown at [./src/hotspot/share/prims/jvm.cpp, line 1306]
Event: 12.499 Thread 0x0000014dbda61800 Exception <a 'java/security/PrivilegedActionException'{0x0000000087172e78}> (0x0000000087172e78) thrown at [./src/hotspot/share/prims/jvm.cpp, line 1306]
Event: 12.499 Thread 0x0000014dbda61800 Exception <a 'java/security/PrivilegedActionException'{0x00000000871743e0}> (0x00000000871743e0) thrown at [./src/hotspot/share/prims/jvm.cpp, line 1306]
Event: 12.499 Thread 0x0000014dbda61800 Exception <a 'java/security/PrivilegedActionException'{0x00000000871775f0}> (0x00000000871775f0) thrown at [./src/hotspot/share/prims/jvm.cpp, line 1306]
Event: 12.499 Thread 0x0000014dbda61800 Exception <a 'java/security/PrivilegedActionException'{0x0000000087178b58}> (0x0000000087178b58) thrown at [./src/hotspot/share/prims/jvm.cpp, line 1306]
Event: 12.581 Thread 0x0000014dbda61800 Exception <a 'java/lang/ClassNotFoundException'{0x000000008722e0b8}: org/gradle/api/tasks/Delete_DecoratedBeanInfo> (0x000000008722e0b8) thrown at [./src/hotspot/share/classfile/systemDictionary.cpp, line 231]
Event: 12.582 Thread 0x0000014dbda61800 Exception <a 'java/lang/ClassNotFoundException'{0x0000000087258198}: org/gradle/api/tasks/DeleteBeanInfo> (0x0000000087258198) thrown at [./src/hotspot/share/classfile/systemDictionary.cpp, line 231]
Event: 12.585 Thread 0x0000014dbda61800 Exception <a 'java/lang/ClassNotFoundException'{0x0000000087285e68}: org/gradle/api/internal/ConventionTaskBeanInfo> (0x0000000087285e68) thrown at [./src/hotspot/share/classfile/systemDictionary.cpp, line 231]
Event: 12.586 Thread 0x0000014dbda61800 Exception <a 'java/lang/ClassNotFoundException'{0x00000000872af928}: org/gradle/api/DefaultTaskBeanInfo> (0x00000000872af928) thrown at [./src/hotspot/share/classfile/systemDictionary.cpp, line 231]
Event: 12.587 Thread 0x0000014dbda61800 Exception <a 'java/lang/ClassNotFoundException'{0x00000000872dd6d0}: org/gradle/api/internal/AbstractTaskBeanInfo> (0x00000000872dd6d0) thrown at [./src/hotspot/share/classfile/systemDictionary.cpp, line 231]
Event: 12.588 Thread 0x0000014dbda61800 Exception <a 'java/lang/ClassNotFoundException'{0x000000008710bb80}: org/gradle/api/internal/AbstractTaskCustomizer> (0x000000008710bb80) thrown at [./src/hotspot/share/classfile/systemDictionary.cpp, line 231]
Event: 12.593 Thread 0x0000014dbda61800 Exception <a 'java/lang/ClassNotFoundException'{0x000000008717f140}: org/gradle/api/DefaultTaskCustomizer> (0x000000008717f140) thrown at [./src/hotspot/share/classfile/systemDictionary.cpp, line 231]
Event: 12.597 Thread 0x0000014dbda61800 Exception <a 'java/lang/ClassNotFoundException'{0x0000000087001498}: org/gradle/api/internal/ConventionTaskCustomizer> (0x0000000087001498) thrown at [./src/hotspot/share/classfile/systemDictionary.cpp, line 231]
Event: 12.600 Thread 0x0000014dbda61800 Exception <a 'java/lang/ClassNotFoundException'{0x0000000087039d60}: org/gradle/api/tasks/DeleteCustomizer> (0x0000000087039d60) thrown at [./src/hotspot/share/classfile/systemDictionary.cpp, line 231]
Event: 12.603 Thread 0x0000014dbda61800 Exception <a 'java/lang/ClassNotFoundException'{0x00000000870790a8}: org/gradle/api/tasks/Delete_DecoratedCustomizer> (0x00000000870790a8) thrown at [./src/hotspot/share/classfile/systemDictionary.cpp, line 231]
Event: 12.655 Thread 0x0000014dbda61800 Exception <a 'java/lang/ClassNotFoundException'{0x0000000086fac178}: build_38eghx5pwr18961uw6addbqh3BeanInfo> (0x0000000086fac178) thrown at [./src/hotspot/share/classfile/systemDictionary.cpp, line 231]
Event: 12.655 Thread 0x0000014dbda61800 Exception <a 'java/lang/ClassNotFoundException'{0x0000000086fb7130}: build_38eghx5pwr18961uw6addbqh3Customizer> (0x0000000086fb7130) thrown at [./src/hotspot/share/classfile/systemDictionary.cpp, line 231]
Event: 12.926 Thread 0x0000014dbda61800 Exception <a 'java/lang/NoSuchMethodError'{0x0000000085fbfe78}: 'java.lang.Object java.lang.invoke.DirectMethodHandle$Holder.invokeStatic(java.lang.Object, java.lang.Object, java.lang.Object, java.lang.Object, int)'> (0x0000000085fbfe78) thrown at [./src/hotspot/share/interpreter/linkResolver.cpp, line 773]
Event: 12.927 Thread 0x0000014dbda61800 Exception <a 'java/lang/NoSuchMethodError'{0x0000000085fc4870}: 'java.lang.Object java.lang.invoke.DirectMethodHandle$Holder.invokeSpecial(java.lang.Object, java.lang.Object, java.lang.Object, java.lang.Object, java.lang.Object, int)'> (0x0000000085fc4870) thrown at [./src/hotspot/share/interpreter/linkResolver.cpp, line 773]
Event: 12.927 Thread 0x0000014dbda61800 Exception <a 'java/lang/NoSuchMethodError'{0x0000000085fc8eb0}: 'java.lang.Object java.lang.invoke.Invokers$Holder.linkToTargetMethod(java.lang.Object, java.lang.Object, java.lang.Object, int, java.lang.Object)'> (0x0000000085fc8eb0) thrown at [./src/hotspot/share/interpreter/linkResolver.cpp, line 773]

Events (20 events):
Event: 13.123 loading class com/google/gson/Gson
Event: 13.123 loading class com/google/gson/Gson done
Event: 13.125 loading class com/google/gson/Gson$FutureTypeAdapter
Event: 13.125 loading class com/google/gson/Gson$FutureTypeAdapter done
Event: 13.125 loading class com/google/gson/JsonNull
Event: 13.125 loading class com/google/gson/JsonNull done
Event: 13.126 loading class com/google/gson/JsonIOException
Event: 13.126 loading class com/google/gson/JsonIOException done
Event: 13.126 loading class com/google/gson/stream/MalformedJsonException
Event: 13.126 loading class com/google/gson/stream/MalformedJsonException done
Event: 13.127 loading class com/google/gson/JsonSyntaxException
Event: 13.127 loading class com/google/gson/JsonSyntaxException done
Event: 13.127 loading class com/google/gson/stream/JsonReader
Event: 13.127 loading class com/google/gson/stream/JsonReader done
Event: 13.129 loading class com/google/gson/internal/bind/JsonTreeReader
Event: 13.129 loading class com/google/gson/internal/bind/JsonTreeReader done
Event: 13.130 loading class com/google/gson/stream/JsonWriter
Event: 13.130 loading class com/google/gson/stream/JsonWriter done
Event: 13.131 loading class com/google/gson/internal/bind/JsonTreeWriter
Event: 13.131 loading class com/google/gson/internal/bind/JsonTreeWriter done


Dynamic libraries:
0x00007ff7240a0000 - 0x00007ff7240aa000 	C:\Program Files\Android\Android Studio\jre\bin\java.exe
0x00007ff8c3740000 - 0x00007ff8c3949000 	C:\WINDOWS\SYSTEM32\ntdll.dll
0x00007ff8c21a0000 - 0x00007ff8c225d000 	C:\WINDOWS\System32\KERNEL32.DLL
0x00007ff8c0f00000 - 0x00007ff8c1279000 	C:\WINDOWS\System32\KERNELBASE.dll
0x00007ff8c13a0000 - 0x00007ff8c14b1000 	C:\WINDOWS\System32\ucrtbase.dll
0x00007ff8b07d0000 - 0x00007ff8b07e9000 	C:\Program Files\Android\Android Studio\jre\bin\jli.dll
0x00007ff8af870000 - 0x00007ff8af887000 	C:\Program Files\Android\Android Studio\jre\bin\VCRUNTIME140.dll
0x00007ff8c17a0000 - 0x00007ff8c194c000 	C:\WINDOWS\System32\USER32.dll
0x00007ff8bfdd0000 - 0x00007ff8c0075000 	C:\WINDOWS\WinSxS\amd64_microsoft.windows.common-controls_6595b64144ccf1df_6.0.22000.120_none_9d947278b86cc467\COMCTL32.dll
0x00007ff8c0da0000 - 0x00007ff8c0dc6000 	C:\WINDOWS\System32\win32u.dll
0x00007ff8c2770000 - 0x00007ff8c2813000 	C:\WINDOWS\System32\msvcrt.dll
0x00007ff8c2820000 - 0x00007ff8c2849000 	C:\WINDOWS\System32\GDI32.dll
0x00007ff8c14c0000 - 0x00007ff8c15d2000 	C:\WINDOWS\System32\gdi32full.dll
0x00007ff8c1300000 - 0x00007ff8c139d000 	C:\WINDOWS\System32\msvcp_win.dll
0x00007ff8c1d50000 - 0x00007ff8c1d81000 	C:\WINDOWS\System32\IMM32.DLL
0x00007ff8a1090000 - 0x00007ff8a112d000 	C:\Program Files\Android\Android Studio\jre\bin\msvcp140.dll
0x00007ff8844f0000 - 0x00007ff884fc5000 	C:\Program Files\Android\Android Studio\jre\bin\server\jvm.dll
0x00007ff8c1e40000 - 0x00007ff8c1eee000 	C:\WINDOWS\System32\ADVAPI32.dll
0x00007ff8c2260000 - 0x00007ff8c22fe000 	C:\WINDOWS\System32\sechost.dll
0x00007ff8c2470000 - 0x00007ff8c2590000 	C:\WINDOWS\System32\RPCRT4.dll
0x00007ff8c2590000 - 0x00007ff8c2598000 	C:\WINDOWS\System32\PSAPI.DLL
0x00007ff8b9fb0000 - 0x00007ff8b9fe3000 	C:\WINDOWS\SYSTEM32\WINMM.dll
0x00007ff8bf540000 - 0x00007ff8bf549000 	C:\WINDOWS\SYSTEM32\WSOCK32.dll
0x00007ff8bdb70000 - 0x00007ff8bdb7a000 	C:\WINDOWS\SYSTEM32\VERSION.dll
0x00007ff8c2700000 - 0x00007ff8c276f000 	C:\WINDOWS\System32\WS2_32.dll
0x00007ff8bef50000 - 0x00007ff8bef68000 	C:\WINDOWS\SYSTEM32\kernel.appcore.dll
0x00007ff8b8540000 - 0x00007ff8b8551000 	C:\Program Files\Android\Android Studio\jre\bin\verify.dll
0x00007ff8c0550000 - 0x00007ff8c0771000 	C:\WINDOWS\SYSTEM32\DBGHELP.DLL
0x00007ff8c0220000 - 0x00007ff8c0251000 	C:\WINDOWS\SYSTEM32\dbgcore.DLL
0x00007ff8c1280000 - 0x00007ff8c12ff000 	C:\WINDOWS\System32\bcryptPrimitives.dll
0x00007ff8af820000 - 0x00007ff8af849000 	C:\Program Files\Android\Android Studio\jre\bin\java.dll
0x00007ff8bd3e0000 - 0x00007ff8bd3eb000 	C:\Program Files\Android\Android Studio\jre\bin\jimage.dll
0x00007ff8aedc0000 - 0x00007ff8aedd8000 	C:\Program Files\Android\Android Studio\jre\bin\zip.dll
0x00007ff8c2d20000 - 0x00007ff8c34cf000 	C:\WINDOWS\System32\SHELL32.dll
0x00007ff8bdfc0000 - 0x00007ff8be828000 	C:\WINDOWS\SYSTEM32\windows.storage.dll
0x00007ff8c1950000 - 0x00007ff8c1cc8000 	C:\WINDOWS\System32\combase.dll
0x00007ff8bde50000 - 0x00007ff8bdfb6000 	C:\WINDOWS\SYSTEM32\wintypes.dll
0x00007ff8c25a0000 - 0x00007ff8c268a000 	C:\WINDOWS\System32\SHCORE.dll
0x00007ff8c1cf0000 - 0x00007ff8c1d4d000 	C:\WINDOWS\System32\shlwapi.dll
0x00007ff8c0b60000 - 0x00007ff8c0b81000 	C:\WINDOWS\SYSTEM32\profapi.dll
0x00007ff8aeda0000 - 0x00007ff8aedba000 	C:\Program Files\Android\Android Studio\jre\bin\net.dll
0x00007ff8b99d0000 - 0x00007ff8b9adc000 	C:\WINDOWS\SYSTEM32\WINHTTP.dll
0x00007ff8bfbf0000 - 0x00007ff8bfc57000 	C:\WINDOWS\system32\mswsock.dll
0x00007ff8aadb0000 - 0x00007ff8aadc4000 	C:\Program Files\Android\Android Studio\jre\bin\nio.dll
0x00007ff8a17f0000 - 0x00007ff8a1817000 	C:\Users\Dell\.gradle\native\e1d6ef7f7dcc3fd88c89a11ec53ec762bb8ba0a96d01ffa2cd45eb1d1d8dd5c5\windows-amd64\native-platform.dll
0x00007ff89c4b0000 - 0x00007ff89c5f4000 	C:\Users\Dell\.gradle\native\5664cfc778a61ccfe75a443a1ab52a65af34e5dc3c78e0209fed803814484fcb\windows-amd64\native-platform-file-events.dll
0x00007ff8bcca0000 - 0x00007ff8bccaa000 	C:\Program Files\Android\Android Studio\jre\bin\management.dll
0x00007ff8ba170000 - 0x00007ff8ba17d000 	C:\Program Files\Android\Android Studio\jre\bin\management_ext.dll
0x00007ff8c0860000 - 0x00007ff8c0878000 	C:\WINDOWS\SYSTEM32\CRYPTSP.dll
0x00007ff8beeb0000 - 0x00007ff8beee5000 	C:\WINDOWS\system32\rsaenh.dll
0x00007ff8bfd10000 - 0x00007ff8bfd39000 	C:\WINDOWS\SYSTEM32\USERENV.dll
0x00007ff8c0520000 - 0x00007ff8c0547000 	C:\WINDOWS\SYSTEM32\bcrypt.dll
0x00007ff8bfba0000 - 0x00007ff8bfbac000 	C:\WINDOWS\SYSTEM32\CRYPTBASE.dll
0x00007ff8bea80000 - 0x00007ff8beaad000 	C:\WINDOWS\SYSTEM32\IPHLPAPI.DLL
0x00007ff8c2090000 - 0x00007ff8c2099000 	C:\WINDOWS\System32\NSI.dll
0x00007ff8b9940000 - 0x00007ff8b9959000 	C:\WINDOWS\SYSTEM32\dhcpcsvc6.DLL
0x00007ff8ba060000 - 0x00007ff8ba07e000 	C:\WINDOWS\SYSTEM32\dhcpcsvc.DLL
0x00007ff8beaf0000 - 0x00007ff8bebd8000 	C:\WINDOWS\SYSTEM32\DNSAPI.dll

dbghelp: loaded successfully - version: 4.0.5 - missing functions: none
symbol engine: initialized successfully - sym options: 0x614 - pdb path: .;C:\Program Files\Android\Android Studio\jre\bin;C:\WINDOWS\SYSTEM32;C:\WINDOWS\WinSxS\amd64_microsoft.windows.common-controls_6595b64144ccf1df_6.0.22000.120_none_9d947278b86cc467;C:\Program Files\Android\Android Studio\jre\bin\server;C:\Users\Dell\.gradle\native\e1d6ef7f7dcc3fd88c89a11ec53ec762bb8ba0a96d01ffa2cd45eb1d1d8dd5c5\windows-amd64;C:\Users\Dell\.gradle\native\5664cfc778a61ccfe75a443a1ab52a65af34e5dc3c78e0209fed803814484fcb\windows-amd64

VM Arguments:
jvm_args: --add-opens=java.base/java.util=ALL-UNNAMED --add-opens=java.base/java.lang=ALL-UNNAMED --add-opens=java.base/java.lang.invoke=ALL-UNNAMED --add-opens=java.base/java.util=ALL-UNNAMED --add-opens=java.prefs/java.util.prefs=ALL-UNNAMED --add-opens=java.prefs/java.util.prefs=ALL-UNNAMED --add-opens=java.base/java.nio.charset=ALL-UNNAMED --add-opens=java.base/java.net=ALL-UNNAMED --add-opens=java.base/java.util.concurrent.atomic=ALL-UNNAMED -Xmx2048m -Dfile.encoding=UTF-8 -Duser.country=IN -Duser.language=en -Duser.variant 
java_command: org.gradle.launcher.daemon.bootstrap.GradleDaemon 7.2
java_class_path (initial): C:\Users\Dell\.gradle\wrapper\dists\gradle-7.2-bin\2dnblmf4td7x66yl1d74lt32g\gradle-7.2\lib\gradle-launcher-7.2.jar
Launcher Type: SUN_STANDARD

[Global flags]
     intx CICompilerCount                          = 4                                         {product} {ergonomic}
     uint ConcGCThreads                            = 2                                         {product} {ergonomic}
     uint G1ConcRefinementThreads                  = 8                                         {product} {ergonomic}
   size_t G1HeapRegionSize                         = 1048576                                   {product} {ergonomic}
    uintx GCDrainStackTargetSize                   = 64                                        {product} {ergonomic}
   size_t InitialHeapSize                          = 100663296                                 {product} {ergonomic}
   size_t MarkStackSize                            = 4194304                                   {product} {ergonomic}
   size_t MaxHeapSize                              = 2147483648                                {product} {command line}
   size_t MaxNewSize                               = 1287651328                                {product} {ergonomic}
   size_t MinHeapDeltaBytes                        = 1048576                                   {product} {ergonomic}
    uintx NonNMethodCodeHeapSize                   = 5836300                                {pd product} {ergonomic}
    uintx NonProfiledCodeHeapSize                  = 122910970                              {pd product} {ergonomic}
    uintx ProfiledCodeHeapSize                     = 122910970                              {pd product} {ergonomic}
    uintx ReservedCodeCacheSize                    = 251658240                              {pd product} {ergonomic}
     bool SegmentedCodeCache                       = true                                      {product} {ergonomic}
     bool UseCompressedClassPointers               = true                                 {lp64_product} {ergonomic}
     bool UseCompressedOops                        = true                                 {lp64_product} {ergonomic}
     bool UseG1GC                                  = true                                      {product} {ergonomic}
     bool UseLargePagesIndividualAllocation        = false                                  {pd product} {ergonomic}

Logging:
Log output configuration:
 #0: stdout all=warning uptime,level,tags
 #1: stderr all=off uptime,level,tags

Environment Variables:
PATH=C:\Program Files\Common Files\Oracle\Java\javapath;C:\WINDOWS\system32;C:\WINDOWS;C:\WINDOWS\System32\Wbem;C:\WINDOWS\System32\WindowsPowerShell\v1.0\;C:\WINDOWS\System32\OpenSSH\C:\Program Files\Java\jdk-16.0.1\bin;C:\WINDOWS\System32\OpenSSH\;C:\Program Files\Java\jdk-18\bin;C:\Program Files\dotnet\;C:\Users\Dell\AppData\Local\Microsoft\WindowsApps;
USERNAME=Dell
OS=Windows_NT
PROCESSOR_IDENTIFIER=AMD64 Family 23 Model 24 Stepping 1, AuthenticAMD



---------------  S Y S T E M  ---------------

OS: Windows 10 , 64 bit Build 22000 (10.0.22000.675)
OS uptime: 2 days 16:59 hours

CPU:total 8 (initial active 8) (8 cores per cpu, 2 threads per core) family 23 model 24 stepping 1 microcode 0x0, cmov, cx8, fxsr, mmx, sse, sse2, sse3, ssse3, sse4.1, sse4.2, popcnt, avx, avx2, aes, clmul, mmxext, 3dnowpref, lzcnt, sse4a, ht, tsc, tscinvbit, tscinv, bmi1, bmi2, adx, s

Memory: 4k page, system-wide physical 6030M (413M free)
TotalPageFile size 24462M (AvailPageFile size 5M)
current process WorkingSet (physical memory assigned to process): 301M, peak: 301M
current process commit charge ("private bytes"): 358M, peak: 358M

vm_info: OpenJDK 64-Bit Server VM (11.0.11+9-b60-7590822) for windows-amd64 JRE (11.0.11+9-b60-7590822), built on Jul 29 2021 21:43:44 by "builder" with MS VC++ 14.0 (VS2015)

END.
