#
# There is insufficient memory for the Java Runtime Environment to continue.
# Native memory allocation (malloc) failed to allocate 1759056 bytes for Chunk::new
# Possible reasons:
#   The system is out of physical RAM or swap space
#   The process is running with CompressedOops enabled, and the Java Heap may be blocking the growth of the native heap
# Possible solutions:
#   Reduce memory load on the system
#   Increase physical memory or swap space
#   Check if swap backing store is full
#   Decrease Java heap size (-Xmx/-Xms)
#   Decrease number of Java threads
#   Decrease Java thread stack sizes (-Xss)
#   Set larger code cache with -XX:ReservedCodeCacheSize=
#   JVM is running with Unscaled Compressed Oops mode in which the Java heap is
#     placed in the first 4GB address space. The Java Heap base address is the
#     maximum limit for the native heap growth. Please use -XX:HeapBaseMinAddress
#     to set the Java Heap base and to place the Java Heap above 4GB virtual address.
# This output file may be truncated or incomplete.
#
#  Out of Memory Error (./src/hotspot/share/memory/arena.cpp:197), pid=16712, tid=5648
#
# JRE version: OpenJDK Runtime Environment (11.0.11+9) (build 11.0.11+9-b60-7590822)
# Java VM: OpenJDK 64-Bit Server VM (11.0.11+9-b60-7590822, mixed mode, tiered, compressed oops, g1 gc, windows-amd64)
# No core dump will be written. Minidumps are not enabled by default on client versions of Windows
#

---------------  S U M M A R Y ------------

Command Line: --add-opens=java.base/java.util=ALL-UNNAMED --add-opens=java.base/java.lang=ALL-UNNAMED --add-opens=java.base/java.lang.invoke=ALL-UNNAMED --add-opens=java.base/java.util=ALL-UNNAMED --add-opens=java.prefs/java.util.prefs=ALL-UNNAMED --add-opens=java.prefs/java.util.prefs=ALL-UNNAMED --add-opens=java.base/java.nio.charset=ALL-UNNAMED --add-opens=java.base/java.net=ALL-UNNAMED --add-opens=java.base/java.util.concurrent.atomic=ALL-UNNAMED -Xmx2048m -Dfile.encoding=UTF-8 -Duser.country=IN -Duser.language=en -Duser.variant org.gradle.launcher.daemon.bootstrap.GradleDaemon 7.2

Host: AMD Ryzen 7 3700U with Radeon Vega Mobile Gfx  , 8 cores, 5G,  Windows 10 , 64 bit Build 22000 (10.0.22000.675)
Time: Tue May 24 10:53:09 2022 India Standard Time elapsed time: 33.503151 seconds (0d 0h 0m 33s)

---------------  T H R E A D  ---------------

Current thread (0x0000021460a89800):  JavaThread "C2 CompilerThread0" daemon [_thread_in_native, id=5648, stack(0x000000e365900000,0x000000e365a00000)]


Current CompileTask:
C2:  33503 7872 %     4       org.gradle.internal.instantiation.generator.AbstractClassGenerator::inspectType @ 207 (560 bytes)

Stack: [0x000000e365900000,0x000000e365a00000]
Native frames: (J=compiled Java code, j=interpreted, Vv=VM code, C=native code)
V  [jvm.dll+0x5f214a]
V  [jvm.dll+0x726fb5]
V  [jvm.dll+0x7285cd]
V  [jvm.dll+0x728c83]
V  [jvm.dll+0x243278]
V  [jvm.dll+0xbc53c]
V  [jvm.dll+0xbca3c]
V  [jvm.dll+0x353e7d]
V  [jvm.dll+0x321893]
V  [jvm.dll+0x320d8a]
V  [jvm.dll+0x1fc1e2]
V  [jvm.dll+0x1fb3d4]
V  [jvm.dll+0x183d6c]
V  [jvm.dll+0x209a57]
V  [jvm.dll+0x2082a1]
V  [jvm.dll+0x6ef58f]
V  [jvm.dll+0x6e80b5]
V  [jvm.dll+0x5f1036]
C  [ucrtbase.dll+0x26c0c]
C  [KERNEL32.DLL+0x154e0]
C  [ntdll.dll+0x485b]


---------------  P R O C E S S  ---------------

Threads class SMR info:
_java_thread_list=0x0000021466de52a0, length=123, elements={
0x0000021446613000, 0x0000021460a67800, 0x0000021460a6c800, 0x0000021461403800,
0x0000021460a86000, 0x0000021460a87000, 0x0000021460a89800, 0x0000021460a93000,
0x0000021460a9f000, 0x0000021461542000, 0x000002146403a800, 0x0000021462a9a800,
0x0000021464b35000, 0x000002146353a000, 0x000002146415d800, 0x00000214653b3800,
0x000002146362c800, 0x000002146362d800, 0x0000021463630000, 0x000002146288c000,
0x0000021462887000, 0x000002146288b000, 0x0000021462886800, 0x0000021462888800,
0x0000021462888000, 0x0000021462889800, 0x000002146288d000, 0x000002146288a800,
0x00000214616c7800, 0x00000214616c4000, 0x00000214616c5000, 0x00000214616c5800,
0x00000214616c8000, 0x00000214616c6800, 0x00000214616c2800, 0x00000214616cc000,
0x00000214616ca800, 0x00000214616cb800, 0x00000214616c9000, 0x00000214616cd000,
0x00000214616cf800, 0x00000214616ce000, 0x00000214616ce800, 0x00000214616ca000,
0x00000214616d0800, 0x0000021465611800, 0x0000021465613000, 0x0000021465611000,
0x0000021465612800, 0x0000021465614000, 0x0000021465615000, 0x000002146560f000,
0x0000021465615800, 0x0000021465610000, 0x000002146561b800, 0x000002146561a800,
0x0000021465618000, 0x000002146561c000, 0x0000021465619000, 0x000002146561a000,
0x0000021465616800, 0x0000021465617800, 0x000002146561d000, 0x000002146561e000,
0x000002146737e800, 0x000002146737f800, 0x0000021467380000, 0x0000021467381000,
0x000002146737e000, 0x0000021467382000, 0x000002146737d000, 0x000002146737c000,
0x0000021467382800, 0x000002146404f800, 0x0000021464050800, 0x000002146404d000,
0x0000021464051800, 0x000002146404b800, 0x000002146404c800, 0x000002146404e000,
0x0000021464052000, 0x0000021464053000, 0x0000021464053800, 0x0000021464054800,
0x000002146404f000, 0x0000021464056000, 0x0000021464059800, 0x0000021464057000,
0x000002146405a000, 0x0000021464055800, 0x0000021464058000, 0x0000021464058800,
0x0000021461c58800, 0x0000021461c57800, 0x0000021461c59800, 0x0000021461c5a000,
0x0000021461c57000, 0x0000021461c5b000, 0x0000021461c55800, 0x0000021461c5c000,
0x0000021461c56000, 0x0000021461c62800, 0x0000021461c5e800, 0x0000021461c60000,
0x0000021461c5f000, 0x0000021461c60800, 0x0000021461c61800, 0x0000021461c5c800,
0x0000021461c63000, 0x0000021461c5d800, 0x0000021461c64000, 0x0000021466750000,
0x0000021466753000, 0x000002146674e000, 0x0000021466752000, 0x000002146674f000,
0x000002146674d800, 0x0000021466754000, 0x0000021466754800, 0x0000021466755800,
0x0000021466756800, 0x0000021466751800, 0x0000021466758800
}

Java Threads: ( => current thread )
  0x0000021446613000 JavaThread "main" [_thread_blocked, id=12344, stack(0x000000e364d00000,0x000000e364e00000)]
  0x0000021460a67800 JavaThread "Reference Handler" daemon [_thread_blocked, id=13856, stack(0x000000e365400000,0x000000e365500000)]
  0x0000021460a6c800 JavaThread "Finalizer" daemon [_thread_blocked, id=18116, stack(0x000000e365500000,0x000000e365600000)]
  0x0000021461403800 JavaThread "Signal Dispatcher" daemon [_thread_blocked, id=11292, stack(0x000000e365600000,0x000000e365700000)]
  0x0000021460a86000 JavaThread "Attach Listener" daemon [_thread_blocked, id=13640, stack(0x000000e365700000,0x000000e365800000)]
  0x0000021460a87000 JavaThread "Service Thread" daemon [_thread_blocked, id=7484, stack(0x000000e365800000,0x000000e365900000)]
=>0x0000021460a89800 JavaThread "C2 CompilerThread0" daemon [_thread_in_native, id=5648, stack(0x000000e365900000,0x000000e365a00000)]
  0x0000021460a93000 JavaThread "C1 CompilerThread0" daemon [_thread_blocked, id=2388, stack(0x000000e365a00000,0x000000e365b00000)]
  0x0000021460a9f000 JavaThread "Sweeper thread" daemon [_thread_blocked, id=15896, stack(0x000000e365b00000,0x000000e365c00000)]
  0x0000021461542000 JavaThread "Common-Cleaner" daemon [_thread_blocked, id=6156, stack(0x000000e365c00000,0x000000e365d00000)]
  0x000002146403a800 JavaThread "Daemon health stats" [_thread_blocked, id=916, stack(0x000000e366000000,0x000000e366100000)]
  0x0000021462a9a800 JavaThread "Incoming local TCP Connector on port 52110" [_thread_in_native, id=6268, stack(0x000000e365e00000,0x000000e365f00000)]
  0x0000021464b35000 JavaThread "Daemon periodic checks" [_thread_blocked, id=3380, stack(0x000000e366300000,0x000000e366400000)]
  0x000002146353a000 JavaThread "Daemon" [_thread_blocked, id=1076, stack(0x000000e366400000,0x000000e366500000)]
  0x000002146415d800 JavaThread "Handler for socket connection from /127.0.0.1:52110 to /127.0.0.1:52111" [_thread_in_native, id=15828, stack(0x000000e366500000,0x000000e366600000)]
  0x00000214653b3800 JavaThread "Cancel handler" [_thread_blocked, id=16380, stack(0x000000e366600000,0x000000e366700000)]
  0x000002146362c800 JavaThread "Daemon worker" [_thread_blocked, id=6588, stack(0x000000e366700000,0x000000e366800000)]
  0x000002146362d800 JavaThread "Asynchronous log dispatcher for DefaultDaemonConnection: socket connection from /127.0.0.1:52110 to /127.0.0.1:52111" [_thread_blocked, id=14476, stack(0x000000e366800000,0x000000e366900000)]
  0x0000021463630000 JavaThread "Stdin handler" [_thread_blocked, id=16304, stack(0x000000e366900000,0x000000e366a00000)]
  0x000002146288c000 JavaThread "Daemon client event forwarder" [_thread_blocked, id=3488, stack(0x000000e366a00000,0x000000e366b00000)]
  0x0000021462887000 JavaThread "Cache worker for journal cache (C:\Users\Dell\.gradle\caches\journal-1)" [_thread_blocked, id=4368, stack(0x000000e366f00000,0x000000e367000000)]
  0x000002146288b000 JavaThread "File lock request listener" [_thread_in_native, id=11200, stack(0x000000e367000000,0x000000e367100000)]
  0x0000021462886800 JavaThread "Cache worker for file hash cache (C:\Users\Dell\.gradle\caches\7.2\fileHashes)" [_thread_blocked, id=10008, stack(0x000000e367100000,0x000000e367200000)]
  0x0000021462888800 JavaThread "Cache worker for file hash cache (D:\QuizeeGame\.gradle\7.2\fileHashes)" [_thread_blocked, id=9908, stack(0x000000e367400000,0x000000e367500000)]
  0x0000021462888000 JavaThread "File watcher server" daemon [_thread_in_native, id=15088, stack(0x000000e367500000,0x000000e367600000)]
  0x0000021462889800 JavaThread "File watcher consumer" daemon [_thread_blocked, id=7560, stack(0x000000e367600000,0x000000e367700000)]
  0x000002146288d000 JavaThread "Cache worker for checksums cache (D:\QuizeeGame\.gradle\checksums)" [_thread_blocked, id=16396, stack(0x000000e367700000,0x000000e367800000)]
  0x000002146288a800 JavaThread "Cache worker for cache directory md-supplier (C:\Users\Dell\.gradle\caches\7.2\md-supplier)" [_thread_blocked, id=17244, stack(0x000000e367800000,0x000000e367900000)]
  0x00000214616c7800 JavaThread "Cache worker for cache directory md-rule (C:\Users\Dell\.gradle\caches\7.2\md-rule)" [_thread_blocked, id=17620, stack(0x000000e367900000,0x000000e367a00000)]
  0x00000214616c4000 JavaThread "Cache worker for execution history cache (C:\Users\Dell\.gradle\caches\7.2\executionHistory)" [_thread_blocked, id=17824, stack(0x000000e367300000,0x000000e367400000)]
  0x00000214616c5000 JavaThread "jar transforms" [_thread_blocked, id=812, stack(0x000000e367b00000,0x000000e367c00000)]
  0x00000214616c5800 JavaThread "Cache worker for file content cache (C:\Users\Dell\.gradle\caches\7.2\fileContent)" [_thread_blocked, id=280, stack(0x000000e367c00000,0x000000e367d00000)]
  0x00000214616c8000 JavaThread "jar transforms Thread 2" [_thread_blocked, id=16832, stack(0x000000e367d00000,0x000000e367e00000)]
  0x00000214616c6800 JavaThread "Cache worker for dependencies-accessors (D:\QuizeeGame\.gradle\7.2\dependencies-accessors)" [_thread_blocked, id=6424, stack(0x000000e367e00000,0x000000e367f00000)]
  0x00000214616c2800 JavaThread "jar transforms Thread 3" [_thread_blocked, id=8180, stack(0x000000e367a00000,0x000000e367b00000)]
  0x00000214616cc000 JavaThread "Cache worker for Build Output Cleanup Cache (D:\QuizeeGame\.gradle\buildOutputCleanup)" [_thread_blocked, id=18600, stack(0x000000e367f00000,0x000000e368000000)]
  0x00000214616ca800 JavaThread "Unconstrained build operations" [_thread_blocked, id=13980, stack(0x000000e368000000,0x000000e368100000)]
  0x00000214616cb800 JavaThread "Unconstrained build operations Thread 2" [_thread_blocked, id=7532, stack(0x000000e368100000,0x000000e368200000)]
  0x00000214616c9000 JavaThread "Unconstrained build operations Thread 3" [_thread_blocked, id=17368, stack(0x000000e368200000,0x000000e368300000)]
  0x00000214616cd000 JavaThread "Unconstrained build operations Thread 4" [_thread_blocked, id=9320, stack(0x000000e368300000,0x000000e368400000)]
  0x00000214616cf800 JavaThread "Unconstrained build operations Thread 5" [_thread_blocked, id=12608, stack(0x000000e368400000,0x000000e368500000)]
  0x00000214616ce000 JavaThread "Unconstrained build operations Thread 6" [_thread_blocked, id=15792, stack(0x000000e368500000,0x000000e368600000)]
  0x00000214616ce800 JavaThread "Unconstrained build operations Thread 7" [_thread_blocked, id=17220, stack(0x000000e368600000,0x000000e368700000)]
  0x00000214616ca000 JavaThread "Unconstrained build operations Thread 8" [_thread_blocked, id=18676, stack(0x000000e368700000,0x000000e368800000)]
  0x00000214616d0800 JavaThread "Unconstrained build operations Thread 9" [_thread_blocked, id=11296, stack(0x000000e368800000,0x000000e368900000)]
  0x0000021465611800 JavaThread "Unconstrained build operations Thread 10" [_thread_blocked, id=18936, stack(0x000000e368900000,0x000000e368a00000)]
  0x0000021465613000 JavaThread "Unconstrained build operations Thread 11" [_thread_blocked, id=14404, stack(0x000000e368a00000,0x000000e368b00000)]
  0x0000021465611000 JavaThread "Unconstrained build operations Thread 12" [_thread_blocked, id=18664, stack(0x000000e368b00000,0x000000e368c00000)]
  0x0000021465612800 JavaThread "Unconstrained build operations Thread 13" [_thread_blocked, id=1004, stack(0x000000e368c00000,0x000000e368d00000)]
  0x0000021465614000 JavaThread "Unconstrained build operations Thread 14" [_thread_blocked, id=18076, stack(0x000000e368d00000,0x000000e368e00000)]
  0x0000021465615000 JavaThread "Unconstrained build operations Thread 15" [_thread_blocked, id=14380, stack(0x000000e368e00000,0x000000e368f00000)]
  0x000002146560f000 JavaThread "Unconstrained build operations Thread 16" [_thread_blocked, id=16888, stack(0x000000e368f00000,0x000000e369000000)]
  0x0000021465615800 JavaThread "Unconstrained build operations Thread 17" [_thread_blocked, id=15284, stack(0x000000e369000000,0x000000e369100000)]
  0x0000021465610000 JavaThread "Unconstrained build operations Thread 18" [_thread_blocked, id=16372, stack(0x000000e369100000,0x000000e369200000)]
  0x000002146561b800 JavaThread "Unconstrained build operations Thread 19" [_thread_blocked, id=17680, stack(0x000000e369200000,0x000000e369300000)]
  0x000002146561a800 JavaThread "Unconstrained build operations Thread 20" [_thread_blocked, id=16932, stack(0x000000e369300000,0x000000e369400000)]
  0x0000021465618000 JavaThread "Unconstrained build operations Thread 21" [_thread_blocked, id=13944, stack(0x000000e369400000,0x000000e369500000)]
  0x000002146561c000 JavaThread "Unconstrained build operations Thread 22" [_thread_blocked, id=2784, stack(0x000000e369500000,0x000000e369600000)]
  0x0000021465619000 JavaThread "Unconstrained build operations Thread 23" [_thread_blocked, id=19204, stack(0x000000e369600000,0x000000e369700000)]
  0x000002146561a000 JavaThread "Unconstrained build operations Thread 24" [_thread_blocked, id=4620, stack(0x000000e369700000,0x000000e369800000)]
  0x0000021465616800 JavaThread "Unconstrained build operations Thread 25" [_thread_blocked, id=11500, stack(0x000000e369800000,0x000000e369900000)]
  0x0000021465617800 JavaThread "Unconstrained build operations Thread 26" [_thread_blocked, id=18164, stack(0x000000e369900000,0x000000e369a00000)]
  0x000002146561d000 JavaThread "Unconstrained build operations Thread 27" [_thread_blocked, id=17528, stack(0x000000e369a00000,0x000000e369b00000)]
  0x000002146561e000 JavaThread "Unconstrained build operations Thread 28" [_thread_blocked, id=808, stack(0x000000e369b00000,0x000000e369c00000)]
  0x000002146737e800 JavaThread "Unconstrained build operations Thread 29" [_thread_blocked, id=4752, stack(0x000000e369c00000,0x000000e369d00000)]
  0x000002146737f800 JavaThread "Unconstrained build operations Thread 30" [_thread_blocked, id=15920, stack(0x000000e369d00000,0x000000e369e00000)]
  0x0000021467380000 JavaThread "Unconstrained build operations Thread 31" [_thread_blocked, id=14992, stack(0x000000e369e00000,0x000000e369f00000)]
  0x0000021467381000 JavaThread "Unconstrained build operations Thread 32" [_thread_blocked, id=13144, stack(0x000000e369f00000,0x000000e36a000000)]
  0x000002146737e000 JavaThread "Unconstrained build operations Thread 33" [_thread_blocked, id=15480, stack(0x000000e36a000000,0x000000e36a100000)]
  0x0000021467382000 JavaThread "Unconstrained build operations Thread 34" [_thread_blocked, id=17432, stack(0x000000e36a100000,0x000000e36a200000)]
  0x000002146737d000 JavaThread "Unconstrained build operations Thread 35" [_thread_blocked, id=16248, stack(0x000000e36a200000,0x000000e36a300000)]
  0x000002146737c000 JavaThread "Unconstrained build operations Thread 36" [_thread_blocked, id=992, stack(0x000000e36a300000,0x000000e36a400000)]
  0x0000021467382800 JavaThread "Unconstrained build operations Thread 37" [_thread_blocked, id=17344, stack(0x000000e36a400000,0x000000e36a500000)]
  0x000002146404f800 JavaThread "Unconstrained build operations Thread 38" [_thread_blocked, id=9576, stack(0x000000e36a500000,0x000000e36a600000)]
  0x0000021464050800 JavaThread "Unconstrained build operations Thread 39" [_thread_blocked, id=18168, stack(0x000000e36a600000,0x000000e36a700000)]
  0x000002146404d000 JavaThread "Unconstrained build operations Thread 40" [_thread_blocked, id=15592, stack(0x000000e36a700000,0x000000e36a800000)]
  0x0000021464051800 JavaThread "Unconstrained build operations Thread 41" [_thread_blocked, id=15376, stack(0x000000e36a800000,0x000000e36a900000)]
  0x000002146404b800 JavaThread "Unconstrained build operations Thread 42" [_thread_blocked, id=6844, stack(0x000000e36a900000,0x000000e36aa00000)]
  0x000002146404c800 JavaThread "Unconstrained build operations Thread 43" [_thread_blocked, id=11028, stack(0x000000e36aa00000,0x000000e36ab00000)]
  0x000002146404e000 JavaThread "Unconstrained build operations Thread 44" [_thread_blocked, id=4356, stack(0x000000e36ab00000,0x000000e36ac00000)]
  0x0000021464052000 JavaThread "Unconstrained build operations Thread 45" [_thread_blocked, id=18324, stack(0x000000e36ac00000,0x000000e36ad00000)]
  0x0000021464053000 JavaThread "Unconstrained build operations Thread 46" [_thread_blocked, id=5840, stack(0x000000e36ad00000,0x000000e36ae00000)]
  0x0000021464053800 JavaThread "Unconstrained build operations Thread 47" [_thread_blocked, id=1784, stack(0x000000e36ae00000,0x000000e36af00000)]
  0x0000021464054800 JavaThread "Unconstrained build operations Thread 48" [_thread_blocked, id=12904, stack(0x000000e36af00000,0x000000e36b000000)]
  0x000002146404f000 JavaThread "Unconstrained build operations Thread 49" [_thread_blocked, id=6924, stack(0x000000e36b000000,0x000000e36b100000)]
  0x0000021464056000 JavaThread "Unconstrained build operations Thread 50" [_thread_blocked, id=7948, stack(0x000000e36b100000,0x000000e36b200000)]
  0x0000021464059800 JavaThread "Unconstrained build operations Thread 51" [_thread_blocked, id=16676, stack(0x000000e36b200000,0x000000e36b300000)]
  0x0000021464057000 JavaThread "Unconstrained build operations Thread 52" [_thread_blocked, id=8840, stack(0x000000e36b300000,0x000000e36b400000)]
  0x000002146405a000 JavaThread "Unconstrained build operations Thread 53" [_thread_blocked, id=832, stack(0x000000e36b400000,0x000000e36b500000)]
  0x0000021464055800 JavaThread "Unconstrained build operations Thread 54" [_thread_blocked, id=10548, stack(0x000000e36b500000,0x000000e36b600000)]
  0x0000021464058000 JavaThread "Unconstrained build operations Thread 55" [_thread_blocked, id=17888, stack(0x000000e36b600000,0x000000e36b700000)]
  0x0000021464058800 JavaThread "Unconstrained build operations Thread 56" [_thread_blocked, id=17732, stack(0x000000e36b700000,0x000000e36b800000)]
  0x0000021461c58800 JavaThread "Unconstrained build operations Thread 57" [_thread_blocked, id=6512, stack(0x000000e36b800000,0x000000e36b900000)]
  0x0000021461c57800 JavaThread "Unconstrained build operations Thread 58" [_thread_blocked, id=18728, stack(0x000000e36b900000,0x000000e36ba00000)]
  0x0000021461c59800 JavaThread "Unconstrained build operations Thread 59" [_thread_blocked, id=17296, stack(0x000000e36ba00000,0x000000e36bb00000)]
  0x0000021461c5a000 JavaThread "Unconstrained build operations Thread 60" [_thread_blocked, id=6208, stack(0x000000e36bb00000,0x000000e36bc00000)]
  0x0000021461c57000 JavaThread "Unconstrained build operations Thread 61" [_thread_blocked, id=18248, stack(0x000000e36bc00000,0x000000e36bd00000)]
  0x0000021461c5b000 JavaThread "Unconstrained build operations Thread 62" [_thread_blocked, id=2116, stack(0x000000e36bd00000,0x000000e36be00000)]
  0x0000021461c55800 JavaThread "Unconstrained build operations Thread 63" [_thread_blocked, id=18892, stack(0x000000e36be00000,0x000000e36bf00000)]
  0x0000021461c5c000 JavaThread "Unconstrained build operations Thread 64" [_thread_blocked, id=14640, stack(0x000000e36bf00000,0x000000e36c000000)]
  0x0000021461c56000 JavaThread "Unconstrained build operations Thread 65" [_thread_blocked, id=17960, stack(0x000000e36c000000,0x000000e36c100000)]
  0x0000021461c62800 JavaThread "Unconstrained build operations Thread 66" [_thread_blocked, id=10208, stack(0x000000e36c100000,0x000000e36c200000)]
  0x0000021461c5e800 JavaThread "Unconstrained build operations Thread 67" [_thread_blocked, id=19236, stack(0x000000e36c200000,0x000000e36c300000)]
  0x0000021461c60000 JavaThread "Unconstrained build operations Thread 68" [_thread_blocked, id=17204, stack(0x000000e36c300000,0x000000e36c400000)]
  0x0000021461c5f000 JavaThread "Unconstrained build operations Thread 69" [_thread_blocked, id=10612, stack(0x000000e36c400000,0x000000e36c500000)]
  0x0000021461c60800 JavaThread "Unconstrained build operations Thread 70" [_thread_blocked, id=18360, stack(0x000000e36c500000,0x000000e36c600000)]
  0x0000021461c61800 JavaThread "Unconstrained build operations Thread 71" [_thread_blocked, id=7944, stack(0x000000e36c600000,0x000000e36c700000)]
  0x0000021461c5c800 JavaThread "Unconstrained build operations Thread 72" [_thread_blocked, id=14192, stack(0x000000e36c700000,0x000000e36c800000)]
  0x0000021461c63000 JavaThread "Unconstrained build operations Thread 73" [_thread_blocked, id=16768, stack(0x000000e36c800000,0x000000e36c900000)]
  0x0000021461c5d800 JavaThread "Unconstrained build operations Thread 74" [_thread_blocked, id=8520, stack(0x000000e36c900000,0x000000e36ca00000)]
  0x0000021461c64000 JavaThread "Unconstrained build operations Thread 75" [_thread_blocked, id=16640, stack(0x000000e36ca00000,0x000000e36cb00000)]
  0x0000021466750000 JavaThread "Unconstrained build operations Thread 76" [_thread_blocked, id=12792, stack(0x000000e36cb00000,0x000000e36cc00000)]
  0x0000021466753000 JavaThread "Unconstrained build operations Thread 77" [_thread_blocked, id=13456, stack(0x000000e36cc00000,0x000000e36cd00000)]
  0x000002146674e000 JavaThread "Unconstrained build operations Thread 78" [_thread_blocked, id=8572, stack(0x000000e36cd00000,0x000000e36ce00000)]
  0x0000021466752000 JavaThread "Unconstrained build operations Thread 79" [_thread_blocked, id=6200, stack(0x000000e36ce00000,0x000000e36cf00000)]
  0x000002146674f000 JavaThread "Unconstrained build operations Thread 80" [_thread_blocked, id=11540, stack(0x000000e36cf00000,0x000000e36d000000)]
  0x000002146674d800 JavaThread "jar transforms Thread 4" [_thread_blocked, id=15660, stack(0x000000e36d000000,0x000000e36d100000)]
  0x0000021466754000 JavaThread "jar transforms Thread 5" [_thread_blocked, id=16268, stack(0x000000e36d100000,0x000000e36d200000)]
  0x0000021466754800 JavaThread "jar transforms Thread 6" [_thread_blocked, id=10188, stack(0x000000e36d200000,0x000000e36d300000)]
  0x0000021466755800 JavaThread "jar transforms Thread 7" [_thread_blocked, id=11776, stack(0x000000e36d300000,0x000000e36d400000)]
  0x0000021466756800 JavaThread "jar transforms Thread 8" [_thread_blocked, id=19172, stack(0x000000e36d400000,0x000000e36d500000)]
  0x0000021466751800 JavaThread "Memory manager" [_thread_blocked, id=5516, stack(0x000000e36d500000,0x000000e36d600000)]
  0x0000021466758800 JavaThread "build event listener" [_thread_blocked, id=14512, stack(0x000000e36d600000,0x000000e36d700000)]

Other Threads:
  0x0000021460a64800 VMThread "VM Thread" [stack: 0x000000e365300000,0x000000e365400000] [id=8680]
  0x0000021461568800 WatcherThread [stack: 0x000000e365d00000,0x000000e365e00000] [id=13164]
  0x0000021446625800 GCTaskThread "GC Thread#0" [stack: 0x000000e364e00000,0x000000e364f00000] [id=840]
  0x00000214622ba800 GCTaskThread "GC Thread#1" [stack: 0x000000e365f00000,0x000000e366000000] [id=6712]
  0x0000021464913000 GCTaskThread "GC Thread#2" [stack: 0x000000e366100000,0x000000e366200000] [id=18896]
  0x00000214636a5800 GCTaskThread "GC Thread#3" [stack: 0x000000e366200000,0x000000e366300000] [id=1192]
  0x0000021463733000 GCTaskThread "GC Thread#4" [stack: 0x000000e366b00000,0x000000e366c00000] [id=17172]
  0x00000214632aa000 GCTaskThread "GC Thread#5" [stack: 0x000000e366c00000,0x000000e366d00000] [id=15620]
  0x0000021463799800 GCTaskThread "GC Thread#6" [stack: 0x000000e366d00000,0x000000e366e00000] [id=12340]
  0x0000021461d84000 GCTaskThread "GC Thread#7" [stack: 0x000000e366e00000,0x000000e366f00000] [id=17288]
  0x0000021446658800 ConcurrentGCThread "G1 Main Marker" [stack: 0x000000e364f00000,0x000000e365000000] [id=2248]
  0x0000021446659800 ConcurrentGCThread "G1 Conc#0" [stack: 0x000000e365000000,0x000000e365100000] [id=2236]
  0x0000021463ef0800 ConcurrentGCThread "G1 Conc#1" [stack: 0x000000e367200000,0x000000e367300000] [id=18976]
  0x00000214466df800 ConcurrentGCThread "G1 Refine#0" [stack: 0x000000e365100000,0x000000e365200000] [id=10124]
  0x00000214466e0800 ConcurrentGCThread "G1 Young RemSet Sampling" [stack: 0x000000e365200000,0x000000e365300000] [id=4740]

Threads with active compile tasks:
C2 CompilerThread0  33545 7872 %     4       org.gradle.internal.instantiation.generator.AbstractClassGenerator::inspectType @ 207 (560 bytes)
C1 CompilerThread0  33545 8301       2       com.google.common.reflect.Types::toArray (14 bytes)

VM state:not at safepoint (normal execution)

VM Mutex/Monitor currently owned by a thread: None

Heap address: 0x0000000080000000, size: 2048 MB, Compressed Oops mode: 32-bit
Narrow klass base: 0x0000000000000000, Narrow klass shift: 3
Compressed class space size: 1073741824 Address: 0x0000000100000000

Heap:
 garbage-first heap   total 98304K, used 70682K [0x0000000080000000, 0x0000000100000000)
  region size 1024K, 4 young (4096K), 3 survivors (3072K)
 Metaspace       used 81598K, capacity 83507K, committed 83788K, reserved 1122304K
  class space    used 10517K, capacity 11231K, committed 11340K, reserved 1048576K
Heap Regions: E=young(eden), S=young(survivor), O=old, HS=humongous(starts), HC=humongous(continues), CS=collection set, F=free, A=archive, TAMS=top-at-mark-start (previous, next)
|   0|0x0000000080000000, 0x0000000080100000, 0x0000000080100000|100%| O|  |TAMS 0x0000000080100000, 0x0000000080000000| Untracked 
|   1|0x0000000080100000, 0x0000000080200000, 0x0000000080200000|100%| O|  |TAMS 0x0000000080200000, 0x0000000080100000| Untracked 
|   2|0x0000000080200000, 0x0000000080300000, 0x0000000080300000|100%| O|  |TAMS 0x0000000080300000, 0x0000000080200000| Untracked 
|   3|0x0000000080300000, 0x0000000080400000, 0x0000000080400000|100%|HS|  |TAMS 0x0000000080400000, 0x0000000080300000| Complete 
|   4|0x0000000080400000, 0x0000000080500000, 0x0000000080500000|100%|HC|  |TAMS 0x0000000080500000, 0x0000000080400000| Complete 
|   5|0x0000000080500000, 0x0000000080600000, 0x0000000080600000|100%|HC|  |TAMS 0x0000000080600000, 0x0000000080500000| Complete 
|   6|0x0000000080600000, 0x0000000080700000, 0x0000000080700000|100%| O|  |TAMS 0x0000000080700000, 0x0000000080600000| Untracked 
|   7|0x0000000080700000, 0x0000000080800000, 0x0000000080800000|100%| O|  |TAMS 0x0000000080800000, 0x0000000080700000| Untracked 
|   8|0x0000000080800000, 0x0000000080900000, 0x0000000080900000|100%| O|  |TAMS 0x0000000080900000, 0x0000000080800000| Untracked 
|   9|0x0000000080900000, 0x0000000080a00000, 0x0000000080a00000|100%| O|  |TAMS 0x0000000080a00000, 0x0000000080900000| Untracked 
|  10|0x0000000080a00000, 0x0000000080b00000, 0x0000000080b00000|100%| O|  |TAMS 0x0000000080b00000, 0x0000000080a00000| Untracked 
|  11|0x0000000080b00000, 0x0000000080c00000, 0x0000000080c00000|100%| O|  |TAMS 0x0000000080c00000, 0x0000000080b00000| Untracked 
|  12|0x0000000080c00000, 0x0000000080d00000, 0x0000000080d00000|100%| O|  |TAMS 0x0000000080d00000, 0x0000000080c00000| Untracked 
|  13|0x0000000080d00000, 0x0000000080e00000, 0x0000000080e00000|100%| O|  |TAMS 0x0000000080e00000, 0x0000000080d00000| Untracked 
|  14|0x0000000080e00000, 0x0000000080f00000, 0x0000000080f00000|100%| O|  |TAMS 0x0000000080f00000, 0x0000000080e00000| Untracked 
|  15|0x0000000080f00000, 0x0000000081000000, 0x0000000081000000|100%| O|  |TAMS 0x0000000081000000, 0x0000000080f00000| Untracked 
|  16|0x0000000081000000, 0x0000000081100000, 0x0000000081100000|100%| O|  |TAMS 0x0000000081100000, 0x0000000081000000| Untracked 
|  17|0x0000000081100000, 0x0000000081200000, 0x0000000081200000|100%| O|  |TAMS 0x0000000081200000, 0x0000000081100000| Untracked 
|  18|0x0000000081200000, 0x0000000081300000, 0x0000000081300000|100%| O|  |TAMS 0x0000000081300000, 0x0000000081200000| Untracked 
|  19|0x0000000081300000, 0x0000000081400000, 0x0000000081400000|100%| O|  |TAMS 0x0000000081400000, 0x0000000081300000| Untracked 
|  20|0x0000000081400000, 0x0000000081500000, 0x0000000081500000|100%| O|  |TAMS 0x0000000081500000, 0x0000000081400000| Untracked 
|  21|0x0000000081500000, 0x0000000081600000, 0x0000000081600000|100%| O|  |TAMS 0x0000000081600000, 0x0000000081500000| Untracked 
|  22|0x0000000081600000, 0x0000000081700000, 0x0000000081700000|100%| O|  |TAMS 0x0000000081700000, 0x0000000081600000| Untracked 
|  23|0x0000000081700000, 0x0000000081800000, 0x0000000081800000|100%| O|  |TAMS 0x0000000081800000, 0x0000000081700000| Untracked 
|  24|0x0000000081800000, 0x0000000081900000, 0x0000000081900000|100%| O|  |TAMS 0x0000000081900000, 0x0000000081800000| Untracked 
|  25|0x0000000081900000, 0x0000000081a00000, 0x0000000081a00000|100%| O|  |TAMS 0x0000000081a00000, 0x0000000081900000| Untracked 
|  26|0x0000000081a00000, 0x0000000081b00000, 0x0000000081b00000|100%| O|  |TAMS 0x0000000081b00000, 0x0000000081a00000| Untracked 
|  27|0x0000000081b00000, 0x0000000081c00000, 0x0000000081c00000|100%| O|  |TAMS 0x0000000081c00000, 0x0000000081b00000| Untracked 
|  28|0x0000000081c00000, 0x0000000081d00000, 0x0000000081d00000|100%|HS|  |TAMS 0x0000000081d00000, 0x0000000081c00000| Complete 
|  29|0x0000000081d00000, 0x0000000081e00000, 0x0000000081e00000|100%|HS|  |TAMS 0x0000000081e00000, 0x0000000081d00000| Complete 
|  30|0x0000000081e00000, 0x0000000081f00000, 0x0000000081f00000|100%|HS|  |TAMS 0x0000000081f00000, 0x0000000081e00000| Complete 
|  31|0x0000000081f00000, 0x0000000082000000, 0x0000000082000000|100%|HS|  |TAMS 0x0000000082000000, 0x0000000081f00000| Complete 
|  32|0x0000000082000000, 0x0000000082100000, 0x0000000082100000|100%|HC|  |TAMS 0x0000000082100000, 0x0000000082000000| Complete 
|  33|0x0000000082100000, 0x0000000082200000, 0x0000000082200000|100%| O|  |TAMS 0x0000000082200000, 0x0000000082100000| Untracked 
|  34|0x0000000082200000, 0x0000000082300000, 0x0000000082300000|100%| O|  |TAMS 0x0000000082300000, 0x0000000082200000| Untracked 
|  35|0x0000000082300000, 0x0000000082400000, 0x0000000082400000|100%| O|  |TAMS 0x0000000082400000, 0x0000000082300000| Untracked 
|  36|0x0000000082400000, 0x0000000082500000, 0x0000000082500000|100%| O|  |TAMS 0x0000000082500000, 0x0000000082400000| Untracked 
|  37|0x0000000082500000, 0x0000000082600000, 0x0000000082600000|100%| O|  |TAMS 0x0000000082600000, 0x0000000082500000| Untracked 
|  38|0x0000000082600000, 0x0000000082700000, 0x0000000082700000|100%| O|  |TAMS 0x0000000082700000, 0x0000000082600000| Untracked 
|  39|0x0000000082700000, 0x0000000082800000, 0x0000000082800000|100%| O|  |TAMS 0x0000000082800000, 0x0000000082700000| Untracked 
|  40|0x0000000082800000, 0x0000000082900000, 0x0000000082900000|100%| O|  |TAMS 0x0000000082900000, 0x0000000082800000| Untracked 
|  41|0x0000000082900000, 0x0000000082a00000, 0x0000000082a00000|100%| O|  |TAMS 0x0000000082a00000, 0x0000000082900000| Untracked 
|  42|0x0000000082a00000, 0x0000000082b00000, 0x0000000082b00000|100%| O|  |TAMS 0x0000000082b00000, 0x0000000082a00000| Untracked 
|  43|0x0000000082b00000, 0x0000000082c00000, 0x0000000082c00000|100%| O|  |TAMS 0x0000000082c00000, 0x0000000082b00000| Untracked 
|  44|0x0000000082c00000, 0x0000000082d00000, 0x0000000082d00000|100%| O|  |TAMS 0x0000000082d00000, 0x0000000082c00000| Untracked 
|  45|0x0000000082d00000, 0x0000000082e00000, 0x0000000082e00000|100%| O|  |TAMS 0x0000000082e00000, 0x0000000082d00000| Untracked 
|  46|0x0000000082e00000, 0x0000000082f00000, 0x0000000082f00000|100%| O|  |TAMS 0x0000000082f00000, 0x0000000082e00000| Untracked 
|  47|0x0000000082f00000, 0x0000000083000000, 0x0000000083000000|100%| O|  |TAMS 0x0000000083000000, 0x0000000082f00000| Untracked 
|  48|0x0000000083000000, 0x0000000083100000, 0x0000000083100000|100%| O|  |TAMS 0x0000000083100000, 0x0000000083000000| Untracked 
|  49|0x0000000083100000, 0x0000000083200000, 0x0000000083200000|100%| O|  |TAMS 0x0000000083200000, 0x0000000083100000| Untracked 
|  50|0x0000000083200000, 0x0000000083300000, 0x0000000083300000|100%| O|  |TAMS 0x0000000083300000, 0x0000000083200000| Untracked 
|  51|0x0000000083300000, 0x0000000083400000, 0x0000000083400000|100%| O|  |TAMS 0x0000000083400000, 0x0000000083300000| Untracked 
|  52|0x0000000083400000, 0x0000000083500000, 0x0000000083500000|100%| O|  |TAMS 0x0000000083500000, 0x0000000083400000| Untracked 
|  53|0x0000000083500000, 0x0000000083600000, 0x0000000083600000|100%| O|  |TAMS 0x0000000083600000, 0x0000000083500000| Untracked 
|  54|0x0000000083600000, 0x0000000083700000, 0x0000000083700000|100%| O|  |TAMS 0x0000000083700000, 0x0000000083600000| Untracked 
|  55|0x0000000083700000, 0x0000000083800000, 0x0000000083800000|100%| O|  |TAMS 0x0000000083800000, 0x0000000083700000| Untracked 
|  56|0x0000000083800000, 0x0000000083900000, 0x0000000083900000|100%| O|  |TAMS 0x0000000083900000, 0x0000000083800000| Untracked 
|  57|0x0000000083900000, 0x0000000083a00000, 0x0000000083a00000|100%| O|  |TAMS 0x0000000083a00000, 0x0000000083900000| Untracked 
|  58|0x0000000083a00000, 0x0000000083b00000, 0x0000000083b00000|100%| O|  |TAMS 0x0000000083b00000, 0x0000000083a00000| Untracked 
|  59|0x0000000083b00000, 0x0000000083c00000, 0x0000000083c00000|100%| O|  |TAMS 0x0000000083c00000, 0x0000000083b00000| Untracked 
|  60|0x0000000083c00000, 0x0000000083d00000, 0x0000000083d00000|100%| O|  |TAMS 0x0000000083d00000, 0x0000000083c00000| Untracked 
|  61|0x0000000083d00000, 0x0000000083e00000, 0x0000000083e00000|100%| O|  |TAMS 0x0000000083e00000, 0x0000000083d00000| Untracked 
|  62|0x0000000083e00000, 0x0000000083f00000, 0x0000000083f00000|100%| O|  |TAMS 0x0000000083f00000, 0x0000000083e00000| Untracked 
|  63|0x0000000083f00000, 0x0000000084000000, 0x0000000084000000|100%| O|  |TAMS 0x0000000083f06800, 0x0000000083f00000| Untracked 
|  64|0x0000000084000000, 0x0000000084100000, 0x0000000084100000|100%| O|  |TAMS 0x0000000084000000, 0x0000000084000000| Untracked 
|  65|0x0000000084100000, 0x0000000084200000, 0x0000000084200000|100%| O|  |TAMS 0x0000000084100000, 0x0000000084100000| Untracked 
|  66|0x0000000084200000, 0x0000000084206800, 0x0000000084300000|  2%| O|  |TAMS 0x0000000084200000, 0x0000000084200000| Untracked 
|  67|0x0000000084300000, 0x0000000084300000, 0x0000000084400000|  0%| F|  |TAMS 0x0000000084300000, 0x0000000084300000| Untracked 
|  68|0x0000000084400000, 0x0000000084400000, 0x0000000084500000|  0%| F|  |TAMS 0x0000000084400000, 0x0000000084400000| Untracked 
|  69|0x0000000084500000, 0x0000000084500000, 0x0000000084600000|  0%| F|  |TAMS 0x0000000084500000, 0x0000000084500000| Untracked 
|  70|0x0000000084600000, 0x0000000084600000, 0x0000000084700000|  0%| F|  |TAMS 0x0000000084600000, 0x0000000084600000| Untracked 
|  71|0x0000000084700000, 0x0000000084700000, 0x0000000084800000|  0%| F|  |TAMS 0x0000000084700000, 0x0000000084700000| Untracked 
|  72|0x0000000084800000, 0x0000000084800000, 0x0000000084900000|  0%| F|  |TAMS 0x0000000084800000, 0x0000000084800000| Untracked 
|  73|0x0000000084900000, 0x0000000084900000, 0x0000000084a00000|  0%| F|  |TAMS 0x0000000084900000, 0x0000000084900000| Untracked 
|  74|0x0000000084a00000, 0x0000000084a00000, 0x0000000084b00000|  0%| F|  |TAMS 0x0000000084a00000, 0x0000000084a00000| Untracked 
|  75|0x0000000084b00000, 0x0000000084b00000, 0x0000000084c00000|  0%| F|  |TAMS 0x0000000084b00000, 0x0000000084b00000| Untracked 
|  76|0x0000000084c00000, 0x0000000084d00000, 0x0000000084d00000|100%| S|CS|TAMS 0x0000000084c00000, 0x0000000084c00000| Complete 
|  77|0x0000000084d00000, 0x0000000084d00000, 0x0000000084e00000|  0%| F|  |TAMS 0x0000000084d00000, 0x0000000084d00000| Untracked 
|  78|0x0000000084e00000, 0x0000000084e00000, 0x0000000084f00000|  0%| F|  |TAMS 0x0000000084e00000, 0x0000000084e00000| Untracked 
|  79|0x0000000084f00000, 0x0000000085000000, 0x0000000085000000|100%| S|CS|TAMS 0x0000000084f00000, 0x0000000084f00000| Complete 
|  80|0x0000000085000000, 0x0000000085100000, 0x0000000085100000|100%| S|CS|TAMS 0x0000000085000000, 0x0000000085000000| Complete 
|  81|0x0000000085100000, 0x0000000085100000, 0x0000000085200000|  0%| F|  |TAMS 0x0000000085100000, 0x0000000085100000| Untracked 
|  82|0x0000000085200000, 0x0000000085200000, 0x0000000085300000|  0%| F|  |TAMS 0x0000000085200000, 0x0000000085200000| Untracked 
|  83|0x0000000085300000, 0x0000000085300000, 0x0000000085400000|  0%| F|  |TAMS 0x0000000085300000, 0x0000000085300000| Untracked 
|  84|0x0000000085400000, 0x0000000085400000, 0x0000000085500000|  0%| F|  |TAMS 0x0000000085400000, 0x0000000085400000| Untracked 
|  85|0x0000000085500000, 0x0000000085500000, 0x0000000085600000|  0%| F|  |TAMS 0x0000000085500000, 0x0000000085500000| Untracked 
|  86|0x0000000085600000, 0x0000000085600000, 0x0000000085700000|  0%| F|  |TAMS 0x0000000085600000, 0x0000000085600000| Untracked 
|  87|0x0000000085700000, 0x0000000085700000, 0x0000000085800000|  0%| F|  |TAMS 0x0000000085700000, 0x0000000085700000| Untracked 
|  88|0x0000000085800000, 0x0000000085800000, 0x0000000085900000|  0%| F|  |TAMS 0x0000000085800000, 0x0000000085800000| Untracked 
|  89|0x0000000085900000, 0x0000000085900000, 0x0000000085a00000|  0%| F|  |TAMS 0x0000000085900000, 0x0000000085900000| Untracked 
|  90|0x0000000085a00000, 0x0000000085a00000, 0x0000000085b00000|  0%| F|  |TAMS 0x0000000085a00000, 0x0000000085a00000| Untracked 
|  91|0x0000000085b00000, 0x0000000085b00000, 0x0000000085c00000|  0%| F|  |TAMS 0x0000000085b00000, 0x0000000085b00000| Untracked 
|  92|0x0000000085c00000, 0x0000000085c00000, 0x0000000085d00000|  0%| F|  |TAMS 0x0000000085c00000, 0x0000000085c00000| Untracked 
|  93|0x0000000085d00000, 0x0000000085d00000, 0x0000000085e00000|  0%| F|  |TAMS 0x0000000085d00000, 0x0000000085d00000| Untracked 
|  94|0x0000000085e00000, 0x0000000085e00000, 0x0000000085f00000|  0%| F|  |TAMS 0x0000000085e00000, 0x0000000085e00000| Untracked 
|  95|0x0000000085f00000, 0x0000000085f392c0, 0x0000000086000000| 22%| E|  |TAMS 0x0000000085f00000, 0x0000000085f00000| Complete 

Card table byte_map: [0x0000021459840000,0x0000021459c40000] _byte_map_base: 0x0000021459440000

Marking Bits (Prev, Next): (CMBitMap*) 0x000002144664f740, (CMBitMap*) 0x000002144664f708
 Prev Bits: [0x000002145c040000, 0x000002145e040000)
 Next Bits: [0x000002145a040000, 0x000002145c040000)

Polling page: 0x0000021444570000

Metaspace:

Usage:
  Non-class:     70.65 MB capacity,    69.44 MB ( 98%) used,     1.01 MB (  1%) free+waste,   203.94 KB ( <1%) overhead. 
      Class:     10.97 MB capacity,    10.27 MB ( 94%) used,   619.89 KB (  6%) free+waste,    94.50 KB ( <1%) overhead. 
       Both:     81.62 MB capacity,    79.71 MB ( 98%) used,     1.62 MB (  2%) free+waste,   298.44 KB ( <1%) overhead. 

Virtual space:
  Non-class space:       72.00 MB reserved,      70.75 MB ( 98%) committed 
      Class space:        1.00 GB reserved,      11.07 MB (  1%) committed 
             Both:        1.07 GB reserved,      81.82 MB (  7%) committed 

Chunk freelists:
   Non-Class:  34.00 KB
       Class:  0 bytes
        Both:  34.00 KB

MaxMetaspaceSize: 17179869184.00 GB
CompressedClassSpaceSize: 1.00 GB

CodeHeap 'non-profiled nmethods': size=120000Kb used=4062Kb max_used=4062Kb free=115937Kb
 bounds [0x0000021451be0000, 0x0000021451fe0000, 0x0000021459110000]
CodeHeap 'profiled nmethods': size=120000Kb used=16931Kb max_used=16931Kb free=103069Kb
 bounds [0x000002144a6b0000, 0x000002144b740000, 0x0000021451be0000]
CodeHeap 'non-nmethods': size=5760Kb used=2274Kb max_used=2324Kb free=3485Kb
 bounds [0x000002144a110000, 0x000002144a380000, 0x000002144a6b0000]
 total_blobs=8927 nmethods=8056 adapters=782
 compilation: enabled
              stopped_count=0, restarted_count=0
 full_count=0

Compilation events (20 events):
Event: 33.490 Thread 0x0000021460a93000 nmethod 8285 0x000002144b72e290 code [0x000002144b72e440, 0x000002144b72e5a8]
Event: 33.490 Thread 0x0000021460a93000 8283       1       java.io.ObjectInputStream$BlockDataInputStream::getBlockDataMode (5 bytes)
Event: 33.490 Thread 0x0000021460a93000 nmethod 8283 0x0000021451fd7410 code [0x0000021451fd75c0, 0x0000021451fd7678]
Event: 33.490 Thread 0x0000021460a93000 8281       1       java.io.ObjectStreamField::setOffset (6 bytes)
Event: 33.491 Thread 0x0000021460a93000 nmethod 8281 0x0000021451fd7710 code [0x0000021451fd78c0, 0x0000021451fd7978]
Event: 33.491 Thread 0x0000021460a93000 8287       2       java.io.ObjectInputStream$PeekInputStream::peek (49 bytes)
Event: 33.491 Thread 0x0000021460a93000 nmethod 8287 0x000002144b72e690 code [0x000002144b72e840, 0x000002144b72e9a8]
Event: 33.491 Thread 0x0000021460a93000 8288       2       java.io.Bits::getShort (18 bytes)
Event: 33.491 Thread 0x0000021460a93000 nmethod 8288 0x000002144b72ea90 code [0x000002144b72ec40, 0x000002144b72ed78]
Event: 33.491 Thread 0x0000021460a93000 8286   !   2       java.io.ObjectStreamClass::lookup (334 bytes)
Event: 33.496 Thread 0x0000021460a93000 nmethod 8286 0x000002144b72ee90 code [0x000002144b72f200, 0x000002144b7307a8]
Event: 33.496 Thread 0x0000021460a93000 8289       2       java.io.ObjectInputStream$BlockDataInputStream::peekByte (20 bytes)
Event: 33.497 Thread 0x0000021460a93000 nmethod 8289 0x000002144b731090 code [0x000002144b731260, 0x000002144b731418]
Event: 33.497 Thread 0x0000021460a93000 8290       2       java.io.ObjectInputStream$BlockDataInputStream::peek (55 bytes)
Event: 33.497 Thread 0x0000021460a93000 nmethod 8290 0x000002144b731510 code [0x000002144b7316e0, 0x000002144b731898]
Event: 33.497 Thread 0x0000021460a93000 8291       2       java.io.ObjectInputStream$BlockDataInputStream::setBlockDataMode (74 bytes)
Event: 33.497 Thread 0x0000021460a93000 nmethod 8291 0x000002144b731a10 code [0x000002144b731be0, 0x000002144b731e08]
Event: 33.498 Thread 0x0000021460a93000 8292       2       java.lang.Math::min (12 bytes)
Event: 33.498 Thread 0x0000021460a93000 nmethod 8292 0x000002144b731f10 code [0x000002144b7320c0, 0x000002144b7321b8]
Event: 33.499 Thread 0x0000021460a93000 8295       2       java.io.ObjectInputStream$BlockDataInputStream::readUTFBody (192 bytes)

GC Heap History (20 events):
Event: 25.513 GC heap before
{Heap before GC invocations=20 (full 0):
 garbage-first heap   total 98304K, used 80171K [0x0000000080000000, 0x0000000100000000)
  region size 1024K, 29 young (29696K), 3 survivors (3072K)
 Metaspace       used 65834K, capacity 67390K, committed 67660K, reserved 1107968K
  class space    used 8337K, capacity 8928K, committed 9036K, reserved 1048576K
}
Event: 25.518 GC heap after
{Heap after GC invocations=21 (full 0):
 garbage-first heap   total 98304K, used 54184K [0x0000000080000000, 0x0000000100000000)
  region size 1024K, 4 young (4096K), 4 survivors (4096K)
 Metaspace       used 65834K, capacity 67390K, committed 67660K, reserved 1107968K
  class space    used 8337K, capacity 8928K, committed 9036K, reserved 1048576K
}
Event: 25.960 GC heap before
{Heap before GC invocations=21 (full 0):
 garbage-first heap   total 98304K, used 79784K [0x0000000080000000, 0x0000000100000000)
  region size 1024K, 29 young (29696K), 4 survivors (4096K)
 Metaspace       used 65938K, capacity 67634K, committed 67916K, reserved 1107968K
  class space    used 8350K, capacity 8966K, committed 9036K, reserved 1048576K
}
Event: 25.967 GC heap after
{Heap after GC invocations=22 (full 0):
 garbage-first heap   total 98304K, used 56256K [0x0000000080000000, 0x0000000100000000)
  region size 1024K, 3 young (3072K), 3 survivors (3072K)
 Metaspace       used 65938K, capacity 67634K, committed 67916K, reserved 1107968K
  class space    used 8350K, capacity 8966K, committed 9036K, reserved 1048576K
}
Event: 27.310 GC heap before
{Heap before GC invocations=23 (full 0):
 garbage-first heap   total 98304K, used 79808K [0x0000000080000000, 0x0000000100000000)
  region size 1024K, 27 young (27648K), 3 survivors (3072K)
 Metaspace       used 68911K, capacity 70569K, committed 70604K, reserved 1110016K
  class space    used 8792K, capacity 9390K, committed 9420K, reserved 1048576K
}
Event: 27.314 GC heap after
{Heap after GC invocations=24 (full 0):
 garbage-first heap   total 98304K, used 57398K [0x0000000080000000, 0x0000000100000000)
  region size 1024K, 4 young (4096K), 4 survivors (4096K)
 Metaspace       used 68911K, capacity 70569K, committed 70604K, reserved 1110016K
  class space    used 8792K, capacity 9390K, committed 9420K, reserved 1048576K
}
Event: 28.678 GC heap before
{Heap before GC invocations=24 (full 0):
 garbage-first heap   total 98304K, used 80950K [0x0000000080000000, 0x0000000100000000)
  region size 1024K, 28 young (28672K), 4 survivors (4096K)
 Metaspace       used 71686K, capacity 73350K, committed 73420K, reserved 1112064K
  class space    used 9248K, capacity 9864K, committed 9932K, reserved 1048576K
}
Event: 28.689 GC heap after
{Heap after GC invocations=25 (full 0):
 garbage-first heap   total 98304K, used 59329K [0x0000000080000000, 0x0000000100000000)
  region size 1024K, 4 young (4096K), 4 survivors (4096K)
 Metaspace       used 71686K, capacity 73350K, committed 73420K, reserved 1112064K
  class space    used 9248K, capacity 9864K, committed 9932K, reserved 1048576K
}
Event: 29.196 GC heap before
{Heap before GC invocations=26 (full 0):
 garbage-first heap   total 98304K, used 81857K [0x0000000080000000, 0x0000000100000000)
  region size 1024K, 26 young (26624K), 4 survivors (4096K)
 Metaspace       used 72177K, capacity 73870K, committed 73932K, reserved 1114112K
  class space    used 9315K, capacity 9908K, committed 9932K, reserved 1048576K
}
Event: 29.204 GC heap after
{Heap after GC invocations=27 (full 0):
 garbage-first heap   total 98304K, used 60875K [0x0000000080000000, 0x0000000100000000)
  region size 1024K, 4 young (4096K), 4 survivors (4096K)
 Metaspace       used 72177K, capacity 73870K, committed 73932K, reserved 1114112K
  class space    used 9315K, capacity 9908K, committed 9932K, reserved 1048576K
}
Event: 29.979 GC heap before
{Heap before GC invocations=27 (full 0):
 garbage-first heap   total 98304K, used 82379K [0x0000000080000000, 0x0000000100000000)
  region size 1024K, 25 young (25600K), 4 survivors (4096K)
 Metaspace       used 73072K, capacity 74779K, committed 74956K, reserved 1114112K
  class space    used 9454K, capacity 10078K, committed 10188K, reserved 1048576K
}
Event: 29.987 GC heap after
{Heap after GC invocations=28 (full 0):
 garbage-first heap   total 98304K, used 62615K [0x0000000080000000, 0x0000000100000000)
  region size 1024K, 4 young (4096K), 4 survivors (4096K)
 Metaspace       used 73072K, capacity 74779K, committed 74956K, reserved 1114112K
  class space    used 9454K, capacity 10078K, committed 10188K, reserved 1048576K
}
Event: 30.832 GC heap before
{Heap before GC invocations=29 (full 0):
 garbage-first heap   total 98304K, used 82071K [0x0000000080000000, 0x0000000100000000)
  region size 1024K, 23 young (23552K), 4 survivors (4096K)
 Metaspace       used 74725K, capacity 76421K, committed 76748K, reserved 1116160K
  class space    used 9694K, capacity 10322K, committed 10444K, reserved 1048576K
}
Event: 30.839 GC heap after
{Heap after GC invocations=30 (full 0):
 garbage-first heap   total 98304K, used 63574K [0x0000000080000000, 0x0000000100000000)
  region size 1024K, 3 young (3072K), 3 survivors (3072K)
 Metaspace       used 74725K, capacity 76421K, committed 76748K, reserved 1116160K
  class space    used 9694K, capacity 10322K, committed 10444K, reserved 1048576K
}
Event: 31.734 GC heap before
{Heap before GC invocations=30 (full 0):
 garbage-first heap   total 98304K, used 83030K [0x0000000080000000, 0x0000000100000000)
  region size 1024K, 22 young (22528K), 3 survivors (3072K)
 Metaspace       used 76636K, capacity 78428K, committed 78540K, reserved 1118208K
  class space    used 9996K, capacity 10660K, committed 10700K, reserved 1048576K
}
Event: 31.741 GC heap after
{Heap after GC invocations=31 (full 0):
 garbage-first heap   total 98304K, used 64409K [0x0000000080000000, 0x0000000100000000)
  region size 1024K, 2 young (2048K), 2 survivors (2048K)
 Metaspace       used 76636K, capacity 78428K, committed 78540K, reserved 1118208K
  class space    used 9996K, capacity 10660K, committed 10700K, reserved 1048576K
}
Event: 32.620 GC heap before
{Heap before GC invocations=32 (full 0):
 garbage-first heap   total 98304K, used 83865K [0x0000000080000000, 0x0000000100000000)
  region size 1024K, 21 young (21504K), 2 survivors (2048K)
 Metaspace       used 79262K, capacity 81122K, committed 81228K, reserved 1120256K
  class space    used 10300K, capacity 10996K, committed 11084K, reserved 1048576K
}
Event: 32.625 GC heap after
{Heap after GC invocations=33 (full 0):
 garbage-first heap   total 98304K, used 66003K [0x0000000080000000, 0x0000000100000000)
  region size 1024K, 3 young (3072K), 3 survivors (3072K)
 Metaspace       used 79262K, capacity 81122K, committed 81228K, reserved 1120256K
  class space    used 10300K, capacity 10996K, committed 11084K, reserved 1048576K
}
Event: 32.980 GC heap before
{Heap before GC invocations=33 (full 0):
 garbage-first heap   total 98304K, used 83411K [0x0000000080000000, 0x0000000100000000)
  region size 1024K, 20 young (20480K), 3 survivors (3072K)
 Metaspace       used 79932K, capacity 81819K, committed 82124K, reserved 1120256K
  class space    used 10384K, capacity 11076K, committed 11212K, reserved 1048576K
}
Event: 32.987 GC heap after
{Heap after GC invocations=34 (full 0):
 garbage-first heap   total 98304K, used 67610K [0x0000000080000000, 0x0000000100000000)
  region size 1024K, 3 young (3072K), 3 survivors (3072K)
 Metaspace       used 79932K, capacity 81819K, committed 82124K, reserved 1120256K
  class space    used 10384K, capacity 11076K, committed 11212K, reserved 1048576K
}

Deoptimization events (20 events):
Event: 32.133 Thread 0x000002146362c800 DEOPT PACKING pc=0x000002144add334c sp=0x000000e3667f7a30
Event: 32.133 Thread 0x000002146362c800 DEOPT UNPACKING pc=0x000002144a136dde sp=0x000000e3667f6ed0 mode 0
Event: 32.133 Thread 0x000002146362c800 DEOPT PACKING pc=0x000002144aee65fc sp=0x000000e3667f7aa0
Event: 32.133 Thread 0x000002146362c800 DEOPT UNPACKING pc=0x000002144a136dde sp=0x000000e3667f6ea0 mode 0
Event: 32.152 Thread 0x000002146362c800 Uncommon trap: trap_request=0xffffff4d fr.pc=0x0000021451e2a0f8 relative=0x00000000000006f8
Event: 32.152 Thread 0x000002146362c800 Uncommon trap: reason=unstable_if action=reinterpret pc=0x0000021451e2a0f8 method=java.util.HashMap.putVal(ILjava/lang/Object;Ljava/lang/Object;ZZ)Ljava/lang/Object; @ 109 c2
Event: 32.152 Thread 0x000002146362c800 DEOPT PACKING pc=0x0000021451e2a0f8 sp=0x000000e3667f77b0
Event: 32.152 Thread 0x000002146362c800 DEOPT UNPACKING pc=0x000002144a13662f sp=0x000000e3667f76c8 mode 2
Event: 32.152 Thread 0x000002146362c800 Uncommon trap: trap_request=0xffffff4d fr.pc=0x0000021451d6b068 relative=0x0000000000000668
Event: 32.152 Thread 0x000002146362c800 Uncommon trap: reason=unstable_if action=reinterpret pc=0x0000021451d6b068 method=java.util.HashMap.putVal(ILjava/lang/Object;Ljava/lang/Object;ZZ)Ljava/lang/Object; @ 109 c2
Event: 32.152 Thread 0x000002146362c800 DEOPT PACKING pc=0x0000021451d6b068 sp=0x000000e3667f7700
Event: 32.152 Thread 0x000002146362c800 DEOPT UNPACKING pc=0x000002144a13662f sp=0x000000e3667f76b8 mode 2
Event: 32.582 Thread 0x000002146362c800 Uncommon trap: trap_request=0xffffffdc fr.pc=0x0000021451fc8d58 relative=0x0000000000000298
Event: 32.582 Thread 0x000002146362c800 Uncommon trap: reason=class_check action=make_not_entrant pc=0x0000021451fc8d58 method=java.util.ArrayList.toArray([Ljava/lang/Object;)[Ljava/lang/Object; @ 21 c2
Event: 32.582 Thread 0x000002146362c800 DEOPT PACKING pc=0x0000021451fc8d58 sp=0x000000e3667f9080
Event: 32.582 Thread 0x000002146362c800 DEOPT UNPACKING pc=0x000002144a13662f sp=0x000000e3667f9050 mode 2
Event: 32.614 Thread 0x000002146362c800 DEOPT PACKING pc=0x000002144b2bc86c sp=0x000000e3667f91c0
Event: 32.614 Thread 0x000002146362c800 DEOPT UNPACKING pc=0x000002144a136dde sp=0x000000e3667f8760 mode 0
Event: 32.782 Thread 0x000002146362c800 DEOPT PACKING pc=0x000002144b437af0 sp=0x000000e3667f8050
Event: 32.782 Thread 0x000002146362c800 DEOPT UNPACKING pc=0x000002144a136dde sp=0x000000e3667f7530 mode 0

Classes redefined (0 events):
No events

Internal exceptions (20 events):
Event: 32.710 Thread 0x000002146362c800 Exception <a 'java/lang/ClassNotFoundException'{0x0000000085a66e10}: com/android/build/gradle/tasks/MergeResourcesCustomizer> (0x0000000085a66e10) thrown at [./src/hotspot/share/classfile/systemDictionary.cpp, line 231]
Event: 32.712 Thread 0x000002146362c800 Exception <a 'java/lang/ClassNotFoundException'{0x0000000085abed50}: com/android/build/gradle/tasks/MergeResources_DecoratedCustomizer> (0x0000000085abed50) thrown at [./src/hotspot/share/classfile/systemDictionary.cpp, line 231]
Event: 32.734 Thread 0x000002146362c800 Exception <a 'java/lang/ClassNotFoundException'{0x000000008582d6f8}: com/google/gms/googleservices/GoogleServicesTask_DecoratedBeanInfo> (0x000000008582d6f8) thrown at [./src/hotspot/share/classfile/systemDictionary.cpp, line 231]
Event: 32.738 Thread 0x000002146362c800 Exception <a 'java/lang/ClassNotFoundException'{0x0000000085847c18}: com/google/gms/googleservices/GoogleServicesTaskBeanInfo> (0x0000000085847c18) thrown at [./src/hotspot/share/classfile/systemDictionary.cpp, line 231]
Event: 32.740 Thread 0x000002146362c800 Exception <a 'java/lang/ClassNotFoundException'{0x0000000085862eb0}: com/google/gms/googleservices/GoogleServicesTaskCustomizer> (0x0000000085862eb0) thrown at [./src/hotspot/share/classfile/systemDictionary.cpp, line 231]
Event: 32.744 Thread 0x000002146362c800 Exception <a 'java/lang/ClassNotFoundException'{0x00000000858927b8}: com/google/gms/googleservices/GoogleServicesTask_DecoratedCustomizer> (0x00000000858927b8) thrown at [./src/hotspot/share/classfile/systemDictionary.cpp, line 231]
Event: 32.762 Thread 0x000002146362c800 Exception <a 'java/lang/ClassNotFoundException'{0x00000000857289b8}: com/android/build/gradle/internal/api/ReadOnlyBuildTypeBeanInfo> (0x00000000857289b8) thrown at [./src/hotspot/share/classfile/systemDictionary.cpp, line 231]
Event: 32.763 Thread 0x000002146362c800 Exception <a 'java/lang/ClassNotFoundException'{0x0000000085744710}: com/android/build/gradle/internal/api/ReadOnlyBaseConfigBeanInfo> (0x0000000085744710) thrown at [./src/hotspot/share/classfile/systemDictionary.cpp, line 231]
Event: 32.764 Thread 0x000002146362c800 Exception <a 'java/lang/ClassNotFoundException'{0x0000000085761018}: com/android/build/gradle/internal/api/ReadOnlyBaseConfigCustomizer> (0x0000000085761018) thrown at [./src/hotspot/share/classfile/systemDictionary.cpp, line 231]
Event: 32.767 Thread 0x000002146362c800 Exception <a 'java/lang/ClassNotFoundException'{0x000000008578d4b0}: com/android/build/gradle/internal/api/ReadOnlyBuildTypeCustomizer> (0x000000008578d4b0) thrown at [./src/hotspot/share/classfile/systemDictionary.cpp, line 231]
Event: 32.785 Thread 0x000002146362c800 Exception <a 'java/lang/ClassNotFoundException'{0x00000000856f8020}: com/android/build/gradle/internal/api/ImmutableFlavorListBeanInfo> (0x00000000856f8020) thrown at [./src/hotspot/share/classfile/systemDictionary.cpp, line 231]
Event: 32.787 Thread 0x000002146362c800 Exception <a 'java/lang/ClassNotFoundException'{0x0000000085514b40}: com/android/build/gradle/internal/api/ImmutableFlavorListCustomizer> (0x0000000085514b40) thrown at [./src/hotspot/share/classfile/systemDictionary.cpp, line 231]
Event: 32.807 Thread 0x000002146362c800 Exception <a 'java/lang/ClassNotFoundException'{0x00000000855fb878}: org/gradle/api/internal/file/collections/DefaultConfigurableFileCollectionBeanInfo> (0x00000000855fb878) thrown at [./src/hotspot/share/classfile/systemDictionary.cpp, line 231]
Event: 32.807 Thread 0x000002146362c800 Exception <a 'java/lang/ClassNotFoundException'{0x0000000085415658}: org/gradle/api/internal/file/CompositeFileCollectionBeanInfo> (0x0000000085415658) thrown at [./src/hotspot/share/classfile/systemDictionary.cpp, line 231]
Event: 32.808 Thread 0x000002146362c800 Exception <a 'java/lang/ClassNotFoundException'{0x000000008542f428}: org/gradle/api/internal/file/CompositeFileCollectionCustomizer> (0x000000008542f428) thrown at [./src/hotspot/share/classfile/systemDictionary.cpp, line 231]
Event: 32.809 Thread 0x000002146362c800 Exception <a 'java/lang/ClassNotFoundException'{0x0000000085454240}: org/gradle/api/internal/file/collections/DefaultConfigurableFileCollectionCustomizer> (0x0000000085454240) thrown at [./src/hotspot/share/classfile/systemDictionary.cpp, line 231]
Event: 33.134 Thread 0x000002146362c800 Exception <a 'java/lang/NoSuchMethodError'{0x0000000085c57810}: 'java.lang.Object java.lang.invoke.Invokers$Holder.linkToTargetMethod(java.lang.Object, java.lang.Object, java.lang.Object, int, java.lang.Object, java.lang.Object)'> (0x0000000085c57810) thrown at [./src/hotspot/share/interpreter/linkResolver.cpp, line 773]
Event: 33.447 Thread 0x000002146362c800 Exception <a 'java/lang/NoSuchMethodError'{0x00000000853d5b70}: <clinit>> (0x00000000853d5b70) thrown at [./src/hotspot/share/prims/jni.cpp, line 1362]
Event: 33.463 Thread 0x000002146362c800 Exception <a 'java/lang/NoSuchMethodError'{0x000000008521f0c0}: <clinit>> (0x000000008521f0c0) thrown at [./src/hotspot/share/prims/jni.cpp, line 1362]
Event: 33.469 Thread 0x000002146362c800 Exception <a 'java/lang/NoSuchMethodError'{0x0000000085254028}: 'void java.lang.invoke.DirectMethodHandle$Holder.invokeSpecial(java.lang.Object, java.lang.Object, java.lang.Object, int)'> (0x0000000085254028) thrown at [./src/hotspot/share/interpreter/linkResolver.cpp, line 773]

Events (20 events):
Event: 33.471 loading class jdk/internal/misc/JavaObjectInputStreamReadString
Event: 33.471 loading class jdk/internal/misc/JavaObjectInputStreamReadString done
Event: 33.472 loading class java/io/ObjectInputStream$BlockDataInputStream
Event: 33.473 loading class java/io/ObjectInputStream$BlockDataInputStream done
Event: 33.474 loading class java/io/ObjectInputStream$PeekInputStream
Event: 33.474 loading class java/io/ObjectInputStream$PeekInputStream done
Event: 33.474 loading class java/io/ObjectInputStream$HandleTable
Event: 33.474 loading class java/io/ObjectInputStream$HandleTable done
Event: 33.474 loading class java/io/ObjectInputStream$HandleTable$HandleList
Event: 33.474 loading class java/io/ObjectInputStream$HandleTable$HandleList done
Event: 33.474 loading class java/io/ObjectInputStream$ValidationList
Event: 33.474 loading class java/io/ObjectInputStream$ValidationList done
Event: 33.474 loading class java/io/ObjectInputFilter$Config
Event: 33.477 loading class java/io/ObjectInputFilter$Config done
Event: 33.477 loading class java/io/ObjectInputFilter
Event: 33.477 loading class java/io/ObjectInputFilter done
Event: 33.478 loading class jdk/internal/misc/JavaObjectInputFilterAccess
Event: 33.478 loading class jdk/internal/misc/JavaObjectInputFilterAccess done
Event: 33.481 loading class java/io/ObjectInputStream$FieldValues
Event: 33.481 loading class java/io/ObjectInputStream$FieldValues done


Dynamic libraries:
0x00007ff755040000 - 0x00007ff75504a000 	C:\Program Files\Android\Android Studio\jre\bin\java.exe
0x00007ff8c3740000 - 0x00007ff8c3949000 	C:\WINDOWS\SYSTEM32\ntdll.dll
0x00007ff8c21a0000 - 0x00007ff8c225d000 	C:\WINDOWS\System32\KERNEL32.DLL
0x00007ff8c0f00000 - 0x00007ff8c1279000 	C:\WINDOWS\System32\KERNELBASE.dll
0x00007ff8c13a0000 - 0x00007ff8c14b1000 	C:\WINDOWS\System32\ucrtbase.dll
0x00007ff8a0ed0000 - 0x00007ff8a0ee9000 	C:\Program Files\Android\Android Studio\jre\bin\jli.dll
0x00007ff89d180000 - 0x00007ff89d197000 	C:\Program Files\Android\Android Studio\jre\bin\VCRUNTIME140.dll
0x00007ff8c17a0000 - 0x00007ff8c194c000 	C:\WINDOWS\System32\USER32.dll
0x00007ff8bfdd0000 - 0x00007ff8c0075000 	C:\WINDOWS\WinSxS\amd64_microsoft.windows.common-controls_6595b64144ccf1df_6.0.22000.120_none_9d947278b86cc467\COMCTL32.dll
0x00007ff8c0da0000 - 0x00007ff8c0dc6000 	C:\WINDOWS\System32\win32u.dll
0x00007ff8c2770000 - 0x00007ff8c2813000 	C:\WINDOWS\System32\msvcrt.dll
0x00007ff8c2820000 - 0x00007ff8c2849000 	C:\WINDOWS\System32\GDI32.dll
0x00007ff8c14c0000 - 0x00007ff8c15d2000 	C:\WINDOWS\System32\gdi32full.dll
0x00007ff8c1300000 - 0x00007ff8c139d000 	C:\WINDOWS\System32\msvcp_win.dll
0x00007ff8c1d50000 - 0x00007ff8c1d81000 	C:\WINDOWS\System32\IMM32.DLL
0x00007ff892da0000 - 0x00007ff892e3d000 	C:\Program Files\Android\Android Studio\jre\bin\msvcp140.dll
0x00007ff885be0000 - 0x00007ff8866b5000 	C:\Program Files\Android\Android Studio\jre\bin\server\jvm.dll
0x00007ff8c1e40000 - 0x00007ff8c1eee000 	C:\WINDOWS\System32\ADVAPI32.dll
0x00007ff8c2260000 - 0x00007ff8c22fe000 	C:\WINDOWS\System32\sechost.dll
0x00007ff8c2470000 - 0x00007ff8c2590000 	C:\WINDOWS\System32\RPCRT4.dll
0x00007ff8c2590000 - 0x00007ff8c2598000 	C:\WINDOWS\System32\PSAPI.DLL
0x00007ff8bf5d0000 - 0x00007ff8bf5d9000 	C:\WINDOWS\SYSTEM32\WSOCK32.dll
0x00007ff8b9fb0000 - 0x00007ff8b9fe3000 	C:\WINDOWS\SYSTEM32\WINMM.dll
0x00007ff8c2700000 - 0x00007ff8c276f000 	C:\WINDOWS\System32\WS2_32.dll
0x00007ff8bdb70000 - 0x00007ff8bdb7a000 	C:\WINDOWS\SYSTEM32\VERSION.dll
0x00007ff8bef50000 - 0x00007ff8bef68000 	C:\WINDOWS\SYSTEM32\kernel.appcore.dll
0x00007ff8bccd0000 - 0x00007ff8bcce1000 	C:\Program Files\Android\Android Studio\jre\bin\verify.dll
0x00007ff8c0550000 - 0x00007ff8c0771000 	C:\WINDOWS\SYSTEM32\DBGHELP.DLL
0x00007ff8c0220000 - 0x00007ff8c0251000 	C:\WINDOWS\SYSTEM32\dbgcore.DLL
0x00007ff8c1280000 - 0x00007ff8c12ff000 	C:\WINDOWS\System32\bcryptPrimitives.dll
0x00007ff8b0780000 - 0x00007ff8b07a9000 	C:\Program Files\Android\Android Studio\jre\bin\java.dll
0x00007ff8bf560000 - 0x00007ff8bf56b000 	C:\Program Files\Android\Android Studio\jre\bin\jimage.dll
0x00007ff8ba990000 - 0x00007ff8ba9a8000 	C:\Program Files\Android\Android Studio\jre\bin\zip.dll
0x00007ff8c2d20000 - 0x00007ff8c34cf000 	C:\WINDOWS\System32\SHELL32.dll
0x00007ff8bdfc0000 - 0x00007ff8be828000 	C:\WINDOWS\SYSTEM32\windows.storage.dll
0x00007ff8c1950000 - 0x00007ff8c1cc8000 	C:\WINDOWS\System32\combase.dll
0x00007ff8bde50000 - 0x00007ff8bdfb6000 	C:\WINDOWS\SYSTEM32\wintypes.dll
0x00007ff8c25a0000 - 0x00007ff8c268a000 	C:\WINDOWS\System32\SHCORE.dll
0x00007ff8c1cf0000 - 0x00007ff8c1d4d000 	C:\WINDOWS\System32\shlwapi.dll
0x00007ff8c0b60000 - 0x00007ff8c0b81000 	C:\WINDOWS\SYSTEM32\profapi.dll
0x00007ff8b0390000 - 0x00007ff8b03aa000 	C:\Program Files\Android\Android Studio\jre\bin\net.dll
0x00007ff8b99d0000 - 0x00007ff8b9adc000 	C:\WINDOWS\SYSTEM32\WINHTTP.dll
0x00007ff8bfbf0000 - 0x00007ff8bfc57000 	C:\WINDOWS\system32\mswsock.dll
0x00007ff8b0370000 - 0x00007ff8b0384000 	C:\Program Files\Android\Android Studio\jre\bin\nio.dll
0x00007ff89ce00000 - 0x00007ff89ce27000 	C:\Users\Dell\.gradle\native\e1d6ef7f7dcc3fd88c89a11ec53ec762bb8ba0a96d01ffa2cd45eb1d1d8dd5c5\windows-amd64\native-platform.dll
0x00007ff891bf0000 - 0x00007ff891d34000 	C:\Users\Dell\.gradle\native\5664cfc778a61ccfe75a443a1ab52a65af34e5dc3c78e0209fed803814484fcb\windows-amd64\native-platform-file-events.dll
0x00007ff8bf540000 - 0x00007ff8bf54a000 	C:\Program Files\Android\Android Studio\jre\bin\management.dll
0x00007ff8bd3e0000 - 0x00007ff8bd3ed000 	C:\Program Files\Android\Android Studio\jre\bin\management_ext.dll
0x00007ff8c0860000 - 0x00007ff8c0878000 	C:\WINDOWS\SYSTEM32\CRYPTSP.dll
0x00007ff8beeb0000 - 0x00007ff8beee5000 	C:\WINDOWS\system32\rsaenh.dll
0x00007ff8bfd10000 - 0x00007ff8bfd39000 	C:\WINDOWS\SYSTEM32\USERENV.dll
0x00007ff8c0520000 - 0x00007ff8c0547000 	C:\WINDOWS\SYSTEM32\bcrypt.dll
0x00007ff8bfba0000 - 0x00007ff8bfbac000 	C:\WINDOWS\SYSTEM32\CRYPTBASE.dll
0x00007ff8bea80000 - 0x00007ff8beaad000 	C:\WINDOWS\SYSTEM32\IPHLPAPI.DLL
0x00007ff8c2090000 - 0x00007ff8c2099000 	C:\WINDOWS\System32\NSI.dll
0x00007ff8b9940000 - 0x00007ff8b9959000 	C:\WINDOWS\SYSTEM32\dhcpcsvc6.DLL
0x00007ff8ba060000 - 0x00007ff8ba07e000 	C:\WINDOWS\SYSTEM32\dhcpcsvc.DLL
0x00007ff8beaf0000 - 0x00007ff8bebd8000 	C:\WINDOWS\SYSTEM32\DNSAPI.dll

dbghelp: loaded successfully - version: 4.0.5 - missing functions: none
symbol engine: initialized successfully - sym options: 0x614 - pdb path: .;C:\Program Files\Android\Android Studio\jre\bin;C:\WINDOWS\SYSTEM32;C:\WINDOWS\WinSxS\amd64_microsoft.windows.common-controls_6595b64144ccf1df_6.0.22000.120_none_9d947278b86cc467;C:\Program Files\Android\Android Studio\jre\bin\server;C:\Users\Dell\.gradle\native\e1d6ef7f7dcc3fd88c89a11ec53ec762bb8ba0a96d01ffa2cd45eb1d1d8dd5c5\windows-amd64;C:\Users\Dell\.gradle\native\5664cfc778a61ccfe75a443a1ab52a65af34e5dc3c78e0209fed803814484fcb\windows-amd64

VM Arguments:
jvm_args: --add-opens=java.base/java.util=ALL-UNNAMED --add-opens=java.base/java.lang=ALL-UNNAMED --add-opens=java.base/java.lang.invoke=ALL-UNNAMED --add-opens=java.base/java.util=ALL-UNNAMED --add-opens=java.prefs/java.util.prefs=ALL-UNNAMED --add-opens=java.prefs/java.util.prefs=ALL-UNNAMED --add-opens=java.base/java.nio.charset=ALL-UNNAMED --add-opens=java.base/java.net=ALL-UNNAMED --add-opens=java.base/java.util.concurrent.atomic=ALL-UNNAMED -Xmx2048m -Dfile.encoding=UTF-8 -Duser.country=IN -Duser.language=en -Duser.variant 
java_command: org.gradle.launcher.daemon.bootstrap.GradleDaemon 7.2
java_class_path (initial): C:\Users\Dell\.gradle\wrapper\dists\gradle-7.2-bin\2dnblmf4td7x66yl1d74lt32g\gradle-7.2\lib\gradle-launcher-7.2.jar
Launcher Type: SUN_STANDARD

[Global flags]
     intx CICompilerCount                          = 4                                         {product} {ergonomic}
     uint ConcGCThreads                            = 2                                         {product} {ergonomic}
     uint G1ConcRefinementThreads                  = 8                                         {product} {ergonomic}
   size_t G1HeapRegionSize                         = 1048576                                   {product} {ergonomic}
    uintx GCDrainStackTargetSize                   = 64                                        {product} {ergonomic}
   size_t InitialHeapSize                          = 100663296                                 {product} {ergonomic}
   size_t MarkStackSize                            = 4194304                                   {product} {ergonomic}
   size_t MaxHeapSize                              = 2147483648                                {product} {command line}
   size_t MaxNewSize                               = 1287651328                                {product} {ergonomic}
   size_t MinHeapDeltaBytes                        = 1048576                                   {product} {ergonomic}
    uintx NonNMethodCodeHeapSize                   = 5836300                                {pd product} {ergonomic}
    uintx NonProfiledCodeHeapSize                  = 122910970                              {pd product} {ergonomic}
    uintx ProfiledCodeHeapSize                     = 122910970                              {pd product} {ergonomic}
    uintx ReservedCodeCacheSize                    = 251658240                              {pd product} {ergonomic}
     bool SegmentedCodeCache                       = true                                      {product} {ergonomic}
     bool UseCompressedClassPointers               = true                                 {lp64_product} {ergonomic}
     bool UseCompressedOops                        = true                                 {lp64_product} {ergonomic}
     bool UseG1GC                                  = true                                      {product} {ergonomic}
     bool UseLargePagesIndividualAllocation        = false                                  {pd product} {ergonomic}

Logging:
Log output configuration:
 #0: stdout all=warning uptime,level,tags
 #1: stderr all=off uptime,level,tags

Environment Variables:
PATH=C:\Program Files\Common Files\Oracle\Java\javapath;C:\WINDOWS\system32;C:\WINDOWS;C:\WINDOWS\System32\Wbem;C:\WINDOWS\System32\WindowsPowerShell\v1.0\;C:\WINDOWS\System32\OpenSSH\C:\Program Files\Java\jdk-16.0.1\bin;C:\WINDOWS\System32\OpenSSH\;C:\Program Files\Java\jdk-18\bin;C:\Program Files\dotnet\;C:\Users\Dell\AppData\Local\Microsoft\WindowsApps;
USERNAME=Dell
OS=Windows_NT
PROCESSOR_IDENTIFIER=AMD64 Family 23 Model 24 Stepping 1, AuthenticAMD



---------------  S Y S T E M  ---------------

OS: Windows 10 , 64 bit Build 22000 (10.0.22000.675)
OS uptime: 2 days 15:46 hours

CPU:total 8 (initial active 8) (8 cores per cpu, 2 threads per core) family 23 model 24 stepping 1 microcode 0x0, cmov, cx8, fxsr, mmx, sse, sse2, sse3, ssse3, sse4.1, sse4.2, popcnt, avx, avx2, aes, clmul, mmxext, 3dnowpref, lzcnt, sse4a, ht, tsc, tscinvbit, tscinv, bmi1, bmi2, adx, s

Memory: 4k page, system-wide physical 6030M (319M free)
TotalPageFile size 24462M (AvailPageFile size 5M)
current process WorkingSet (physical memory assigned to process): 310M, peak: 310M
current process commit charge ("private bytes"): 363M, peak: 363M

vm_info: OpenJDK 64-Bit Server VM (11.0.11+9-b60-7590822) for windows-amd64 JRE (11.0.11+9-b60-7590822), built on Jul 29 2021 21:43:44 by "builder" with MS VC++ 14.0 (VS2015)

END.
